<?xml version="1.0" encoding="UTF-8"?>
<testsuite name="com.app.server.service.appbasicsetup.aaa.PublicApiTestCase" tests="5" skipped="0" failures="0" errors="0" timestamp="2016-08-19T06:48:34" hostname="94a004f5148e" time="0.365">
  <properties/>
  <testcase name="test1Save" classname="com.app.server.service.appbasicsetup.aaa.PublicApiTestCase" time="0.164"/>
  <testcase name="test2Update" classname="com.app.server.service.appbasicsetup.aaa.PublicApiTestCase" time="0.079"/>
  <testcase name="test3FindById" classname="com.app.server.service.appbasicsetup.aaa.PublicApiTestCase" time="0.021"/>
  <testcase name="test5NegativeTesting" classname="com.app.server.service.appbasicsetup.aaa.PublicApiTestCase" time="0.013"/>
  <testcase name="test6Delete" classname="com.app.server.service.appbasicsetup.aaa.PublicApiTestCase" time="0.088"/>
  <system-out><![CDATA[Fri Aug 19 06:48:34 UTC 2016|Log Manager Factory|Initialization Process started.....
Fri Aug 19 06:48:34 UTC 2016|Log Manager|Initialized with Path = [/home/applifire/workspace/eproject/src/main/webapp/WEB-INF/conf]
Fri Aug 19 06:48:34 UTC 2016|Alarm Manager|Initialized with Path = [/home/applifire/workspace/eproject/src/main/webapp/WEB-INF/conf]
Fri Aug 19 06:48:34 UTC 2016|Alarm Manager|Loading Alarms ......
Fri Aug 19 06:48:34 UTC 2016|Alarm XML Parser|FWA|XML Parsing Complete........ 
Fri Aug 19 06:48:34 UTC 2016|Alarm File Manager|FWA|Alarm File Status.. [ApplicationFrameworkAlarms.xml]|Version=15|Status=Done 
Fri Aug 19 06:48:34 UTC 2016|Alarm File Manager|FWA|Alarm Stats = ( BC/AL=5/775 SYS=5/11 [775/0]  TPL=0/0 [0/0]  APP= A.Map=[860]  E.Map EC/RC=[391/79] )
Fri Aug 19 06:48:34 UTC 2016|Alarm XML Parser|APP|XML Parsing Complete........ 
Fri Aug 19 06:48:34 UTC 2016|Alarm File Manager|APP|Alarm File Status.. [ApplicationAlarms.xml]|Version=1|Status=Done 
Fri Aug 19 06:48:34 UTC 2016|Alarm File Manager|APP|Alarm Stats = ( BC/AL=5/775 SYS=5/11 [775/0]  TPL=0/0 [0/0]  APP=0/0 [0/0]  A.Map=[860]  E.Map EC/RC=[391/79] )
Fri Aug 19 06:48:34 UTC 2016|ApplicationAlarmContext| <><><><><> Create App Alarms ....  <><><><><> 
Fri Aug 19 06:48:34 UTC 2016|ApplicationAlarmContext|Alarms are generated ONLY in Development Mode.. 
Fri Aug 19 06:48:34 UTC 2016|Alarm Manager|APP|Alarm Stats = ( BC/AL=5/775 SYS=5/11 [775/0]  TPL=0/0 [0/0]  APP=0/0 [0/0]  A.Map=[860]  E.Map EC/RC=[391/79] )
Fri Aug 19 06:48:34 UTC 2016|Alarm Manager|Initialized Exception Lookup...
Fri Aug 19 06:48:34 UTC 2016|Log Manager|Initialize Log Config File ......
Fri Aug 19 06:48:34 UTC 2016|Pluggable Connectors|Adding Connectors : StandardOutputConnector isEnabled=true isDefault=false isFallBack=true
Fri Aug 19 06:48:34 UTC 2016|Pluggable Connectors|Adding Connectors : StandardFileConnector isEnabled=true isDefault=false isFallBack=false
Fri Aug 19 06:48:34 UTC 2016|Pluggable Connectors|Adding Connectors : Sprinkler isEnabled=true isDefault=true isFallBack=false
Fri Aug 19 06:48:34 UTC 2016|Pluggable Connectors|Default Connector Name : com.spartan.logger.core.LogMessenger
Fri Aug 19 06:48:34 UTC 2016|Log Config Parser|Connector Least Log Level =[4]  FallBack Log Level =[3]
Fri Aug 19 06:48:34 UTC 2016|Log Manager|Loading Default Connector for Logging ......
Fri Aug 19 06:48:34 UTC 2016|Log Manager|Loading class .. com.spartan.logger.core.LogMessenger
Fri Aug 19 06:48:34 UTC 2016|Plugggable Connector|Connector class com.spartan.logger.core.LogMessenger Initialized... @ Log Level = 3
Fri Aug 19 06:48:34 UTC 2016|Log Manager|Starting the Default Connector [com.spartan.logger.core.LogMessenger@3d7234f6] ....
Fri Aug 19 06:48:34 UTC 2016|Scheduler|Starting the Scheduler ......
Fri Aug 19 06:48:34 UTC 2016|Scheduler|Adding [LMID=[4be548d5-1d49-43c5-9d17-239ca5d6e51b]] Delay=5 Time Unit=MINUTES
Fri Aug 19 06:48:34 UTC 2016|Scheduler|Adding [App Alarm Manager File=[ApplicationAlarms.xml]] Delay=30 Time Unit=MINUTES
Fri Aug 19 06:48:34 UTC 2016|Scheduler|Adding [FW Alarm Manager File=[ApplicationFrameworkAlarms.xml]] Delay=3 Time Unit=MINUTES
Fri Aug 19 06:48:34 UTC 2016|Scheduler|Startup Completed..
Fri Aug 19 06:48:34 UTC 2016|Log Manager|Initialization Process Complete ......
Fri Aug 19 06:48:34 UTC 2016|Log Manager Factory|Log Manager READY! ID = 4be548d5-1d49-43c5-9d17-239ca5d6e51b
[EL Finer]: connection: 2016-08-19 06:48:34.616--ServerSession(1995875052)--Thread(Thread[Test worker,5,main])--client acquired: 25908927
[EL Finer]: transaction: 2016-08-19 06:48:34.616--ClientSession(25908927)--Thread(Thread[Test worker,5,main])--acquire unit of work: 1659639395
[EL Finest]: connection: 2016-08-19 06:48:34.616--ServerSession(1995875052)--Connection(2041704529)--Thread(Thread[Test worker,5,main])--Connection acquired from connection pool [default].
[EL Finer]: transaction: 2016-08-19 06:48:34.616--ClientSession(25908927)--Connection(2041704529)--Thread(Thread[Test worker,5,main])--begin transaction
[EL Finest]: connection: 2016-08-19 06:48:34.616--ClientSession(25908927)--Thread(Thread[Test worker,5,main])--reconnecting to external connection pool
[EL Finest]: transaction: 2016-08-19 06:48:34.622--UnitOfWork(1659639395)--Thread(Thread[Test worker,5,main])--persist() operation called on: .
[EL Finest]: sequencing: 2016-08-19 06:48:34.622--UnitOfWork(1659639395)--Thread(Thread[Test worker,5,main])--assign sequence to the object (BEDEE2B3-DAFE-4E8B-BDDE-377AB49346B0 -> )
Fri Aug 19 06:48:34 UTC 2016|Unknown Alarm = ABSAA322100200 Alarm Split = ABS-AA-3-2-2-100-200
[EL Finer]: transaction: 2016-08-19 06:48:34.623--UnitOfWork(1659639395)--Thread(Thread[Test worker,5,main])--begin unit of work commit
[EL Finest]: query: 2016-08-19 06:48:34.626--UnitOfWork(1659639395)--Thread(Thread[Test worker,5,main])--Execute query InsertObjectQuery()
[EL Fine]: sql: 2016-08-19 06:48:34.626--ClientSession(25908927)--Connection(1860823515)--Thread(Thread[Test worker,5,main])--INSERT INTO ast_PublicApi_M (apiId, apiData, schedulerDetails, versionId, createdBy, createdDate, updatedBy, updatedDate, activeStatus, txnAccessCode) VALUES (?, ?, ?, ?, ?, ?, ?, ?, ?, ?)
	bind => [BEDEE2B3-DAFE-4E8B-BDDE-377AB49346B0, qpPBZhqM5rnFsgG3jmi8qd0nrXXDMDx7dz7LhNdbYQHFmlqcad, GWXKlThCaGaicXtMHQVpEvgf26Vqd8nXauZ9j10NAxRXgatrQf, 1, AAAAA, 2016-08-19 06:48:34.573, AAAAA, 2016-08-19 06:48:34.573, 1, 51000]
[EL Finer]: transaction: 2016-08-19 06:48:34.629--ClientSession(25908927)--Connection(1860823515)--Thread(Thread[Test worker,5,main])--commit transaction
[EL Finest]: connection: 2016-08-19 06:48:34.718--ServerSession(1995875052)--Connection(2041704529)--Thread(Thread[Test worker,5,main])--Connection released to connection pool [default].
[EL Finer]: transaction: 2016-08-19 06:48:34.718--UnitOfWork(1659639395)--Thread(Thread[Test worker,5,main])--end unit of work commit
[EL Finer]: transaction: 2016-08-19 06:48:34.718--UnitOfWork(1659639395)--Thread(Thread[Test worker,5,main])--resume unit of work
[EL Finer]: transaction: 2016-08-19 06:48:34.719--UnitOfWork(1659639395)--Thread(Thread[Test worker,5,main])--release unit of work
[EL Finer]: connection: 2016-08-19 06:48:34.719--ClientSession(25908927)--Thread(Thread[Test worker,5,main])--client released
[EL Finer]: connection: 2016-08-19 06:48:34.734--ServerSession(1995875052)--Thread(Thread[Test worker,5,main])--client acquired: 1333033671
[EL Finer]: transaction: 2016-08-19 06:48:34.734--ClientSession(1333033671)--Thread(Thread[Test worker,5,main])--acquire unit of work: 1747502993
[EL Finest]: connection: 2016-08-19 06:48:34.734--ServerSession(1995875052)--Connection(1296446979)--Thread(Thread[Test worker,5,main])--Connection acquired from connection pool [default].
[EL Finer]: transaction: 2016-08-19 06:48:34.734--ClientSession(1333033671)--Connection(1296446979)--Thread(Thread[Test worker,5,main])--begin transaction
[EL Finest]: connection: 2016-08-19 06:48:34.734--ClientSession(1333033671)--Thread(Thread[Test worker,5,main])--reconnecting to external connection pool
[EL Finer]: transaction: 2016-08-19 06:48:34.735--UnitOfWork(1747502993)--Thread(Thread[Test worker,5,main])--begin unit of work flush
[EL Finer]: transaction: 2016-08-19 06:48:34.736--UnitOfWork(1747502993)--Thread(Thread[Test worker,5,main])--end unit of work flush
[EL Finest]: query: 2016-08-19 06:48:34.736--UnitOfWork(1747502993)--Thread(Thread[Test worker,5,main])--Execute query ReadAllQuery(name="PublicApi.findById" referenceClass=PublicApi sql="SELECT apiId, apiData, schedulerDetails, versionId, createdBy, createdDate, updatedBy, updatedDate, activeStatus, txnAccessCode FROM ast_PublicApi_M WHERE ((activeStatus = ?) AND (apiId = ?))")
[EL Fine]: sql: 2016-08-19 06:48:34.736--ClientSession(1333033671)--Connection(881841993)--Thread(Thread[Test worker,5,main])--SELECT apiId, apiData, schedulerDetails, versionId, createdBy, createdDate, updatedBy, updatedDate, activeStatus, txnAccessCode FROM ast_PublicApi_M WHERE ((activeStatus = ?) AND (apiId = ?))
	bind => [1, BEDEE2B3-DAFE-4E8B-BDDE-377AB49346B0]
Fri Aug 19 06:48:34 UTC 2016|Unknown Alarm = ABSAA324100200 Alarm Split = ABS-AA-3-2-4-100-200
[EL Finer]: transaction: 2016-08-19 06:48:34.738--UnitOfWork(1747502993)--Thread(Thread[Test worker,5,main])--begin unit of work commit
[EL Finer]: transaction: 2016-08-19 06:48:34.738--ClientSession(1333033671)--Connection(881841993)--Thread(Thread[Test worker,5,main])--commit transaction
[EL Finest]: connection: 2016-08-19 06:48:34.738--ServerSession(1995875052)--Connection(1296446979)--Thread(Thread[Test worker,5,main])--Connection released to connection pool [default].
[EL Finer]: transaction: 2016-08-19 06:48:34.738--UnitOfWork(1747502993)--Thread(Thread[Test worker,5,main])--end unit of work commit
[EL Finer]: transaction: 2016-08-19 06:48:34.739--UnitOfWork(1747502993)--Thread(Thread[Test worker,5,main])--resume unit of work
[EL Finer]: transaction: 2016-08-19 06:48:34.739--UnitOfWork(1747502993)--Thread(Thread[Test worker,5,main])--release unit of work
[EL Finer]: connection: 2016-08-19 06:48:34.739--ClientSession(1333033671)--Thread(Thread[Test worker,5,main])--client released
[EL Finer]: connection: 2016-08-19 06:48:34.739--ServerSession(1995875052)--Thread(Thread[Test worker,5,main])--client acquired: 428210475
[EL Finer]: transaction: 2016-08-19 06:48:34.739--ClientSession(428210475)--Thread(Thread[Test worker,5,main])--acquire unit of work: 715752228
[EL Finest]: connection: 2016-08-19 06:48:34.739--ServerSession(1995875052)--Connection(1591789149)--Thread(Thread[Test worker,5,main])--Connection acquired from connection pool [default].
[EL Finer]: transaction: 2016-08-19 06:48:34.74--ClientSession(428210475)--Connection(1591789149)--Thread(Thread[Test worker,5,main])--begin transaction
[EL Finest]: connection: 2016-08-19 06:48:34.74--ClientSession(428210475)--Thread(Thread[Test worker,5,main])--reconnecting to external connection pool
[EL Finest]: transaction: 2016-08-19 06:48:34.742--UnitOfWork(715752228)--Thread(Thread[Test worker,5,main])--Merge clone with references 
[EL Finest]: query: 2016-08-19 06:48:34.742--UnitOfWork(715752228)--Thread(Thread[Test worker,5,main])--Execute query ReadObjectQuery(referenceClass=PublicApi )
[EL Fine]: sql: 2016-08-19 06:48:34.742--ClientSession(428210475)--Connection(871868818)--Thread(Thread[Test worker,5,main])--SELECT apiId, apiData, schedulerDetails, versionId, createdBy, createdDate, updatedBy, updatedDate, activeStatus, txnAccessCode FROM ast_PublicApi_M WHERE (apiId = ?)
	bind => [BEDEE2B3-DAFE-4E8B-BDDE-377AB49346B0]
Fri Aug 19 06:48:34 UTC 2016|Unknown Alarm = ABSAA321100200 Alarm Split = ABS-AA-3-2-1-100-200
[EL Finer]: transaction: 2016-08-19 06:48:34.745--UnitOfWork(715752228)--Thread(Thread[Test worker,5,main])--begin unit of work commit
[EL Finest]: query: 2016-08-19 06:48:34.745--UnitOfWork(715752228)--Thread(Thread[Test worker,5,main])--Execute query UpdateObjectQuery()
[EL Fine]: sql: 2016-08-19 06:48:34.745--ClientSession(428210475)--Connection(871868818)--Thread(Thread[Test worker,5,main])--UPDATE ast_PublicApi_M SET apiData = ?, schedulerDetails = ?, versionId = ? WHERE ((apiId = ?) AND (versionId = ?))
	bind => [7H57tlP6VyLFJp0Pb5Pmjgg1xXC9wntBXxx7EMZY9VA40TGjUF, R2jjQaGF0Hap8ROFKUMQdrIyZudthakRmQxYZOcrgsAeFzP1zY, 2, BEDEE2B3-DAFE-4E8B-BDDE-377AB49346B0, 1]
[EL Finer]: transaction: 2016-08-19 06:48:34.747--ClientSession(428210475)--Connection(871868818)--Thread(Thread[Test worker,5,main])--commit transaction
[EL Finest]: connection: 2016-08-19 06:48:34.797--ServerSession(1995875052)--Connection(1591789149)--Thread(Thread[Test worker,5,main])--Connection released to connection pool [default].
[EL Finer]: transaction: 2016-08-19 06:48:34.797--UnitOfWork(715752228)--Thread(Thread[Test worker,5,main])--end unit of work commit
[EL Finer]: transaction: 2016-08-19 06:48:34.797--UnitOfWork(715752228)--Thread(Thread[Test worker,5,main])--resume unit of work
[EL Finer]: transaction: 2016-08-19 06:48:34.797--UnitOfWork(715752228)--Thread(Thread[Test worker,5,main])--release unit of work
[EL Finer]: connection: 2016-08-19 06:48:34.797--ClientSession(428210475)--Thread(Thread[Test worker,5,main])--client released
[EL Finer]: connection: 2016-08-19 06:48:34.813--ServerSession(1995875052)--Thread(Thread[Test worker,5,main])--client acquired: 176321913
[EL Finer]: transaction: 2016-08-19 06:48:34.813--ClientSession(176321913)--Thread(Thread[Test worker,5,main])--acquire unit of work: 2062442578
[EL Finest]: connection: 2016-08-19 06:48:34.814--ServerSession(1995875052)--Connection(938862219)--Thread(Thread[Test worker,5,main])--Connection acquired from connection pool [default].
[EL Finer]: transaction: 2016-08-19 06:48:34.814--ClientSession(176321913)--Connection(938862219)--Thread(Thread[Test worker,5,main])--begin transaction
[EL Finest]: connection: 2016-08-19 06:48:34.814--ClientSession(176321913)--Thread(Thread[Test worker,5,main])--reconnecting to external connection pool
[EL Finer]: transaction: 2016-08-19 06:48:34.815--UnitOfWork(2062442578)--Thread(Thread[Test worker,5,main])--begin unit of work flush
[EL Finer]: transaction: 2016-08-19 06:48:34.815--UnitOfWork(2062442578)--Thread(Thread[Test worker,5,main])--end unit of work flush
[EL Finest]: query: 2016-08-19 06:48:34.815--UnitOfWork(2062442578)--Thread(Thread[Test worker,5,main])--Execute query ReadAllQuery(name="PublicApi.findById" referenceClass=PublicApi sql="SELECT apiId, apiData, schedulerDetails, versionId, createdBy, createdDate, updatedBy, updatedDate, activeStatus, txnAccessCode FROM ast_PublicApi_M WHERE ((activeStatus = ?) AND (apiId = ?))")
[EL Fine]: sql: 2016-08-19 06:48:34.815--ClientSession(176321913)--Connection(1413999758)--Thread(Thread[Test worker,5,main])--SELECT apiId, apiData, schedulerDetails, versionId, createdBy, createdDate, updatedBy, updatedDate, activeStatus, txnAccessCode FROM ast_PublicApi_M WHERE ((activeStatus = ?) AND (apiId = ?))
	bind => [1, BEDEE2B3-DAFE-4E8B-BDDE-377AB49346B0]
Fri Aug 19 06:48:34 UTC 2016|Unknown Alarm = ABSAA324100200 Alarm Split = ABS-AA-3-2-4-100-200
[EL Finer]: transaction: 2016-08-19 06:48:34.818--UnitOfWork(2062442578)--Thread(Thread[Test worker,5,main])--begin unit of work commit
[EL Finer]: transaction: 2016-08-19 06:48:34.818--ClientSession(176321913)--Connection(1413999758)--Thread(Thread[Test worker,5,main])--commit transaction
[EL Finest]: connection: 2016-08-19 06:48:34.818--ServerSession(1995875052)--Connection(938862219)--Thread(Thread[Test worker,5,main])--Connection released to connection pool [default].
[EL Finer]: transaction: 2016-08-19 06:48:34.818--UnitOfWork(2062442578)--Thread(Thread[Test worker,5,main])--end unit of work commit
[EL Finer]: transaction: 2016-08-19 06:48:34.819--UnitOfWork(2062442578)--Thread(Thread[Test worker,5,main])--resume unit of work
[EL Finer]: transaction: 2016-08-19 06:48:34.819--UnitOfWork(2062442578)--Thread(Thread[Test worker,5,main])--release unit of work
[EL Finer]: connection: 2016-08-19 06:48:34.819--ClientSession(176321913)--Thread(Thread[Test worker,5,main])--client released
[EL Finer]: connection: 2016-08-19 06:48:34.855--ServerSession(1995875052)--Thread(Thread[Test worker,5,main])--client acquired: 1424482687
[EL Finer]: transaction: 2016-08-19 06:48:34.855--ClientSession(1424482687)--Thread(Thread[Test worker,5,main])--acquire unit of work: 1132823653
[EL Finest]: connection: 2016-08-19 06:48:34.855--ServerSession(1995875052)--Connection(1924605316)--Thread(Thread[Test worker,5,main])--Connection acquired from connection pool [default].
[EL Finer]: transaction: 2016-08-19 06:48:34.855--ClientSession(1424482687)--Connection(1924605316)--Thread(Thread[Test worker,5,main])--begin transaction
[EL Finest]: connection: 2016-08-19 06:48:34.856--ClientSession(1424482687)--Thread(Thread[Test worker,5,main])--reconnecting to external connection pool
[EL Finest]: query: 2016-08-19 06:48:34.857--UnitOfWork(1132823653)--Thread(Thread[Test worker,5,main])--Execute query ReadObjectQuery(name="readPublicApi" referenceClass=PublicApi sql="SELECT apiId, apiData, schedulerDetails, versionId, createdBy, createdDate, updatedBy, updatedDate, activeStatus, txnAccessCode FROM ast_PublicApi_M WHERE (apiId = ?)")
[EL Fine]: sql: 2016-08-19 06:48:34.857--ClientSession(1424482687)--Connection(676928762)--Thread(Thread[Test worker,5,main])--SELECT apiId, apiData, schedulerDetails, versionId, createdBy, createdDate, updatedBy, updatedDate, activeStatus, txnAccessCode FROM ast_PublicApi_M WHERE (apiId = ?)
	bind => [BEDEE2B3-DAFE-4E8B-BDDE-377AB49346B0]
[EL Finest]: transaction: 2016-08-19 06:48:34.858--UnitOfWork(1132823653)--Thread(Thread[Test worker,5,main])--remove() operation called on: 
Fri Aug 19 06:48:34 UTC 2016|Unknown Alarm = ABSAA328100200 Alarm Split = ABS-AA-3-2-8-100-200
[EL Finer]: transaction: 2016-08-19 06:48:34.859--UnitOfWork(1132823653)--Thread(Thread[Test worker,5,main])--begin unit of work commit
[EL Finest]: query: 2016-08-19 06:48:34.859--UnitOfWork(1132823653)--Thread(Thread[Test worker,5,main])--Execute query DoesExistQuery(referenceClass=PublicApi )
[EL Finest]: query: 2016-08-19 06:48:34.86--UnitOfWork(1132823653)--Thread(Thread[Test worker,5,main])--Execute query DeleteObjectQuery()
[EL Fine]: sql: 2016-08-19 06:48:34.86--ClientSession(1424482687)--Connection(676928762)--Thread(Thread[Test worker,5,main])--DELETE FROM ast_PublicApi_M WHERE ((apiId = ?) AND (versionId = ?))
	bind => [BEDEE2B3-DAFE-4E8B-BDDE-377AB49346B0, 2]
[EL Finer]: transaction: 2016-08-19 06:48:34.861--ClientSession(1424482687)--Connection(676928762)--Thread(Thread[Test worker,5,main])--commit transaction
[EL Finest]: connection: 2016-08-19 06:48:34.919--ServerSession(1995875052)--Connection(1924605316)--Thread(Thread[Test worker,5,main])--Connection released to connection pool [default].
[EL Finer]: transaction: 2016-08-19 06:48:34.919--UnitOfWork(1132823653)--Thread(Thread[Test worker,5,main])--end unit of work commit
[EL Finer]: transaction: 2016-08-19 06:48:34.919--UnitOfWork(1132823653)--Thread(Thread[Test worker,5,main])--resume unit of work
[EL Finer]: transaction: 2016-08-19 06:48:34.919--UnitOfWork(1132823653)--Thread(Thread[Test worker,5,main])--release unit of work
[EL Finer]: connection: 2016-08-19 06:48:34.919--ClientSession(1424482687)--Thread(Thread[Test worker,5,main])--client released
]]></system-out>
  <system-err><![CDATA[PublicApi.apiData may not be null
java.lang.SecurityException: PublicApi.apiData may not be null
	at com.athena.server.pluggable.utils.helper.EntityValidatorHelper.validateEntity(EntityValidatorHelper.java:37)
	at com.app.shared.appbasicsetup.aaa.PublicApi.isValid(PublicApi.java:159)
	at com.app.server.service.appbasicsetup.aaa.PublicApiTestCase.validatePublicApi(PublicApiTestCase.java:206)
	at com.app.server.service.appbasicsetup.aaa.PublicApiTestCase.test5NegativeTesting(PublicApiTestCase.java:238)
	at sun.reflect.NativeMethodAccessorImpl.invoke0(Native Method)
	at sun.reflect.NativeMethodAccessorImpl.invoke(NativeMethodAccessorImpl.java:57)
	at sun.reflect.DelegatingMethodAccessorImpl.invoke(DelegatingMethodAccessorImpl.java:43)
	at java.lang.reflect.Method.invoke(Method.java:606)
	at org.junit.runners.model.FrameworkMethod$1.runReflectiveCall(FrameworkMethod.java:47)
	at org.junit.internal.runners.model.ReflectiveCallable.run(ReflectiveCallable.java:12)
	at org.junit.runners.model.FrameworkMethod.invokeExplosively(FrameworkMethod.java:44)
	at org.junit.internal.runners.statements.InvokeMethod.evaluate(InvokeMethod.java:17)
	at org.junit.internal.runners.statements.RunBefores.evaluate(RunBefores.java:26)
	at org.springframework.test.context.junit4.statements.RunBeforeTestMethodCallbacks.evaluate(RunBeforeTestMethodCallbacks.java:74)
	at org.junit.internal.runners.statements.RunAfters.evaluate(RunAfters.java:27)
	at org.springframework.test.context.junit4.statements.RunAfterTestMethodCallbacks.evaluate(RunAfterTestMethodCallbacks.java:83)
	at org.springframework.test.context.junit4.statements.SpringRepeat.evaluate(SpringRepeat.java:72)
	at org.springframework.test.context.junit4.SpringJUnit4ClassRunner.runChild(SpringJUnit4ClassRunner.java:233)
	at org.springframework.test.context.junit4.SpringJUnit4ClassRunner.runChild(SpringJUnit4ClassRunner.java:87)
	at org.junit.runners.ParentRunner$3.run(ParentRunner.java:238)
	at org.junit.runners.ParentRunner$1.schedule(ParentRunner.java:63)
	at org.junit.runners.ParentRunner.runChildren(ParentRunner.java:236)
	at org.junit.runners.ParentRunner.access$000(ParentRunner.java:53)
	at org.junit.runners.ParentRunner$2.evaluate(ParentRunner.java:229)
	at org.junit.internal.runners.statements.RunBefores.evaluate(RunBefores.java:26)
	at org.springframework.test.context.junit4.statements.RunBeforeTestClassCallbacks.evaluate(RunBeforeTestClassCallbacks.java:61)
	at org.springframework.test.context.junit4.statements.RunAfterTestClassCallbacks.evaluate(RunAfterTestClassCallbacks.java:71)
	at org.junit.runners.ParentRunner.run(ParentRunner.java:309)
	at org.springframework.test.context.junit4.SpringJUnit4ClassRunner.run(SpringJUnit4ClassRunner.java:176)
	at org.gradle.api.internal.tasks.testing.junit.JUnitTestClassExecuter.runTestClass(JUnitTestClassExecuter.java:86)
	at org.gradle.api.internal.tasks.testing.junit.JUnitTestClassExecuter.execute(JUnitTestClassExecuter.java:49)
	at org.gradle.api.internal.tasks.testing.junit.JUnitTestClassProcessor.processTestClass(JUnitTestClassProcessor.java:64)
	at org.gradle.api.internal.tasks.testing.SuiteTestClassProcessor.processTestClass(SuiteTestClassProcessor.java:50)
	at sun.reflect.NativeMethodAccessorImpl.invoke0(Native Method)
	at sun.reflect.NativeMethodAccessorImpl.invoke(NativeMethodAccessorImpl.java:57)
	at sun.reflect.DelegatingMethodAccessorImpl.invoke(DelegatingMethodAccessorImpl.java:43)
	at java.lang.reflect.Method.invoke(Method.java:606)
	at org.gradle.messaging.dispatch.ReflectionDispatch.dispatch(ReflectionDispatch.java:35)
	at org.gradle.messaging.dispatch.ReflectionDispatch.dispatch(ReflectionDispatch.java:24)
	at org.gradle.messaging.dispatch.ContextClassLoaderDispatch.dispatch(ContextClassLoaderDispatch.java:32)
	at org.gradle.messaging.dispatch.ProxyDispatchAdapter$DispatchingInvocationHandler.invoke(ProxyDispatchAdapter.java:93)
	at com.sun.proxy.$Proxy2.processTestClass(Unknown Source)
	at org.gradle.api.internal.tasks.testing.worker.TestWorker.processTestClass(TestWorker.java:106)
	at sun.reflect.NativeMethodAccessorImpl.invoke0(Native Method)
	at sun.reflect.NativeMethodAccessorImpl.invoke(NativeMethodAccessorImpl.java:57)
	at sun.reflect.DelegatingMethodAccessorImpl.invoke(DelegatingMethodAccessorImpl.java:43)
	at java.lang.reflect.Method.invoke(Method.java:606)
	at org.gradle.messaging.dispatch.ReflectionDispatch.dispatch(ReflectionDispatch.java:35)
	at org.gradle.messaging.dispatch.ReflectionDispatch.dispatch(ReflectionDispatch.java:24)
	at org.gradle.messaging.remote.internal.hub.MessageHub$Handler.run(MessageHub.java:360)
	at org.gradle.internal.concurrent.DefaultExecutorFactory$StoppableExecutorImpl$1.run(DefaultExecutorFactory.java:64)
	at java.util.concurrent.ThreadPoolExecutor.runWorker(ThreadPoolExecutor.java:1145)
	at java.util.concurrent.ThreadPoolExecutor$Worker.run(ThreadPoolExecutor.java:615)
	at java.lang.Thread.run(Thread.java:745)
PublicApi.apiData size must be between 1 and 256
java.lang.SecurityException: PublicApi.apiData size must be between 1 and 256
	at com.athena.server.pluggable.utils.helper.EntityValidatorHelper.validateEntity(EntityValidatorHelper.java:37)
	at com.app.shared.appbasicsetup.aaa.PublicApi.isValid(PublicApi.java:159)
	at com.app.server.service.appbasicsetup.aaa.PublicApiTestCase.validatePublicApi(PublicApiTestCase.java:204)
	at com.app.server.service.appbasicsetup.aaa.PublicApiTestCase.test5NegativeTesting(PublicApiTestCase.java:243)
	at sun.reflect.NativeMethodAccessorImpl.invoke0(Native Method)
	at sun.reflect.NativeMethodAccessorImpl.invoke(NativeMethodAccessorImpl.java:57)
	at sun.reflect.DelegatingMethodAccessorImpl.invoke(DelegatingMethodAccessorImpl.java:43)
	at java.lang.reflect.Method.invoke(Method.java:606)
	at org.junit.runners.model.FrameworkMethod$1.runReflectiveCall(FrameworkMethod.java:47)
	at org.junit.internal.runners.model.ReflectiveCallable.run(ReflectiveCallable.java:12)
	at org.junit.runners.model.FrameworkMethod.invokeExplosively(FrameworkMethod.java:44)
	at org.junit.internal.runners.statements.InvokeMethod.evaluate(InvokeMethod.java:17)
	at org.junit.internal.runners.statements.RunBefores.evaluate(RunBefores.java:26)
	at org.springframework.test.context.junit4.statements.RunBeforeTestMethodCallbacks.evaluate(RunBeforeTestMethodCallbacks.java:74)
	at org.junit.internal.runners.statements.RunAfters.evaluate(RunAfters.java:27)
	at org.springframework.test.context.junit4.statements.RunAfterTestMethodCallbacks.evaluate(RunAfterTestMethodCallbacks.java:83)
	at org.springframework.test.context.junit4.statements.SpringRepeat.evaluate(SpringRepeat.java:72)
	at org.springframework.test.context.junit4.SpringJUnit4ClassRunner.runChild(SpringJUnit4ClassRunner.java:233)
	at org.springframework.test.context.junit4.SpringJUnit4ClassRunner.runChild(SpringJUnit4ClassRunner.java:87)
	at org.junit.runners.ParentRunner$3.run(ParentRunner.java:238)
	at org.junit.runners.ParentRunner$1.schedule(ParentRunner.java:63)
	at org.junit.runners.ParentRunner.runChildren(ParentRunner.java:236)
	at org.junit.runners.ParentRunner.access$000(ParentRunner.java:53)
	at org.junit.runners.ParentRunner$2.evaluate(ParentRunner.java:229)
	at org.junit.internal.runners.statements.RunBefores.evaluate(RunBefores.java:26)
	at org.springframework.test.context.junit4.statements.RunBeforeTestClassCallbacks.evaluate(RunBeforeTestClassCallbacks.java:61)
	at org.springframework.test.context.junit4.statements.RunAfterTestClassCallbacks.evaluate(RunAfterTestClassCallbacks.java:71)
	at org.junit.runners.ParentRunner.run(ParentRunner.java:309)
	at org.springframework.test.context.junit4.SpringJUnit4ClassRunner.run(SpringJUnit4ClassRunner.java:176)
	at org.gradle.api.internal.tasks.testing.junit.JUnitTestClassExecuter.runTestClass(JUnitTestClassExecuter.java:86)
	at org.gradle.api.internal.tasks.testing.junit.JUnitTestClassExecuter.execute(JUnitTestClassExecuter.java:49)
	at org.gradle.api.internal.tasks.testing.junit.JUnitTestClassProcessor.processTestClass(JUnitTestClassProcessor.java:64)
	at org.gradle.api.internal.tasks.testing.SuiteTestClassProcessor.processTestClass(SuiteTestClassProcessor.java:50)
	at sun.reflect.NativeMethodAccessorImpl.invoke0(Native Method)
	at sun.reflect.NativeMethodAccessorImpl.invoke(NativeMethodAccessorImpl.java:57)
	at sun.reflect.DelegatingMethodAccessorImpl.invoke(DelegatingMethodAccessorImpl.java:43)
	at java.lang.reflect.Method.invoke(Method.java:606)
	at org.gradle.messaging.dispatch.ReflectionDispatch.dispatch(ReflectionDispatch.java:35)
	at org.gradle.messaging.dispatch.ReflectionDispatch.dispatch(ReflectionDispatch.java:24)
	at org.gradle.messaging.dispatch.ContextClassLoaderDispatch.dispatch(ContextClassLoaderDispatch.java:32)
	at org.gradle.messaging.dispatch.ProxyDispatchAdapter$DispatchingInvocationHandler.invoke(ProxyDispatchAdapter.java:93)
	at com.sun.proxy.$Proxy2.processTestClass(Unknown Source)
	at org.gradle.api.internal.tasks.testing.worker.TestWorker.processTestClass(TestWorker.java:106)
	at sun.reflect.NativeMethodAccessorImpl.invoke0(Native Method)
	at sun.reflect.NativeMethodAccessorImpl.invoke(NativeMethodAccessorImpl.java:57)
	at sun.reflect.DelegatingMethodAccessorImpl.invoke(DelegatingMethodAccessorImpl.java:43)
	at java.lang.reflect.Method.invoke(Method.java:606)
	at org.gradle.messaging.dispatch.ReflectionDispatch.dispatch(ReflectionDispatch.java:35)
	at org.gradle.messaging.dispatch.ReflectionDispatch.dispatch(ReflectionDispatch.java:24)
	at org.gradle.messaging.remote.internal.hub.MessageHub$Handler.run(MessageHub.java:360)
	at org.gradle.internal.concurrent.DefaultExecutorFactory$StoppableExecutorImpl$1.run(DefaultExecutorFactory.java:64)
	at java.util.concurrent.ThreadPoolExecutor.runWorker(ThreadPoolExecutor.java:1145)
	at java.util.concurrent.ThreadPoolExecutor$Worker.run(ThreadPoolExecutor.java:615)
	at java.lang.Thread.run(Thread.java:745)
PublicApi.schedulerDetails size must be between 1 and 256
java.lang.SecurityException: PublicApi.schedulerDetails size must be between 1 and 256
	at com.athena.server.pluggable.utils.helper.EntityValidatorHelper.validateEntity(EntityValidatorHelper.java:37)
	at com.app.shared.appbasicsetup.aaa.PublicApi.isValid(PublicApi.java:159)
	at com.app.server.service.appbasicsetup.aaa.PublicApiTestCase.validatePublicApi(PublicApiTestCase.java:204)
	at com.app.server.service.appbasicsetup.aaa.PublicApiTestCase.test5NegativeTesting(PublicApiTestCase.java:248)
	at sun.reflect.NativeMethodAccessorImpl.invoke0(Native Method)
	at sun.reflect.NativeMethodAccessorImpl.invoke(NativeMethodAccessorImpl.java:57)
	at sun.reflect.DelegatingMethodAccessorImpl.invoke(DelegatingMethodAccessorImpl.java:43)
	at java.lang.reflect.Method.invoke(Method.java:606)
	at org.junit.runners.model.FrameworkMethod$1.runReflectiveCall(FrameworkMethod.java:47)
	at org.junit.internal.runners.model.ReflectiveCallable.run(ReflectiveCallable.java:12)
	at org.junit.runners.model.FrameworkMethod.invokeExplosively(FrameworkMethod.java:44)
	at org.junit.internal.runners.statements.InvokeMethod.evaluate(InvokeMethod.java:17)
	at org.junit.internal.runners.statements.RunBefores.evaluate(RunBefores.java:26)
	at org.springframework.test.context.junit4.statements.RunBeforeTestMethodCallbacks.evaluate(RunBeforeTestMethodCallbacks.java:74)
	at org.junit.internal.runners.statements.RunAfters.evaluate(RunAfters.java:27)
	at org.springframework.test.context.junit4.statements.RunAfterTestMethodCallbacks.evaluate(RunAfterTestMethodCallbacks.java:83)
	at org.springframework.test.context.junit4.statements.SpringRepeat.evaluate(SpringRepeat.java:72)
	at org.springframework.test.context.junit4.SpringJUnit4ClassRunner.runChild(SpringJUnit4ClassRunner.java:233)
	at org.springframework.test.context.junit4.SpringJUnit4ClassRunner.runChild(SpringJUnit4ClassRunner.java:87)
	at org.junit.runners.ParentRunner$3.run(ParentRunner.java:238)
	at org.junit.runners.ParentRunner$1.schedule(ParentRunner.java:63)
	at org.junit.runners.ParentRunner.runChildren(ParentRunner.java:236)
	at org.junit.runners.ParentRunner.access$000(ParentRunner.java:53)
	at org.junit.runners.ParentRunner$2.evaluate(ParentRunner.java:229)
	at org.junit.internal.runners.statements.RunBefores.evaluate(RunBefores.java:26)
	at org.springframework.test.context.junit4.statements.RunBeforeTestClassCallbacks.evaluate(RunBeforeTestClassCallbacks.java:61)
	at org.springframework.test.context.junit4.statements.RunAfterTestClassCallbacks.evaluate(RunAfterTestClassCallbacks.java:71)
	at org.junit.runners.ParentRunner.run(ParentRunner.java:309)
	at org.springframework.test.context.junit4.SpringJUnit4ClassRunner.run(SpringJUnit4ClassRunner.java:176)
	at org.gradle.api.internal.tasks.testing.junit.JUnitTestClassExecuter.runTestClass(JUnitTestClassExecuter.java:86)
	at org.gradle.api.internal.tasks.testing.junit.JUnitTestClassExecuter.execute(JUnitTestClassExecuter.java:49)
	at org.gradle.api.internal.tasks.testing.junit.JUnitTestClassProcessor.processTestClass(JUnitTestClassProcessor.java:64)
	at org.gradle.api.internal.tasks.testing.SuiteTestClassProcessor.processTestClass(SuiteTestClassProcessor.java:50)
	at sun.reflect.NativeMethodAccessorImpl.invoke0(Native Method)
	at sun.reflect.NativeMethodAccessorImpl.invoke(NativeMethodAccessorImpl.java:57)
	at sun.reflect.DelegatingMethodAccessorImpl.invoke(DelegatingMethodAccessorImpl.java:43)
	at java.lang.reflect.Method.invoke(Method.java:606)
	at org.gradle.messaging.dispatch.ReflectionDispatch.dispatch(ReflectionDispatch.java:35)
	at org.gradle.messaging.dispatch.ReflectionDispatch.dispatch(ReflectionDispatch.java:24)
	at org.gradle.messaging.dispatch.ContextClassLoaderDispatch.dispatch(ContextClassLoaderDispatch.java:32)
	at org.gradle.messaging.dispatch.ProxyDispatchAdapter$DispatchingInvocationHandler.invoke(ProxyDispatchAdapter.java:93)
	at com.sun.proxy.$Proxy2.processTestClass(Unknown Source)
	at org.gradle.api.internal.tasks.testing.worker.TestWorker.processTestClass(TestWorker.java:106)
	at sun.reflect.NativeMethodAccessorImpl.invoke0(Native Method)
	at sun.reflect.NativeMethodAccessorImpl.invoke(NativeMethodAccessorImpl.java:57)
	at sun.reflect.DelegatingMethodAccessorImpl.invoke(DelegatingMethodAccessorImpl.java:43)
	at java.lang.reflect.Method.invoke(Method.java:606)
	at org.gradle.messaging.dispatch.ReflectionDispatch.dispatch(ReflectionDispatch.java:35)
	at org.gradle.messaging.dispatch.ReflectionDispatch.dispatch(ReflectionDispatch.java:24)
	at org.gradle.messaging.remote.internal.hub.MessageHub$Handler.run(MessageHub.java:360)
	at org.gradle.internal.concurrent.DefaultExecutorFactory$StoppableExecutorImpl$1.run(DefaultExecutorFactory.java:64)
	at java.util.concurrent.ThreadPoolExecutor.runWorker(ThreadPoolExecutor.java:1145)
	at java.util.concurrent.ThreadPoolExecutor$Worker.run(ThreadPoolExecutor.java:615)
	at java.lang.Thread.run(Thread.java:745)
]]></system-err>
</testsuite>
