<?xml version="1.0" encoding="UTF-8"?>
<testsuite name="com.app.server.service.organization.contactmanagement.CommunicationGroupTestCase" tests="5" skipped="0" failures="0" errors="0" timestamp="2016-08-19T06:48:36" hostname="94a004f5148e" time="0.33">
  <properties/>
  <testcase name="test1Save" classname="com.app.server.service.organization.contactmanagement.CommunicationGroupTestCase" time="0.096"/>
  <testcase name="test2Update" classname="com.app.server.service.organization.contactmanagement.CommunicationGroupTestCase" time="0.1"/>
  <testcase name="test3FindById" classname="com.app.server.service.organization.contactmanagement.CommunicationGroupTestCase" time="0.022"/>
  <testcase name="test5NegativeTesting" classname="com.app.server.service.organization.contactmanagement.CommunicationGroupTestCase" time="0.011"/>
  <testcase name="test6Delete" classname="com.app.server.service.organization.contactmanagement.CommunicationGroupTestCase" time="0.101"/>
  <system-out><![CDATA[Fri Aug 19 06:48:36 UTC 2016|Log Manager Factory|Initialization Process started.....
Fri Aug 19 06:48:36 UTC 2016|Log Manager|Initialized with Path = [/home/applifire/workspace/eproject/src/main/webapp/WEB-INF/conf]
Fri Aug 19 06:48:36 UTC 2016|Alarm Manager|Initialized with Path = [/home/applifire/workspace/eproject/src/main/webapp/WEB-INF/conf]
Fri Aug 19 06:48:36 UTC 2016|Alarm Manager|Loading Alarms ......
Fri Aug 19 06:48:36 UTC 2016|Alarm XML Parser|FWA|XML Parsing Complete........ 
Fri Aug 19 06:48:36 UTC 2016|Alarm File Manager|FWA|Alarm File Status.. [ApplicationFrameworkAlarms.xml]|Version=15|Status=Done 
Fri Aug 19 06:48:36 UTC 2016|Alarm File Manager|FWA|Alarm Stats = ( BC/AL=5/775 SYS=5/11 [775/0]  TPL=0/0 [0/0]  APP= A.Map=[860]  E.Map EC/RC=[391/79] )
Fri Aug 19 06:48:36 UTC 2016|Alarm XML Parser|APP|XML Parsing Complete........ 
Fri Aug 19 06:48:36 UTC 2016|Alarm File Manager|APP|Alarm File Status.. [ApplicationAlarms.xml]|Version=1|Status=Done 
Fri Aug 19 06:48:36 UTC 2016|Alarm File Manager|APP|Alarm Stats = ( BC/AL=5/775 SYS=5/11 [775/0]  TPL=0/0 [0/0]  APP=0/0 [0/0]  A.Map=[860]  E.Map EC/RC=[391/79] )
Fri Aug 19 06:48:36 UTC 2016|ApplicationAlarmContext| <><><><><> Create App Alarms ....  <><><><><> 
Fri Aug 19 06:48:36 UTC 2016|ApplicationAlarmContext|Alarms are generated ONLY in Development Mode.. 
Fri Aug 19 06:48:36 UTC 2016|Alarm Manager|APP|Alarm Stats = ( BC/AL=5/775 SYS=5/11 [775/0]  TPL=0/0 [0/0]  APP=0/0 [0/0]  A.Map=[860]  E.Map EC/RC=[391/79] )
Fri Aug 19 06:48:36 UTC 2016|Alarm Manager|Initialized Exception Lookup...
Fri Aug 19 06:48:36 UTC 2016|Log Manager|Initialize Log Config File ......
Fri Aug 19 06:48:36 UTC 2016|Pluggable Connectors|Adding Connectors : StandardOutputConnector isEnabled=true isDefault=false isFallBack=true
Fri Aug 19 06:48:36 UTC 2016|Pluggable Connectors|Adding Connectors : StandardFileConnector isEnabled=true isDefault=false isFallBack=false
Fri Aug 19 06:48:36 UTC 2016|Pluggable Connectors|Adding Connectors : Sprinkler isEnabled=true isDefault=true isFallBack=false
Fri Aug 19 06:48:36 UTC 2016|Pluggable Connectors|Default Connector Name : com.spartan.logger.core.LogMessenger
Fri Aug 19 06:48:36 UTC 2016|Log Config Parser|Connector Least Log Level =[4]  FallBack Log Level =[3]
Fri Aug 19 06:48:36 UTC 2016|Log Manager|Loading Default Connector for Logging ......
Fri Aug 19 06:48:36 UTC 2016|Log Manager|Loading class .. com.spartan.logger.core.LogMessenger
Fri Aug 19 06:48:36 UTC 2016|Plugggable Connector|Connector class com.spartan.logger.core.LogMessenger Initialized... @ Log Level = 3
Fri Aug 19 06:48:36 UTC 2016|Log Manager|Starting the Default Connector [com.spartan.logger.core.LogMessenger@49103d33] ....
Fri Aug 19 06:48:36 UTC 2016|Scheduler|Starting the Scheduler ......
Fri Aug 19 06:48:36 UTC 2016|Scheduler|Adding [LMID=[4be548d5-1d49-43c5-9d17-239ca5d6e51b]] Delay=5 Time Unit=MINUTES
Fri Aug 19 06:48:36 UTC 2016|Scheduler|Adding [App Alarm Manager File=[ApplicationAlarms.xml]] Delay=30 Time Unit=MINUTES
Fri Aug 19 06:48:36 UTC 2016|Scheduler|Adding [FW Alarm Manager File=[ApplicationFrameworkAlarms.xml]] Delay=3 Time Unit=MINUTES
Fri Aug 19 06:48:36 UTC 2016|Scheduler|Startup Completed..
Fri Aug 19 06:48:36 UTC 2016|Log Manager|Initialization Process Complete ......
Fri Aug 19 06:48:36 UTC 2016|Log Manager Factory|Log Manager READY! ID = 4be548d5-1d49-43c5-9d17-239ca5d6e51b
[EL Finer]: connection: 2016-08-19 06:48:36.97--ServerSession(1995875052)--Thread(Thread[Test worker,5,main])--client acquired: 1847125997
[EL Finer]: transaction: 2016-08-19 06:48:36.97--ClientSession(1847125997)--Thread(Thread[Test worker,5,main])--acquire unit of work: 623030547
[EL Finest]: connection: 2016-08-19 06:48:36.97--ServerSession(1995875052)--Connection(144140657)--Thread(Thread[Test worker,5,main])--Connection acquired from connection pool [default].
[EL Finer]: transaction: 2016-08-19 06:48:36.97--ClientSession(1847125997)--Connection(144140657)--Thread(Thread[Test worker,5,main])--begin transaction
[EL Finest]: connection: 2016-08-19 06:48:36.97--ClientSession(1847125997)--Thread(Thread[Test worker,5,main])--reconnecting to external connection pool
[EL Finest]: transaction: 2016-08-19 06:48:36.971--UnitOfWork(623030547)--Thread(Thread[Test worker,5,main])--persist() operation called on: Fh839CbkxrOiI8f0cSa2Ov28699ke3MZGCpZUdZyXmSHlv2UBk.
[EL Finest]: sequencing: 2016-08-19 06:48:36.971--UnitOfWork(623030547)--Thread(Thread[Test worker,5,main])--assign sequence to the object (9A85149B-FB15-42C1-9938-DEEF36AE7BDF -> Fh839CbkxrOiI8f0cSa2Ov28699ke3MZGCpZUdZyXmSHlv2UBk)
[EL Finer]: transaction: 2016-08-19 06:48:36.972--UnitOfWork(623030547)--Thread(Thread[Test worker,5,main])--begin unit of work commit
[EL Finest]: query: 2016-08-19 06:48:36.972--UnitOfWork(623030547)--Thread(Thread[Test worker,5,main])--Execute query InsertObjectQuery(Fh839CbkxrOiI8f0cSa2Ov28699ke3MZGCpZUdZyXmSHlv2UBk)
[EL Fine]: sql: 2016-08-19 06:48:36.972--ClientSession(1847125997)--Connection(651800964)--Thread(Thread[Test worker,5,main])--INSERT INTO ast_CommunicationGroup_M (commGroupId, commGroupDescription, commGroupName, versionId, createdBy, createdDate, updatedBy, updatedDate, activeStatus, txnAccessCode) VALUES (?, ?, ?, ?, ?, ?, ?, ?, ?, ?)
	bind => [9A85149B-FB15-42C1-9938-DEEF36AE7BDF, miKgYYbIw04ZwV3IlcMeEqpXxaEOtFEJJnYtzHSE8TzwjSbAwW, Fh839CbkxrOiI8f0cSa2Ov28699ke3MZGCpZUdZyXmSHlv2UBk, 1, AAAAA, 2016-08-19 06:48:36.958, AAAAA, 2016-08-19 06:48:36.958, 1, 51000]
[EL Finer]: transaction: 2016-08-19 06:48:36.974--ClientSession(1847125997)--Connection(651800964)--Thread(Thread[Test worker,5,main])--commit transaction
[EL Finest]: connection: 2016-08-19 06:48:37.031--ServerSession(1995875052)--Connection(144140657)--Thread(Thread[Test worker,5,main])--Connection released to connection pool [default].
[EL Finer]: transaction: 2016-08-19 06:48:37.031--UnitOfWork(623030547)--Thread(Thread[Test worker,5,main])--end unit of work commit
[EL Finer]: transaction: 2016-08-19 06:48:37.031--UnitOfWork(623030547)--Thread(Thread[Test worker,5,main])--resume unit of work
[EL Finer]: transaction: 2016-08-19 06:48:37.032--UnitOfWork(623030547)--Thread(Thread[Test worker,5,main])--release unit of work
[EL Finer]: connection: 2016-08-19 06:48:37.032--ClientSession(1847125997)--Thread(Thread[Test worker,5,main])--client released
[EL Finer]: connection: 2016-08-19 06:48:37.047--ServerSession(1995875052)--Thread(Thread[Test worker,5,main])--client acquired: 408037217
[EL Finer]: transaction: 2016-08-19 06:48:37.047--ClientSession(408037217)--Thread(Thread[Test worker,5,main])--acquire unit of work: 966221248
[EL Finest]: connection: 2016-08-19 06:48:37.047--ServerSession(1995875052)--Connection(9176522)--Thread(Thread[Test worker,5,main])--Connection acquired from connection pool [default].
[EL Finer]: transaction: 2016-08-19 06:48:37.047--ClientSession(408037217)--Connection(9176522)--Thread(Thread[Test worker,5,main])--begin transaction
[EL Finest]: connection: 2016-08-19 06:48:37.047--ClientSession(408037217)--Thread(Thread[Test worker,5,main])--reconnecting to external connection pool
[EL Finer]: transaction: 2016-08-19 06:48:37.049--UnitOfWork(966221248)--Thread(Thread[Test worker,5,main])--begin unit of work flush
[EL Finer]: transaction: 2016-08-19 06:48:37.049--UnitOfWork(966221248)--Thread(Thread[Test worker,5,main])--end unit of work flush
[EL Finest]: query: 2016-08-19 06:48:37.049--UnitOfWork(966221248)--Thread(Thread[Test worker,5,main])--Execute query ReadAllQuery(name="CommunicationGroup.findById" referenceClass=CommunicationGroup sql="SELECT commGroupId, commGroupDescription, commGroupName, versionId, createdBy, createdDate, updatedBy, updatedDate, activeStatus, txnAccessCode FROM ast_CommunicationGroup_M WHERE ((activeStatus = ?) AND (commGroupId = ?))")
[EL Fine]: sql: 2016-08-19 06:48:37.049--ClientSession(408037217)--Connection(1643773685)--Thread(Thread[Test worker,5,main])--SELECT commGroupId, commGroupDescription, commGroupName, versionId, createdBy, createdDate, updatedBy, updatedDate, activeStatus, txnAccessCode FROM ast_CommunicationGroup_M WHERE ((activeStatus = ?) AND (commGroupId = ?))
	bind => [1, 9A85149B-FB15-42C1-9938-DEEF36AE7BDF]
[EL Finer]: transaction: 2016-08-19 06:48:37.051--UnitOfWork(966221248)--Thread(Thread[Test worker,5,main])--begin unit of work commit
[EL Finer]: transaction: 2016-08-19 06:48:37.051--ClientSession(408037217)--Connection(1643773685)--Thread(Thread[Test worker,5,main])--commit transaction
[EL Finest]: connection: 2016-08-19 06:48:37.052--ServerSession(1995875052)--Connection(9176522)--Thread(Thread[Test worker,5,main])--Connection released to connection pool [default].
[EL Finer]: transaction: 2016-08-19 06:48:37.052--UnitOfWork(966221248)--Thread(Thread[Test worker,5,main])--end unit of work commit
[EL Finer]: transaction: 2016-08-19 06:48:37.052--UnitOfWork(966221248)--Thread(Thread[Test worker,5,main])--resume unit of work
[EL Finer]: transaction: 2016-08-19 06:48:37.052--UnitOfWork(966221248)--Thread(Thread[Test worker,5,main])--release unit of work
[EL Finer]: connection: 2016-08-19 06:48:37.052--ClientSession(408037217)--Thread(Thread[Test worker,5,main])--client released
[EL Finer]: connection: 2016-08-19 06:48:37.052--ServerSession(1995875052)--Thread(Thread[Test worker,5,main])--client acquired: 1941273170
[EL Finer]: transaction: 2016-08-19 06:48:37.053--ClientSession(1941273170)--Thread(Thread[Test worker,5,main])--acquire unit of work: 259119319
[EL Finest]: connection: 2016-08-19 06:48:37.053--ServerSession(1995875052)--Connection(2069041964)--Thread(Thread[Test worker,5,main])--Connection acquired from connection pool [default].
[EL Finer]: transaction: 2016-08-19 06:48:37.053--ClientSession(1941273170)--Connection(2069041964)--Thread(Thread[Test worker,5,main])--begin transaction
[EL Finest]: connection: 2016-08-19 06:48:37.053--ClientSession(1941273170)--Thread(Thread[Test worker,5,main])--reconnecting to external connection pool
[EL Finest]: transaction: 2016-08-19 06:48:37.055--UnitOfWork(259119319)--Thread(Thread[Test worker,5,main])--Merge clone with references 56OfXPKoptSahEfDdd4S7H7IWHoUZ806riUV2a6vg5GyGg0AaS
[EL Finest]: query: 2016-08-19 06:48:37.055--UnitOfWork(259119319)--Thread(Thread[Test worker,5,main])--Execute query ReadObjectQuery(referenceClass=CommunicationGroup )
[EL Fine]: sql: 2016-08-19 06:48:37.055--ClientSession(1941273170)--Connection(1967339840)--Thread(Thread[Test worker,5,main])--SELECT commGroupId, commGroupDescription, commGroupName, versionId, createdBy, createdDate, updatedBy, updatedDate, activeStatus, txnAccessCode FROM ast_CommunicationGroup_M WHERE (commGroupId = ?)
	bind => [9A85149B-FB15-42C1-9938-DEEF36AE7BDF]
[EL Finer]: transaction: 2016-08-19 06:48:37.056--UnitOfWork(259119319)--Thread(Thread[Test worker,5,main])--begin unit of work commit
[EL Finest]: query: 2016-08-19 06:48:37.057--UnitOfWork(259119319)--Thread(Thread[Test worker,5,main])--Execute query UpdateObjectQuery(56OfXPKoptSahEfDdd4S7H7IWHoUZ806riUV2a6vg5GyGg0AaS)
[EL Fine]: sql: 2016-08-19 06:48:37.057--ClientSession(1941273170)--Connection(1967339840)--Thread(Thread[Test worker,5,main])--UPDATE ast_CommunicationGroup_M SET commGroupDescription = ?, commGroupName = ?, versionId = ? WHERE ((commGroupId = ?) AND (versionId = ?))
	bind => [VNLApJOIeooUKu8fAvrnBEIlkrmNXFCKmvt42leUVdBdqJvhAK, 56OfXPKoptSahEfDdd4S7H7IWHoUZ806riUV2a6vg5GyGg0AaS, 2, 9A85149B-FB15-42C1-9938-DEEF36AE7BDF, 1]
[EL Finer]: transaction: 2016-08-19 06:48:37.058--ClientSession(1941273170)--Connection(1967339840)--Thread(Thread[Test worker,5,main])--commit transaction
[EL Finest]: connection: 2016-08-19 06:48:37.131--ServerSession(1995875052)--Connection(2069041964)--Thread(Thread[Test worker,5,main])--Connection released to connection pool [default].
[EL Finer]: transaction: 2016-08-19 06:48:37.131--UnitOfWork(259119319)--Thread(Thread[Test worker,5,main])--end unit of work commit
[EL Finer]: transaction: 2016-08-19 06:48:37.131--UnitOfWork(259119319)--Thread(Thread[Test worker,5,main])--resume unit of work
[EL Finer]: transaction: 2016-08-19 06:48:37.132--UnitOfWork(259119319)--Thread(Thread[Test worker,5,main])--release unit of work
[EL Finer]: connection: 2016-08-19 06:48:37.132--ClientSession(1941273170)--Thread(Thread[Test worker,5,main])--client released
[EL Finer]: connection: 2016-08-19 06:48:37.148--ServerSession(1995875052)--Thread(Thread[Test worker,5,main])--client acquired: 1857590868
[EL Finer]: transaction: 2016-08-19 06:48:37.148--ClientSession(1857590868)--Thread(Thread[Test worker,5,main])--acquire unit of work: 412458390
[EL Finest]: connection: 2016-08-19 06:48:37.148--ServerSession(1995875052)--Connection(110948214)--Thread(Thread[Test worker,5,main])--Connection acquired from connection pool [default].
[EL Finer]: transaction: 2016-08-19 06:48:37.148--ClientSession(1857590868)--Connection(110948214)--Thread(Thread[Test worker,5,main])--begin transaction
[EL Finest]: connection: 2016-08-19 06:48:37.148--ClientSession(1857590868)--Thread(Thread[Test worker,5,main])--reconnecting to external connection pool
[EL Finer]: transaction: 2016-08-19 06:48:37.149--UnitOfWork(412458390)--Thread(Thread[Test worker,5,main])--begin unit of work flush
[EL Finer]: transaction: 2016-08-19 06:48:37.149--UnitOfWork(412458390)--Thread(Thread[Test worker,5,main])--end unit of work flush
[EL Finest]: query: 2016-08-19 06:48:37.149--UnitOfWork(412458390)--Thread(Thread[Test worker,5,main])--Execute query ReadAllQuery(name="CommunicationGroup.findById" referenceClass=CommunicationGroup sql="SELECT commGroupId, commGroupDescription, commGroupName, versionId, createdBy, createdDate, updatedBy, updatedDate, activeStatus, txnAccessCode FROM ast_CommunicationGroup_M WHERE ((activeStatus = ?) AND (commGroupId = ?))")
[EL Fine]: sql: 2016-08-19 06:48:37.15--ClientSession(1857590868)--Connection(1434507632)--Thread(Thread[Test worker,5,main])--SELECT commGroupId, commGroupDescription, commGroupName, versionId, createdBy, createdDate, updatedBy, updatedDate, activeStatus, txnAccessCode FROM ast_CommunicationGroup_M WHERE ((activeStatus = ?) AND (commGroupId = ?))
	bind => [1, 9A85149B-FB15-42C1-9938-DEEF36AE7BDF]
[EL Finer]: transaction: 2016-08-19 06:48:37.151--UnitOfWork(412458390)--Thread(Thread[Test worker,5,main])--begin unit of work commit
[EL Finer]: transaction: 2016-08-19 06:48:37.151--ClientSession(1857590868)--Connection(1434507632)--Thread(Thread[Test worker,5,main])--commit transaction
[EL Finest]: connection: 2016-08-19 06:48:37.153--ServerSession(1995875052)--Connection(110948214)--Thread(Thread[Test worker,5,main])--Connection released to connection pool [default].
[EL Finer]: transaction: 2016-08-19 06:48:37.153--UnitOfWork(412458390)--Thread(Thread[Test worker,5,main])--end unit of work commit
[EL Finer]: transaction: 2016-08-19 06:48:37.153--UnitOfWork(412458390)--Thread(Thread[Test worker,5,main])--resume unit of work
[EL Finer]: transaction: 2016-08-19 06:48:37.154--UnitOfWork(412458390)--Thread(Thread[Test worker,5,main])--release unit of work
[EL Finer]: connection: 2016-08-19 06:48:37.154--ClientSession(1857590868)--Thread(Thread[Test worker,5,main])--client released
[EL Finer]: connection: 2016-08-19 06:48:37.187--ServerSession(1995875052)--Thread(Thread[Test worker,5,main])--client acquired: 2001952837
[EL Finer]: transaction: 2016-08-19 06:48:37.187--ClientSession(2001952837)--Thread(Thread[Test worker,5,main])--acquire unit of work: 47550263
[EL Finest]: connection: 2016-08-19 06:48:37.187--ServerSession(1995875052)--Connection(313353557)--Thread(Thread[Test worker,5,main])--Connection acquired from connection pool [default].
[EL Finer]: transaction: 2016-08-19 06:48:37.187--ClientSession(2001952837)--Connection(313353557)--Thread(Thread[Test worker,5,main])--begin transaction
[EL Finest]: connection: 2016-08-19 06:48:37.187--ClientSession(2001952837)--Thread(Thread[Test worker,5,main])--reconnecting to external connection pool
[EL Finest]: query: 2016-08-19 06:48:37.188--UnitOfWork(47550263)--Thread(Thread[Test worker,5,main])--Execute query ReadObjectQuery(name="readCommunicationGroup" referenceClass=CommunicationGroup sql="SELECT commGroupId, commGroupDescription, commGroupName, versionId, createdBy, createdDate, updatedBy, updatedDate, activeStatus, txnAccessCode FROM ast_CommunicationGroup_M WHERE (commGroupId = ?)")
[EL Fine]: sql: 2016-08-19 06:48:37.189--ClientSession(2001952837)--Connection(1706333742)--Thread(Thread[Test worker,5,main])--SELECT commGroupId, commGroupDescription, commGroupName, versionId, createdBy, createdDate, updatedBy, updatedDate, activeStatus, txnAccessCode FROM ast_CommunicationGroup_M WHERE (commGroupId = ?)
	bind => [9A85149B-FB15-42C1-9938-DEEF36AE7BDF]
[EL Finest]: transaction: 2016-08-19 06:48:37.189--UnitOfWork(47550263)--Thread(Thread[Test worker,5,main])--remove() operation called on: 56OfXPKoptSahEfDdd4S7H7IWHoUZ806riUV2a6vg5GyGg0AaS
[EL Finer]: transaction: 2016-08-19 06:48:37.19--UnitOfWork(47550263)--Thread(Thread[Test worker,5,main])--begin unit of work commit
[EL Finest]: query: 2016-08-19 06:48:37.19--UnitOfWork(47550263)--Thread(Thread[Test worker,5,main])--Execute query DoesExistQuery(referenceClass=CommunicationGroup )
[EL Finest]: query: 2016-08-19 06:48:37.19--UnitOfWork(47550263)--Thread(Thread[Test worker,5,main])--Execute query DeleteObjectQuery(56OfXPKoptSahEfDdd4S7H7IWHoUZ806riUV2a6vg5GyGg0AaS)
[EL Fine]: sql: 2016-08-19 06:48:37.19--ClientSession(2001952837)--Connection(1706333742)--Thread(Thread[Test worker,5,main])--DELETE FROM ast_CommunicationGroup_M WHERE ((commGroupId = ?) AND (versionId = ?))
	bind => [9A85149B-FB15-42C1-9938-DEEF36AE7BDF, 2]
[EL Finer]: transaction: 2016-08-19 06:48:37.191--ClientSession(2001952837)--Connection(1706333742)--Thread(Thread[Test worker,5,main])--commit transaction
[EL Finest]: connection: 2016-08-19 06:48:37.265--ServerSession(1995875052)--Connection(313353557)--Thread(Thread[Test worker,5,main])--Connection released to connection pool [default].
[EL Finer]: transaction: 2016-08-19 06:48:37.265--UnitOfWork(47550263)--Thread(Thread[Test worker,5,main])--end unit of work commit
[EL Finer]: transaction: 2016-08-19 06:48:37.265--UnitOfWork(47550263)--Thread(Thread[Test worker,5,main])--resume unit of work
[EL Finer]: transaction: 2016-08-19 06:48:37.265--UnitOfWork(47550263)--Thread(Thread[Test worker,5,main])--release unit of work
[EL Finer]: connection: 2016-08-19 06:48:37.265--ClientSession(2001952837)--Thread(Thread[Test worker,5,main])--client released
]]></system-out>
  <system-err><![CDATA[CommunicationGroup.commGroupName may not be null
java.lang.SecurityException: CommunicationGroup.commGroupName may not be null
	at com.athena.server.pluggable.utils.helper.EntityValidatorHelper.validateEntity(EntityValidatorHelper.java:37)
	at com.app.shared.organization.contactmanagement.CommunicationGroup.isValid(CommunicationGroup.java:161)
	at com.app.server.service.organization.contactmanagement.CommunicationGroupTestCase.validateCommunicationGroup(CommunicationGroupTestCase.java:206)
	at com.app.server.service.organization.contactmanagement.CommunicationGroupTestCase.test5NegativeTesting(CommunicationGroupTestCase.java:238)
	at sun.reflect.NativeMethodAccessorImpl.invoke0(Native Method)
	at sun.reflect.NativeMethodAccessorImpl.invoke(NativeMethodAccessorImpl.java:57)
	at sun.reflect.DelegatingMethodAccessorImpl.invoke(DelegatingMethodAccessorImpl.java:43)
	at java.lang.reflect.Method.invoke(Method.java:606)
	at org.junit.runners.model.FrameworkMethod$1.runReflectiveCall(FrameworkMethod.java:47)
	at org.junit.internal.runners.model.ReflectiveCallable.run(ReflectiveCallable.java:12)
	at org.junit.runners.model.FrameworkMethod.invokeExplosively(FrameworkMethod.java:44)
	at org.junit.internal.runners.statements.InvokeMethod.evaluate(InvokeMethod.java:17)
	at org.junit.internal.runners.statements.RunBefores.evaluate(RunBefores.java:26)
	at org.springframework.test.context.junit4.statements.RunBeforeTestMethodCallbacks.evaluate(RunBeforeTestMethodCallbacks.java:74)
	at org.junit.internal.runners.statements.RunAfters.evaluate(RunAfters.java:27)
	at org.springframework.test.context.junit4.statements.RunAfterTestMethodCallbacks.evaluate(RunAfterTestMethodCallbacks.java:83)
	at org.springframework.test.context.junit4.statements.SpringRepeat.evaluate(SpringRepeat.java:72)
	at org.springframework.test.context.junit4.SpringJUnit4ClassRunner.runChild(SpringJUnit4ClassRunner.java:233)
	at org.springframework.test.context.junit4.SpringJUnit4ClassRunner.runChild(SpringJUnit4ClassRunner.java:87)
	at org.junit.runners.ParentRunner$3.run(ParentRunner.java:238)
	at org.junit.runners.ParentRunner$1.schedule(ParentRunner.java:63)
	at org.junit.runners.ParentRunner.runChildren(ParentRunner.java:236)
	at org.junit.runners.ParentRunner.access$000(ParentRunner.java:53)
	at org.junit.runners.ParentRunner$2.evaluate(ParentRunner.java:229)
	at org.junit.internal.runners.statements.RunBefores.evaluate(RunBefores.java:26)
	at org.springframework.test.context.junit4.statements.RunBeforeTestClassCallbacks.evaluate(RunBeforeTestClassCallbacks.java:61)
	at org.springframework.test.context.junit4.statements.RunAfterTestClassCallbacks.evaluate(RunAfterTestClassCallbacks.java:71)
	at org.junit.runners.ParentRunner.run(ParentRunner.java:309)
	at org.springframework.test.context.junit4.SpringJUnit4ClassRunner.run(SpringJUnit4ClassRunner.java:176)
	at org.gradle.api.internal.tasks.testing.junit.JUnitTestClassExecuter.runTestClass(JUnitTestClassExecuter.java:86)
	at org.gradle.api.internal.tasks.testing.junit.JUnitTestClassExecuter.execute(JUnitTestClassExecuter.java:49)
	at org.gradle.api.internal.tasks.testing.junit.JUnitTestClassProcessor.processTestClass(JUnitTestClassProcessor.java:64)
	at org.gradle.api.internal.tasks.testing.SuiteTestClassProcessor.processTestClass(SuiteTestClassProcessor.java:50)
	at sun.reflect.NativeMethodAccessorImpl.invoke0(Native Method)
	at sun.reflect.NativeMethodAccessorImpl.invoke(NativeMethodAccessorImpl.java:57)
	at sun.reflect.DelegatingMethodAccessorImpl.invoke(DelegatingMethodAccessorImpl.java:43)
	at java.lang.reflect.Method.invoke(Method.java:606)
	at org.gradle.messaging.dispatch.ReflectionDispatch.dispatch(ReflectionDispatch.java:35)
	at org.gradle.messaging.dispatch.ReflectionDispatch.dispatch(ReflectionDispatch.java:24)
	at org.gradle.messaging.dispatch.ContextClassLoaderDispatch.dispatch(ContextClassLoaderDispatch.java:32)
	at org.gradle.messaging.dispatch.ProxyDispatchAdapter$DispatchingInvocationHandler.invoke(ProxyDispatchAdapter.java:93)
	at com.sun.proxy.$Proxy2.processTestClass(Unknown Source)
	at org.gradle.api.internal.tasks.testing.worker.TestWorker.processTestClass(TestWorker.java:106)
	at sun.reflect.NativeMethodAccessorImpl.invoke0(Native Method)
	at sun.reflect.NativeMethodAccessorImpl.invoke(NativeMethodAccessorImpl.java:57)
	at sun.reflect.DelegatingMethodAccessorImpl.invoke(DelegatingMethodAccessorImpl.java:43)
	at java.lang.reflect.Method.invoke(Method.java:606)
	at org.gradle.messaging.dispatch.ReflectionDispatch.dispatch(ReflectionDispatch.java:35)
	at org.gradle.messaging.dispatch.ReflectionDispatch.dispatch(ReflectionDispatch.java:24)
	at org.gradle.messaging.remote.internal.hub.MessageHub$Handler.run(MessageHub.java:360)
	at org.gradle.internal.concurrent.DefaultExecutorFactory$StoppableExecutorImpl$1.run(DefaultExecutorFactory.java:64)
	at java.util.concurrent.ThreadPoolExecutor.runWorker(ThreadPoolExecutor.java:1145)
	at java.util.concurrent.ThreadPoolExecutor$Worker.run(ThreadPoolExecutor.java:615)
	at java.lang.Thread.run(Thread.java:745)
CommunicationGroup.commGroupName size must be between 0 and 128
java.lang.SecurityException: CommunicationGroup.commGroupName size must be between 0 and 128
	at com.athena.server.pluggable.utils.helper.EntityValidatorHelper.validateEntity(EntityValidatorHelper.java:37)
	at com.app.shared.organization.contactmanagement.CommunicationGroup.isValid(CommunicationGroup.java:161)
	at com.app.server.service.organization.contactmanagement.CommunicationGroupTestCase.validateCommunicationGroup(CommunicationGroupTestCase.java:204)
	at com.app.server.service.organization.contactmanagement.CommunicationGroupTestCase.test5NegativeTesting(CommunicationGroupTestCase.java:243)
	at sun.reflect.NativeMethodAccessorImpl.invoke0(Native Method)
	at sun.reflect.NativeMethodAccessorImpl.invoke(NativeMethodAccessorImpl.java:57)
	at sun.reflect.DelegatingMethodAccessorImpl.invoke(DelegatingMethodAccessorImpl.java:43)
	at java.lang.reflect.Method.invoke(Method.java:606)
	at org.junit.runners.model.FrameworkMethod$1.runReflectiveCall(FrameworkMethod.java:47)
	at org.junit.internal.runners.model.ReflectiveCallable.run(ReflectiveCallable.java:12)
	at org.junit.runners.model.FrameworkMethod.invokeExplosively(FrameworkMethod.java:44)
	at org.junit.internal.runners.statements.InvokeMethod.evaluate(InvokeMethod.java:17)
	at org.junit.internal.runners.statements.RunBefores.evaluate(RunBefores.java:26)
	at org.springframework.test.context.junit4.statements.RunBeforeTestMethodCallbacks.evaluate(RunBeforeTestMethodCallbacks.java:74)
	at org.junit.internal.runners.statements.RunAfters.evaluate(RunAfters.java:27)
	at org.springframework.test.context.junit4.statements.RunAfterTestMethodCallbacks.evaluate(RunAfterTestMethodCallbacks.java:83)
	at org.springframework.test.context.junit4.statements.SpringRepeat.evaluate(SpringRepeat.java:72)
	at org.springframework.test.context.junit4.SpringJUnit4ClassRunner.runChild(SpringJUnit4ClassRunner.java:233)
	at org.springframework.test.context.junit4.SpringJUnit4ClassRunner.runChild(SpringJUnit4ClassRunner.java:87)
	at org.junit.runners.ParentRunner$3.run(ParentRunner.java:238)
	at org.junit.runners.ParentRunner$1.schedule(ParentRunner.java:63)
	at org.junit.runners.ParentRunner.runChildren(ParentRunner.java:236)
	at org.junit.runners.ParentRunner.access$000(ParentRunner.java:53)
	at org.junit.runners.ParentRunner$2.evaluate(ParentRunner.java:229)
	at org.junit.internal.runners.statements.RunBefores.evaluate(RunBefores.java:26)
	at org.springframework.test.context.junit4.statements.RunBeforeTestClassCallbacks.evaluate(RunBeforeTestClassCallbacks.java:61)
	at org.springframework.test.context.junit4.statements.RunAfterTestClassCallbacks.evaluate(RunAfterTestClassCallbacks.java:71)
	at org.junit.runners.ParentRunner.run(ParentRunner.java:309)
	at org.springframework.test.context.junit4.SpringJUnit4ClassRunner.run(SpringJUnit4ClassRunner.java:176)
	at org.gradle.api.internal.tasks.testing.junit.JUnitTestClassExecuter.runTestClass(JUnitTestClassExecuter.java:86)
	at org.gradle.api.internal.tasks.testing.junit.JUnitTestClassExecuter.execute(JUnitTestClassExecuter.java:49)
	at org.gradle.api.internal.tasks.testing.junit.JUnitTestClassProcessor.processTestClass(JUnitTestClassProcessor.java:64)
	at org.gradle.api.internal.tasks.testing.SuiteTestClassProcessor.processTestClass(SuiteTestClassProcessor.java:50)
	at sun.reflect.NativeMethodAccessorImpl.invoke0(Native Method)
	at sun.reflect.NativeMethodAccessorImpl.invoke(NativeMethodAccessorImpl.java:57)
	at sun.reflect.DelegatingMethodAccessorImpl.invoke(DelegatingMethodAccessorImpl.java:43)
	at java.lang.reflect.Method.invoke(Method.java:606)
	at org.gradle.messaging.dispatch.ReflectionDispatch.dispatch(ReflectionDispatch.java:35)
	at org.gradle.messaging.dispatch.ReflectionDispatch.dispatch(ReflectionDispatch.java:24)
	at org.gradle.messaging.dispatch.ContextClassLoaderDispatch.dispatch(ContextClassLoaderDispatch.java:32)
	at org.gradle.messaging.dispatch.ProxyDispatchAdapter$DispatchingInvocationHandler.invoke(ProxyDispatchAdapter.java:93)
	at com.sun.proxy.$Proxy2.processTestClass(Unknown Source)
	at org.gradle.api.internal.tasks.testing.worker.TestWorker.processTestClass(TestWorker.java:106)
	at sun.reflect.NativeMethodAccessorImpl.invoke0(Native Method)
	at sun.reflect.NativeMethodAccessorImpl.invoke(NativeMethodAccessorImpl.java:57)
	at sun.reflect.DelegatingMethodAccessorImpl.invoke(DelegatingMethodAccessorImpl.java:43)
	at java.lang.reflect.Method.invoke(Method.java:606)
	at org.gradle.messaging.dispatch.ReflectionDispatch.dispatch(ReflectionDispatch.java:35)
	at org.gradle.messaging.dispatch.ReflectionDispatch.dispatch(ReflectionDispatch.java:24)
	at org.gradle.messaging.remote.internal.hub.MessageHub$Handler.run(MessageHub.java:360)
	at org.gradle.internal.concurrent.DefaultExecutorFactory$StoppableExecutorImpl$1.run(DefaultExecutorFactory.java:64)
	at java.util.concurrent.ThreadPoolExecutor.runWorker(ThreadPoolExecutor.java:1145)
	at java.util.concurrent.ThreadPoolExecutor$Worker.run(ThreadPoolExecutor.java:615)
	at java.lang.Thread.run(Thread.java:745)
CommunicationGroup.commGroupDescription size must be between 0 and 256
java.lang.SecurityException: CommunicationGroup.commGroupDescription size must be between 0 and 256
	at com.athena.server.pluggable.utils.helper.EntityValidatorHelper.validateEntity(EntityValidatorHelper.java:37)
	at com.app.shared.organization.contactmanagement.CommunicationGroup.isValid(CommunicationGroup.java:161)
	at com.app.server.service.organization.contactmanagement.CommunicationGroupTestCase.validateCommunicationGroup(CommunicationGroupTestCase.java:204)
	at com.app.server.service.organization.contactmanagement.CommunicationGroupTestCase.test5NegativeTesting(CommunicationGroupTestCase.java:248)
	at sun.reflect.NativeMethodAccessorImpl.invoke0(Native Method)
	at sun.reflect.NativeMethodAccessorImpl.invoke(NativeMethodAccessorImpl.java:57)
	at sun.reflect.DelegatingMethodAccessorImpl.invoke(DelegatingMethodAccessorImpl.java:43)
	at java.lang.reflect.Method.invoke(Method.java:606)
	at org.junit.runners.model.FrameworkMethod$1.runReflectiveCall(FrameworkMethod.java:47)
	at org.junit.internal.runners.model.ReflectiveCallable.run(ReflectiveCallable.java:12)
	at org.junit.runners.model.FrameworkMethod.invokeExplosively(FrameworkMethod.java:44)
	at org.junit.internal.runners.statements.InvokeMethod.evaluate(InvokeMethod.java:17)
	at org.junit.internal.runners.statements.RunBefores.evaluate(RunBefores.java:26)
	at org.springframework.test.context.junit4.statements.RunBeforeTestMethodCallbacks.evaluate(RunBeforeTestMethodCallbacks.java:74)
	at org.junit.internal.runners.statements.RunAfters.evaluate(RunAfters.java:27)
	at org.springframework.test.context.junit4.statements.RunAfterTestMethodCallbacks.evaluate(RunAfterTestMethodCallbacks.java:83)
	at org.springframework.test.context.junit4.statements.SpringRepeat.evaluate(SpringRepeat.java:72)
	at org.springframework.test.context.junit4.SpringJUnit4ClassRunner.runChild(SpringJUnit4ClassRunner.java:233)
	at org.springframework.test.context.junit4.SpringJUnit4ClassRunner.runChild(SpringJUnit4ClassRunner.java:87)
	at org.junit.runners.ParentRunner$3.run(ParentRunner.java:238)
	at org.junit.runners.ParentRunner$1.schedule(ParentRunner.java:63)
	at org.junit.runners.ParentRunner.runChildren(ParentRunner.java:236)
	at org.junit.runners.ParentRunner.access$000(ParentRunner.java:53)
	at org.junit.runners.ParentRunner$2.evaluate(ParentRunner.java:229)
	at org.junit.internal.runners.statements.RunBefores.evaluate(RunBefores.java:26)
	at org.springframework.test.context.junit4.statements.RunBeforeTestClassCallbacks.evaluate(RunBeforeTestClassCallbacks.java:61)
	at org.springframework.test.context.junit4.statements.RunAfterTestClassCallbacks.evaluate(RunAfterTestClassCallbacks.java:71)
	at org.junit.runners.ParentRunner.run(ParentRunner.java:309)
	at org.springframework.test.context.junit4.SpringJUnit4ClassRunner.run(SpringJUnit4ClassRunner.java:176)
	at org.gradle.api.internal.tasks.testing.junit.JUnitTestClassExecuter.runTestClass(JUnitTestClassExecuter.java:86)
	at org.gradle.api.internal.tasks.testing.junit.JUnitTestClassExecuter.execute(JUnitTestClassExecuter.java:49)
	at org.gradle.api.internal.tasks.testing.junit.JUnitTestClassProcessor.processTestClass(JUnitTestClassProcessor.java:64)
	at org.gradle.api.internal.tasks.testing.SuiteTestClassProcessor.processTestClass(SuiteTestClassProcessor.java:50)
	at sun.reflect.NativeMethodAccessorImpl.invoke0(Native Method)
	at sun.reflect.NativeMethodAccessorImpl.invoke(NativeMethodAccessorImpl.java:57)
	at sun.reflect.DelegatingMethodAccessorImpl.invoke(DelegatingMethodAccessorImpl.java:43)
	at java.lang.reflect.Method.invoke(Method.java:606)
	at org.gradle.messaging.dispatch.ReflectionDispatch.dispatch(ReflectionDispatch.java:35)
	at org.gradle.messaging.dispatch.ReflectionDispatch.dispatch(ReflectionDispatch.java:24)
	at org.gradle.messaging.dispatch.ContextClassLoaderDispatch.dispatch(ContextClassLoaderDispatch.java:32)
	at org.gradle.messaging.dispatch.ProxyDispatchAdapter$DispatchingInvocationHandler.invoke(ProxyDispatchAdapter.java:93)
	at com.sun.proxy.$Proxy2.processTestClass(Unknown Source)
	at org.gradle.api.internal.tasks.testing.worker.TestWorker.processTestClass(TestWorker.java:106)
	at sun.reflect.NativeMethodAccessorImpl.invoke0(Native Method)
	at sun.reflect.NativeMethodAccessorImpl.invoke(NativeMethodAccessorImpl.java:57)
	at sun.reflect.DelegatingMethodAccessorImpl.invoke(DelegatingMethodAccessorImpl.java:43)
	at java.lang.reflect.Method.invoke(Method.java:606)
	at org.gradle.messaging.dispatch.ReflectionDispatch.dispatch(ReflectionDispatch.java:35)
	at org.gradle.messaging.dispatch.ReflectionDispatch.dispatch(ReflectionDispatch.java:24)
	at org.gradle.messaging.remote.internal.hub.MessageHub$Handler.run(MessageHub.java:360)
	at org.gradle.internal.concurrent.DefaultExecutorFactory$StoppableExecutorImpl$1.run(DefaultExecutorFactory.java:64)
	at java.util.concurrent.ThreadPoolExecutor.runWorker(ThreadPoolExecutor.java:1145)
	at java.util.concurrent.ThreadPoolExecutor$Worker.run(ThreadPoolExecutor.java:615)
	at java.lang.Thread.run(Thread.java:745)
]]></system-err>
</testsuite>
