<?xml version="1.0" encoding="UTF-8"?>
<testsuite name="com.app.server.service.organization.locationmanagement.AddressTypeTestCase" tests="5" skipped="0" failures="0" errors="0" timestamp="2016-08-19T06:48:44" hostname="94a004f5148e" time="0.479">
  <properties/>
  <testcase name="test1Save" classname="com.app.server.service.organization.locationmanagement.AddressTypeTestCase" time="0.123"/>
  <testcase name="test2Update" classname="com.app.server.service.organization.locationmanagement.AddressTypeTestCase" time="0.145"/>
  <testcase name="test3FindById" classname="com.app.server.service.organization.locationmanagement.AddressTypeTestCase" time="0.017"/>
  <testcase name="test5NegativeTesting" classname="com.app.server.service.organization.locationmanagement.AddressTypeTestCase" time="0.013"/>
  <testcase name="test6Delete" classname="com.app.server.service.organization.locationmanagement.AddressTypeTestCase" time="0.181"/>
  <system-out><![CDATA[Fri Aug 19 06:48:44 UTC 2016|Log Manager Factory|Initialization Process started.....
Fri Aug 19 06:48:44 UTC 2016|Log Manager|Initialized with Path = [/home/applifire/workspace/eproject/src/main/webapp/WEB-INF/conf]
Fri Aug 19 06:48:44 UTC 2016|Alarm Manager|Initialized with Path = [/home/applifire/workspace/eproject/src/main/webapp/WEB-INF/conf]
Fri Aug 19 06:48:44 UTC 2016|Alarm Manager|Loading Alarms ......
Fri Aug 19 06:48:44 UTC 2016|Alarm XML Parser|FWA|XML Parsing Complete........ 
Fri Aug 19 06:48:44 UTC 2016|Alarm File Manager|FWA|Alarm File Status.. [ApplicationFrameworkAlarms.xml]|Version=15|Status=Done 
Fri Aug 19 06:48:44 UTC 2016|Alarm File Manager|FWA|Alarm Stats = ( BC/AL=5/775 SYS=5/11 [775/0]  TPL=0/0 [0/0]  APP= A.Map=[860]  E.Map EC/RC=[391/79] )
Fri Aug 19 06:48:44 UTC 2016|Alarm XML Parser|APP|XML Parsing Complete........ 
Fri Aug 19 06:48:44 UTC 2016|Alarm File Manager|APP|Alarm File Status.. [ApplicationAlarms.xml]|Version=1|Status=Done 
Fri Aug 19 06:48:44 UTC 2016|Alarm File Manager|APP|Alarm Stats = ( BC/AL=5/775 SYS=5/11 [775/0]  TPL=0/0 [0/0]  APP=0/0 [0/0]  A.Map=[860]  E.Map EC/RC=[391/79] )
Fri Aug 19 06:48:44 UTC 2016|ApplicationAlarmContext| <><><><><> Create App Alarms ....  <><><><><> 
Fri Aug 19 06:48:44 UTC 2016|ApplicationAlarmContext|Alarms are generated ONLY in Development Mode.. 
Fri Aug 19 06:48:44 UTC 2016|Alarm Manager|APP|Alarm Stats = ( BC/AL=5/775 SYS=5/11 [775/0]  TPL=0/0 [0/0]  APP=0/0 [0/0]  A.Map=[860]  E.Map EC/RC=[391/79] )
Fri Aug 19 06:48:44 UTC 2016|Alarm Manager|Initialized Exception Lookup...
Fri Aug 19 06:48:44 UTC 2016|Log Manager|Initialize Log Config File ......
Fri Aug 19 06:48:44 UTC 2016|Pluggable Connectors|Adding Connectors : StandardOutputConnector isEnabled=true isDefault=false isFallBack=true
Fri Aug 19 06:48:44 UTC 2016|Pluggable Connectors|Adding Connectors : StandardFileConnector isEnabled=true isDefault=false isFallBack=false
Fri Aug 19 06:48:44 UTC 2016|Pluggable Connectors|Adding Connectors : Sprinkler isEnabled=true isDefault=true isFallBack=false
Fri Aug 19 06:48:44 UTC 2016|Pluggable Connectors|Default Connector Name : com.spartan.logger.core.LogMessenger
Fri Aug 19 06:48:44 UTC 2016|Log Config Parser|Connector Least Log Level =[4]  FallBack Log Level =[3]
Fri Aug 19 06:48:44 UTC 2016|Log Manager|Loading Default Connector for Logging ......
Fri Aug 19 06:48:44 UTC 2016|Log Manager|Loading class .. com.spartan.logger.core.LogMessenger
Fri Aug 19 06:48:44 UTC 2016|Plugggable Connector|Connector class com.spartan.logger.core.LogMessenger Initialized... @ Log Level = 3
Fri Aug 19 06:48:44 UTC 2016|Log Manager|Starting the Default Connector [com.spartan.logger.core.LogMessenger@3675c9a2] ....
Fri Aug 19 06:48:44 UTC 2016|Scheduler|Starting the Scheduler ......
Fri Aug 19 06:48:44 UTC 2016|Scheduler|Adding [LMID=[4be548d5-1d49-43c5-9d17-239ca5d6e51b]] Delay=5 Time Unit=MINUTES
Fri Aug 19 06:48:44 UTC 2016|Scheduler|Adding [App Alarm Manager File=[ApplicationAlarms.xml]] Delay=30 Time Unit=MINUTES
Fri Aug 19 06:48:44 UTC 2016|Scheduler|Adding [FW Alarm Manager File=[ApplicationFrameworkAlarms.xml]] Delay=3 Time Unit=MINUTES
Fri Aug 19 06:48:44 UTC 2016|Scheduler|Startup Completed..
Fri Aug 19 06:48:44 UTC 2016|Log Manager|Initialization Process Complete ......
Fri Aug 19 06:48:44 UTC 2016|Log Manager Factory|Log Manager READY! ID = 4be548d5-1d49-43c5-9d17-239ca5d6e51b
[EL Finer]: connection: 2016-08-19 06:48:44.902--ServerSession(1995875052)--Thread(Thread[Test worker,5,main])--client acquired: 1859334753
[EL Finer]: transaction: 2016-08-19 06:48:44.903--ClientSession(1859334753)--Thread(Thread[Test worker,5,main])--acquire unit of work: 1804646174
[EL Finest]: connection: 2016-08-19 06:48:44.903--ServerSession(1995875052)--Connection(1776699837)--Thread(Thread[Test worker,5,main])--Connection acquired from connection pool [default].
[EL Finer]: transaction: 2016-08-19 06:48:44.903--ClientSession(1859334753)--Connection(1776699837)--Thread(Thread[Test worker,5,main])--begin transaction
[EL Finest]: connection: 2016-08-19 06:48:44.903--ClientSession(1859334753)--Thread(Thread[Test worker,5,main])--reconnecting to external connection pool
Fri Aug 19 06:48:44 UTC 2016|Unknown Alarm = ORGLM312100100 Alarm Split = ORG-LM-3-1-2-100-100
[EL Finest]: transaction: 2016-08-19 06:48:44.904--UnitOfWork(1804646174)--Thread(Thread[Test worker,5,main])--persist() operation called on: Eg84NCXp0JQrfsVfAhiI26wAhm6lFit6W7MlaK1AQwFZ3DXmXE.
[EL Finest]: sequencing: 2016-08-19 06:48:44.904--UnitOfWork(1804646174)--Thread(Thread[Test worker,5,main])--assign sequence to the object (21C78E15-0B2B-4965-967B-E2E90F4850A6 -> Eg84NCXp0JQrfsVfAhiI26wAhm6lFit6W7MlaK1AQwFZ3DXmXE)
[EL Finer]: transaction: 2016-08-19 06:48:44.905--UnitOfWork(1804646174)--Thread(Thread[Test worker,5,main])--begin unit of work commit
[EL Finest]: query: 2016-08-19 06:48:44.906--UnitOfWork(1804646174)--Thread(Thread[Test worker,5,main])--Execute query InsertObjectQuery(Eg84NCXp0JQrfsVfAhiI26wAhm6lFit6W7MlaK1AQwFZ3DXmXE)
[EL Fine]: sql: 2016-08-19 06:48:44.906--ClientSession(1859334753)--Connection(1126558540)--Thread(Thread[Test worker,5,main])--INSERT INTO ast_AddressType_M (addressTypeId, addressType, addressTypeDesc, addressTypeIcon, versionId, createdBy, createdDate, updatedBy, updatedDate, activeStatus, txnAccessCode) VALUES (?, ?, ?, ?, ?, ?, ?, ?, ?, ?, ?)
	bind => [21C78E15-0B2B-4965-967B-E2E90F4850A6, Eg84NCXp0JQrfsVfAhiI26wAhm6lFit6W7MlaK1AQwFZ3DXmXE, Wgpt0Dey8WIZcB3ndIIMcx43WSFFbR6zLg6egjj1HKkJpGIEjr, 5uTFw16Md9NqfiMYfffHjpXKb7P4styUy3g9IgckaoivbCsACy, 1, AAAAA, 2016-08-19 06:48:44.88, AAAAA, 2016-08-19 06:48:44.88, 1, 51000]
[EL Finer]: transaction: 2016-08-19 06:48:44.908--ClientSession(1859334753)--Connection(1126558540)--Thread(Thread[Test worker,5,main])--commit transaction
[EL Finest]: connection: 2016-08-19 06:48:44.969--ServerSession(1995875052)--Connection(1776699837)--Thread(Thread[Test worker,5,main])--Connection released to connection pool [default].
[EL Finer]: transaction: 2016-08-19 06:48:44.969--UnitOfWork(1804646174)--Thread(Thread[Test worker,5,main])--end unit of work commit
[EL Finer]: transaction: 2016-08-19 06:48:44.969--UnitOfWork(1804646174)--Thread(Thread[Test worker,5,main])--resume unit of work
[EL Finer]: transaction: 2016-08-19 06:48:44.969--UnitOfWork(1804646174)--Thread(Thread[Test worker,5,main])--release unit of work
[EL Finer]: connection: 2016-08-19 06:48:44.97--ClientSession(1859334753)--Thread(Thread[Test worker,5,main])--client released
[EL Finer]: connection: 2016-08-19 06:48:44.984--ServerSession(1995875052)--Thread(Thread[Test worker,5,main])--client acquired: 612533578
[EL Finer]: transaction: 2016-08-19 06:48:44.984--ClientSession(612533578)--Thread(Thread[Test worker,5,main])--acquire unit of work: 1962725375
[EL Finest]: connection: 2016-08-19 06:48:44.984--ServerSession(1995875052)--Connection(29076058)--Thread(Thread[Test worker,5,main])--Connection acquired from connection pool [default].
[EL Finer]: transaction: 2016-08-19 06:48:44.984--ClientSession(612533578)--Connection(29076058)--Thread(Thread[Test worker,5,main])--begin transaction
[EL Finest]: connection: 2016-08-19 06:48:44.984--ClientSession(612533578)--Thread(Thread[Test worker,5,main])--reconnecting to external connection pool
[EL Finer]: transaction: 2016-08-19 06:48:44.985--UnitOfWork(1962725375)--Thread(Thread[Test worker,5,main])--begin unit of work flush
[EL Finer]: transaction: 2016-08-19 06:48:44.985--UnitOfWork(1962725375)--Thread(Thread[Test worker,5,main])--end unit of work flush
[EL Finest]: query: 2016-08-19 06:48:44.985--UnitOfWork(1962725375)--Thread(Thread[Test worker,5,main])--Execute query ReadAllQuery(name="AddressType.findById" referenceClass=AddressType sql="SELECT addressTypeId, addressType, addressTypeDesc, addressTypeIcon, versionId, createdBy, createdDate, updatedBy, updatedDate, activeStatus, txnAccessCode FROM ast_AddressType_M WHERE ((activeStatus = ?) AND (addressTypeId = ?))")
[EL Fine]: sql: 2016-08-19 06:48:44.985--ClientSession(612533578)--Connection(1203444310)--Thread(Thread[Test worker,5,main])--SELECT addressTypeId, addressType, addressTypeDesc, addressTypeIcon, versionId, createdBy, createdDate, updatedBy, updatedDate, activeStatus, txnAccessCode FROM ast_AddressType_M WHERE ((activeStatus = ?) AND (addressTypeId = ?))
	bind => [1, 21C78E15-0B2B-4965-967B-E2E90F4850A6]
[EL Finer]: transaction: 2016-08-19 06:48:44.987--UnitOfWork(1962725375)--Thread(Thread[Test worker,5,main])--begin unit of work commit
[EL Finer]: transaction: 2016-08-19 06:48:44.987--ClientSession(612533578)--Connection(1203444310)--Thread(Thread[Test worker,5,main])--commit transaction
[EL Finest]: connection: 2016-08-19 06:48:44.987--ServerSession(1995875052)--Connection(29076058)--Thread(Thread[Test worker,5,main])--Connection released to connection pool [default].
[EL Finer]: transaction: 2016-08-19 06:48:44.987--UnitOfWork(1962725375)--Thread(Thread[Test worker,5,main])--end unit of work commit
[EL Finer]: transaction: 2016-08-19 06:48:44.987--UnitOfWork(1962725375)--Thread(Thread[Test worker,5,main])--resume unit of work
[EL Finer]: transaction: 2016-08-19 06:48:44.987--UnitOfWork(1962725375)--Thread(Thread[Test worker,5,main])--release unit of work
[EL Finer]: connection: 2016-08-19 06:48:44.987--ClientSession(612533578)--Thread(Thread[Test worker,5,main])--client released
[EL Finer]: connection: 2016-08-19 06:48:44.988--ServerSession(1995875052)--Thread(Thread[Test worker,5,main])--client acquired: 466886781
[EL Finer]: transaction: 2016-08-19 06:48:44.988--ClientSession(466886781)--Thread(Thread[Test worker,5,main])--acquire unit of work: 60882129
[EL Finest]: connection: 2016-08-19 06:48:44.988--ServerSession(1995875052)--Connection(1043726131)--Thread(Thread[Test worker,5,main])--Connection acquired from connection pool [default].
[EL Finer]: transaction: 2016-08-19 06:48:44.988--ClientSession(466886781)--Connection(1043726131)--Thread(Thread[Test worker,5,main])--begin transaction
[EL Finest]: connection: 2016-08-19 06:48:44.988--ClientSession(466886781)--Thread(Thread[Test worker,5,main])--reconnecting to external connection pool
[EL Finest]: transaction: 2016-08-19 06:48:44.99--UnitOfWork(60882129)--Thread(Thread[Test worker,5,main])--Merge clone with references fpymcjy27D9PnZXXMs2J2yVCHGiipBgLkhm6f1cFNapt6cNoHN
[EL Finest]: query: 2016-08-19 06:48:44.99--UnitOfWork(60882129)--Thread(Thread[Test worker,5,main])--Execute query ReadObjectQuery(referenceClass=AddressType )
[EL Fine]: sql: 2016-08-19 06:48:44.99--ClientSession(466886781)--Connection(571070599)--Thread(Thread[Test worker,5,main])--SELECT addressTypeId, addressType, addressTypeDesc, addressTypeIcon, versionId, createdBy, createdDate, updatedBy, updatedDate, activeStatus, txnAccessCode FROM ast_AddressType_M WHERE (addressTypeId = ?)
	bind => [21C78E15-0B2B-4965-967B-E2E90F4850A6]
[EL Finer]: transaction: 2016-08-19 06:48:44.991--UnitOfWork(60882129)--Thread(Thread[Test worker,5,main])--begin unit of work commit
[EL Finest]: query: 2016-08-19 06:48:44.991--UnitOfWork(60882129)--Thread(Thread[Test worker,5,main])--Execute query UpdateObjectQuery(fpymcjy27D9PnZXXMs2J2yVCHGiipBgLkhm6f1cFNapt6cNoHN)
[EL Fine]: sql: 2016-08-19 06:48:44.992--ClientSession(466886781)--Connection(571070599)--Thread(Thread[Test worker,5,main])--UPDATE ast_AddressType_M SET addressType = ?, addressTypeDesc = ?, addressTypeIcon = ?, versionId = ? WHERE ((addressTypeId = ?) AND (versionId = ?))
	bind => [fpymcjy27D9PnZXXMs2J2yVCHGiipBgLkhm6f1cFNapt6cNoHN, Vv51plix3mK566gBqvISce8GukeISdEDFOdoj5NvQKYJBXhcSr, h75O082PBGCaxDNM5lubAMYYG2NPDxfJDQRVTGJgUtAkkjQQvh, 2, 21C78E15-0B2B-4965-967B-E2E90F4850A6, 1]
[EL Finer]: transaction: 2016-08-19 06:48:44.992--ClientSession(466886781)--Connection(571070599)--Thread(Thread[Test worker,5,main])--commit transaction
[EL Finest]: connection: 2016-08-19 06:48:45.114--ServerSession(1995875052)--Connection(1043726131)--Thread(Thread[Test worker,5,main])--Connection released to connection pool [default].
[EL Finer]: transaction: 2016-08-19 06:48:45.114--UnitOfWork(60882129)--Thread(Thread[Test worker,5,main])--end unit of work commit
[EL Finer]: transaction: 2016-08-19 06:48:45.114--UnitOfWork(60882129)--Thread(Thread[Test worker,5,main])--resume unit of work
[EL Finer]: transaction: 2016-08-19 06:48:45.114--UnitOfWork(60882129)--Thread(Thread[Test worker,5,main])--release unit of work
[EL Finer]: connection: 2016-08-19 06:48:45.114--ClientSession(466886781)--Thread(Thread[Test worker,5,main])--client released
[EL Finer]: connection: 2016-08-19 06:48:45.128--ServerSession(1995875052)--Thread(Thread[Test worker,5,main])--client acquired: 648881768
[EL Finer]: transaction: 2016-08-19 06:48:45.128--ClientSession(648881768)--Thread(Thread[Test worker,5,main])--acquire unit of work: 833915310
[EL Finest]: connection: 2016-08-19 06:48:45.128--ServerSession(1995875052)--Connection(1136334848)--Thread(Thread[Test worker,5,main])--Connection acquired from connection pool [default].
[EL Finer]: transaction: 2016-08-19 06:48:45.129--ClientSession(648881768)--Connection(1136334848)--Thread(Thread[Test worker,5,main])--begin transaction
[EL Finest]: connection: 2016-08-19 06:48:45.129--ClientSession(648881768)--Thread(Thread[Test worker,5,main])--reconnecting to external connection pool
[EL Finer]: transaction: 2016-08-19 06:48:45.129--UnitOfWork(833915310)--Thread(Thread[Test worker,5,main])--begin unit of work flush
[EL Finer]: transaction: 2016-08-19 06:48:45.13--UnitOfWork(833915310)--Thread(Thread[Test worker,5,main])--end unit of work flush
[EL Finest]: query: 2016-08-19 06:48:45.13--UnitOfWork(833915310)--Thread(Thread[Test worker,5,main])--Execute query ReadAllQuery(name="AddressType.findById" referenceClass=AddressType sql="SELECT addressTypeId, addressType, addressTypeDesc, addressTypeIcon, versionId, createdBy, createdDate, updatedBy, updatedDate, activeStatus, txnAccessCode FROM ast_AddressType_M WHERE ((activeStatus = ?) AND (addressTypeId = ?))")
[EL Fine]: sql: 2016-08-19 06:48:45.13--ClientSession(648881768)--Connection(1064982268)--Thread(Thread[Test worker,5,main])--SELECT addressTypeId, addressType, addressTypeDesc, addressTypeIcon, versionId, createdBy, createdDate, updatedBy, updatedDate, activeStatus, txnAccessCode FROM ast_AddressType_M WHERE ((activeStatus = ?) AND (addressTypeId = ?))
	bind => [1, 21C78E15-0B2B-4965-967B-E2E90F4850A6]
[EL Finer]: transaction: 2016-08-19 06:48:45.131--UnitOfWork(833915310)--Thread(Thread[Test worker,5,main])--begin unit of work commit
[EL Finer]: transaction: 2016-08-19 06:48:45.131--ClientSession(648881768)--Connection(1064982268)--Thread(Thread[Test worker,5,main])--commit transaction
[EL Finest]: connection: 2016-08-19 06:48:45.132--ServerSession(1995875052)--Connection(1136334848)--Thread(Thread[Test worker,5,main])--Connection released to connection pool [default].
[EL Finer]: transaction: 2016-08-19 06:48:45.132--UnitOfWork(833915310)--Thread(Thread[Test worker,5,main])--end unit of work commit
[EL Finer]: transaction: 2016-08-19 06:48:45.132--UnitOfWork(833915310)--Thread(Thread[Test worker,5,main])--resume unit of work
[EL Finer]: transaction: 2016-08-19 06:48:45.132--UnitOfWork(833915310)--Thread(Thread[Test worker,5,main])--release unit of work
[EL Finer]: connection: 2016-08-19 06:48:45.132--ClientSession(648881768)--Thread(Thread[Test worker,5,main])--client released
[EL Finer]: connection: 2016-08-19 06:48:45.164--ServerSession(1995875052)--Thread(Thread[Test worker,5,main])--client acquired: 1355201326
[EL Finer]: transaction: 2016-08-19 06:48:45.164--ClientSession(1355201326)--Thread(Thread[Test worker,5,main])--acquire unit of work: 657126000
[EL Finest]: connection: 2016-08-19 06:48:45.164--ServerSession(1995875052)--Connection(1955769126)--Thread(Thread[Test worker,5,main])--Connection acquired from connection pool [default].
[EL Finer]: transaction: 2016-08-19 06:48:45.164--ClientSession(1355201326)--Connection(1955769126)--Thread(Thread[Test worker,5,main])--begin transaction
[EL Finest]: connection: 2016-08-19 06:48:45.164--ClientSession(1355201326)--Thread(Thread[Test worker,5,main])--reconnecting to external connection pool
[EL Finest]: query: 2016-08-19 06:48:45.165--UnitOfWork(657126000)--Thread(Thread[Test worker,5,main])--Execute query ReadObjectQuery(name="readAddressType" referenceClass=AddressType sql="SELECT addressTypeId, addressType, addressTypeDesc, addressTypeIcon, versionId, createdBy, createdDate, updatedBy, updatedDate, activeStatus, txnAccessCode FROM ast_AddressType_M WHERE (addressTypeId = ?)")
[EL Fine]: sql: 2016-08-19 06:48:45.165--ClientSession(1355201326)--Connection(2045979406)--Thread(Thread[Test worker,5,main])--SELECT addressTypeId, addressType, addressTypeDesc, addressTypeIcon, versionId, createdBy, createdDate, updatedBy, updatedDate, activeStatus, txnAccessCode FROM ast_AddressType_M WHERE (addressTypeId = ?)
	bind => [21C78E15-0B2B-4965-967B-E2E90F4850A6]
[EL Finest]: transaction: 2016-08-19 06:48:45.166--UnitOfWork(657126000)--Thread(Thread[Test worker,5,main])--remove() operation called on: fpymcjy27D9PnZXXMs2J2yVCHGiipBgLkhm6f1cFNapt6cNoHN
[EL Finer]: transaction: 2016-08-19 06:48:45.166--UnitOfWork(657126000)--Thread(Thread[Test worker,5,main])--begin unit of work commit
[EL Finest]: query: 2016-08-19 06:48:45.166--UnitOfWork(657126000)--Thread(Thread[Test worker,5,main])--Execute query DoesExistQuery(referenceClass=AddressType )
[EL Finest]: query: 2016-08-19 06:48:45.167--UnitOfWork(657126000)--Thread(Thread[Test worker,5,main])--Execute query DeleteObjectQuery(fpymcjy27D9PnZXXMs2J2yVCHGiipBgLkhm6f1cFNapt6cNoHN)
[EL Fine]: sql: 2016-08-19 06:48:45.167--ClientSession(1355201326)--Connection(2045979406)--Thread(Thread[Test worker,5,main])--DELETE FROM ast_AddressType_M WHERE ((addressTypeId = ?) AND (versionId = ?))
	bind => [21C78E15-0B2B-4965-967B-E2E90F4850A6, 2]
[EL Finer]: transaction: 2016-08-19 06:48:45.167--ClientSession(1355201326)--Connection(2045979406)--Thread(Thread[Test worker,5,main])--commit transaction
[EL Finest]: connection: 2016-08-19 06:48:45.325--ServerSession(1995875052)--Connection(1955769126)--Thread(Thread[Test worker,5,main])--Connection released to connection pool [default].
[EL Finer]: transaction: 2016-08-19 06:48:45.325--UnitOfWork(657126000)--Thread(Thread[Test worker,5,main])--end unit of work commit
[EL Finer]: transaction: 2016-08-19 06:48:45.325--UnitOfWork(657126000)--Thread(Thread[Test worker,5,main])--resume unit of work
[EL Finer]: transaction: 2016-08-19 06:48:45.325--UnitOfWork(657126000)--Thread(Thread[Test worker,5,main])--release unit of work
[EL Finer]: connection: 2016-08-19 06:48:45.325--ClientSession(1355201326)--Thread(Thread[Test worker,5,main])--client released
]]></system-out>
  <system-err><![CDATA[AddressType.addressType may not be null
java.lang.SecurityException: AddressType.addressType may not be null
	at com.athena.server.pluggable.utils.helper.EntityValidatorHelper.validateEntity(EntityValidatorHelper.java:37)
	at com.app.shared.organization.locationmanagement.AddressType.isValid(AddressType.java:174)
	at com.app.server.service.organization.locationmanagement.AddressTypeTestCase.validateAddressType(AddressTypeTestCase.java:208)
	at com.app.server.service.organization.locationmanagement.AddressTypeTestCase.test5NegativeTesting(AddressTypeTestCase.java:241)
	at sun.reflect.NativeMethodAccessorImpl.invoke0(Native Method)
	at sun.reflect.NativeMethodAccessorImpl.invoke(NativeMethodAccessorImpl.java:57)
	at sun.reflect.DelegatingMethodAccessorImpl.invoke(DelegatingMethodAccessorImpl.java:43)
	at java.lang.reflect.Method.invoke(Method.java:606)
	at org.junit.runners.model.FrameworkMethod$1.runReflectiveCall(FrameworkMethod.java:47)
	at org.junit.internal.runners.model.ReflectiveCallable.run(ReflectiveCallable.java:12)
	at org.junit.runners.model.FrameworkMethod.invokeExplosively(FrameworkMethod.java:44)
	at org.junit.internal.runners.statements.InvokeMethod.evaluate(InvokeMethod.java:17)
	at org.junit.internal.runners.statements.RunBefores.evaluate(RunBefores.java:26)
	at org.springframework.test.context.junit4.statements.RunBeforeTestMethodCallbacks.evaluate(RunBeforeTestMethodCallbacks.java:74)
	at org.junit.internal.runners.statements.RunAfters.evaluate(RunAfters.java:27)
	at org.springframework.test.context.junit4.statements.RunAfterTestMethodCallbacks.evaluate(RunAfterTestMethodCallbacks.java:83)
	at org.springframework.test.context.junit4.statements.SpringRepeat.evaluate(SpringRepeat.java:72)
	at org.springframework.test.context.junit4.SpringJUnit4ClassRunner.runChild(SpringJUnit4ClassRunner.java:233)
	at org.springframework.test.context.junit4.SpringJUnit4ClassRunner.runChild(SpringJUnit4ClassRunner.java:87)
	at org.junit.runners.ParentRunner$3.run(ParentRunner.java:238)
	at org.junit.runners.ParentRunner$1.schedule(ParentRunner.java:63)
	at org.junit.runners.ParentRunner.runChildren(ParentRunner.java:236)
	at org.junit.runners.ParentRunner.access$000(ParentRunner.java:53)
	at org.junit.runners.ParentRunner$2.evaluate(ParentRunner.java:229)
	at org.junit.internal.runners.statements.RunBefores.evaluate(RunBefores.java:26)
	at org.springframework.test.context.junit4.statements.RunBeforeTestClassCallbacks.evaluate(RunBeforeTestClassCallbacks.java:61)
	at org.springframework.test.context.junit4.statements.RunAfterTestClassCallbacks.evaluate(RunAfterTestClassCallbacks.java:71)
	at org.junit.runners.ParentRunner.run(ParentRunner.java:309)
	at org.springframework.test.context.junit4.SpringJUnit4ClassRunner.run(SpringJUnit4ClassRunner.java:176)
	at org.gradle.api.internal.tasks.testing.junit.JUnitTestClassExecuter.runTestClass(JUnitTestClassExecuter.java:86)
	at org.gradle.api.internal.tasks.testing.junit.JUnitTestClassExecuter.execute(JUnitTestClassExecuter.java:49)
	at org.gradle.api.internal.tasks.testing.junit.JUnitTestClassProcessor.processTestClass(JUnitTestClassProcessor.java:64)
	at org.gradle.api.internal.tasks.testing.SuiteTestClassProcessor.processTestClass(SuiteTestClassProcessor.java:50)
	at sun.reflect.GeneratedMethodAccessor109.invoke(Unknown Source)
	at sun.reflect.DelegatingMethodAccessorImpl.invoke(DelegatingMethodAccessorImpl.java:43)
	at java.lang.reflect.Method.invoke(Method.java:606)
	at org.gradle.messaging.dispatch.ReflectionDispatch.dispatch(ReflectionDispatch.java:35)
	at org.gradle.messaging.dispatch.ReflectionDispatch.dispatch(ReflectionDispatch.java:24)
	at org.gradle.messaging.dispatch.ContextClassLoaderDispatch.dispatch(ContextClassLoaderDispatch.java:32)
	at org.gradle.messaging.dispatch.ProxyDispatchAdapter$DispatchingInvocationHandler.invoke(ProxyDispatchAdapter.java:93)
	at com.sun.proxy.$Proxy2.processTestClass(Unknown Source)
	at org.gradle.api.internal.tasks.testing.worker.TestWorker.processTestClass(TestWorker.java:106)
	at sun.reflect.GeneratedMethodAccessor108.invoke(Unknown Source)
	at sun.reflect.DelegatingMethodAccessorImpl.invoke(DelegatingMethodAccessorImpl.java:43)
	at java.lang.reflect.Method.invoke(Method.java:606)
	at org.gradle.messaging.dispatch.ReflectionDispatch.dispatch(ReflectionDispatch.java:35)
	at org.gradle.messaging.dispatch.ReflectionDispatch.dispatch(ReflectionDispatch.java:24)
	at org.gradle.messaging.remote.internal.hub.MessageHub$Handler.run(MessageHub.java:360)
	at org.gradle.internal.concurrent.DefaultExecutorFactory$StoppableExecutorImpl$1.run(DefaultExecutorFactory.java:64)
	at java.util.concurrent.ThreadPoolExecutor.runWorker(ThreadPoolExecutor.java:1145)
	at java.util.concurrent.ThreadPoolExecutor$Worker.run(ThreadPoolExecutor.java:615)
	at java.lang.Thread.run(Thread.java:745)
AddressType.addressType size must be between 0 and 128
java.lang.SecurityException: AddressType.addressType size must be between 0 and 128
	at com.athena.server.pluggable.utils.helper.EntityValidatorHelper.validateEntity(EntityValidatorHelper.java:37)
	at com.app.shared.organization.locationmanagement.AddressType.isValid(AddressType.java:174)
	at com.app.server.service.organization.locationmanagement.AddressTypeTestCase.validateAddressType(AddressTypeTestCase.java:206)
	at com.app.server.service.organization.locationmanagement.AddressTypeTestCase.test5NegativeTesting(AddressTypeTestCase.java:246)
	at sun.reflect.NativeMethodAccessorImpl.invoke0(Native Method)
	at sun.reflect.NativeMethodAccessorImpl.invoke(NativeMethodAccessorImpl.java:57)
	at sun.reflect.DelegatingMethodAccessorImpl.invoke(DelegatingMethodAccessorImpl.java:43)
	at java.lang.reflect.Method.invoke(Method.java:606)
	at org.junit.runners.model.FrameworkMethod$1.runReflectiveCall(FrameworkMethod.java:47)
	at org.junit.internal.runners.model.ReflectiveCallable.run(ReflectiveCallable.java:12)
	at org.junit.runners.model.FrameworkMethod.invokeExplosively(FrameworkMethod.java:44)
	at org.junit.internal.runners.statements.InvokeMethod.evaluate(InvokeMethod.java:17)
	at org.junit.internal.runners.statements.RunBefores.evaluate(RunBefores.java:26)
	at org.springframework.test.context.junit4.statements.RunBeforeTestMethodCallbacks.evaluate(RunBeforeTestMethodCallbacks.java:74)
	at org.junit.internal.runners.statements.RunAfters.evaluate(RunAfters.java:27)
	at org.springframework.test.context.junit4.statements.RunAfterTestMethodCallbacks.evaluate(RunAfterTestMethodCallbacks.java:83)
	at org.springframework.test.context.junit4.statements.SpringRepeat.evaluate(SpringRepeat.java:72)
	at org.springframework.test.context.junit4.SpringJUnit4ClassRunner.runChild(SpringJUnit4ClassRunner.java:233)
	at org.springframework.test.context.junit4.SpringJUnit4ClassRunner.runChild(SpringJUnit4ClassRunner.java:87)
	at org.junit.runners.ParentRunner$3.run(ParentRunner.java:238)
	at org.junit.runners.ParentRunner$1.schedule(ParentRunner.java:63)
	at org.junit.runners.ParentRunner.runChildren(ParentRunner.java:236)
	at org.junit.runners.ParentRunner.access$000(ParentRunner.java:53)
	at org.junit.runners.ParentRunner$2.evaluate(ParentRunner.java:229)
	at org.junit.internal.runners.statements.RunBefores.evaluate(RunBefores.java:26)
	at org.springframework.test.context.junit4.statements.RunBeforeTestClassCallbacks.evaluate(RunBeforeTestClassCallbacks.java:61)
	at org.springframework.test.context.junit4.statements.RunAfterTestClassCallbacks.evaluate(RunAfterTestClassCallbacks.java:71)
	at org.junit.runners.ParentRunner.run(ParentRunner.java:309)
	at org.springframework.test.context.junit4.SpringJUnit4ClassRunner.run(SpringJUnit4ClassRunner.java:176)
	at org.gradle.api.internal.tasks.testing.junit.JUnitTestClassExecuter.runTestClass(JUnitTestClassExecuter.java:86)
	at org.gradle.api.internal.tasks.testing.junit.JUnitTestClassExecuter.execute(JUnitTestClassExecuter.java:49)
	at org.gradle.api.internal.tasks.testing.junit.JUnitTestClassProcessor.processTestClass(JUnitTestClassProcessor.java:64)
	at org.gradle.api.internal.tasks.testing.SuiteTestClassProcessor.processTestClass(SuiteTestClassProcessor.java:50)
	at sun.reflect.GeneratedMethodAccessor109.invoke(Unknown Source)
	at sun.reflect.DelegatingMethodAccessorImpl.invoke(DelegatingMethodAccessorImpl.java:43)
	at java.lang.reflect.Method.invoke(Method.java:606)
	at org.gradle.messaging.dispatch.ReflectionDispatch.dispatch(ReflectionDispatch.java:35)
	at org.gradle.messaging.dispatch.ReflectionDispatch.dispatch(ReflectionDispatch.java:24)
	at org.gradle.messaging.dispatch.ContextClassLoaderDispatch.dispatch(ContextClassLoaderDispatch.java:32)
	at org.gradle.messaging.dispatch.ProxyDispatchAdapter$DispatchingInvocationHandler.invoke(ProxyDispatchAdapter.java:93)
	at com.sun.proxy.$Proxy2.processTestClass(Unknown Source)
	at org.gradle.api.internal.tasks.testing.worker.TestWorker.processTestClass(TestWorker.java:106)
	at sun.reflect.GeneratedMethodAccessor108.invoke(Unknown Source)
	at sun.reflect.DelegatingMethodAccessorImpl.invoke(DelegatingMethodAccessorImpl.java:43)
	at java.lang.reflect.Method.invoke(Method.java:606)
	at org.gradle.messaging.dispatch.ReflectionDispatch.dispatch(ReflectionDispatch.java:35)
	at org.gradle.messaging.dispatch.ReflectionDispatch.dispatch(ReflectionDispatch.java:24)
	at org.gradle.messaging.remote.internal.hub.MessageHub$Handler.run(MessageHub.java:360)
	at org.gradle.internal.concurrent.DefaultExecutorFactory$StoppableExecutorImpl$1.run(DefaultExecutorFactory.java:64)
	at java.util.concurrent.ThreadPoolExecutor.runWorker(ThreadPoolExecutor.java:1145)
	at java.util.concurrent.ThreadPoolExecutor$Worker.run(ThreadPoolExecutor.java:615)
	at java.lang.Thread.run(Thread.java:745)
AddressType.addressTypeDesc size must be between 0 and 256
java.lang.SecurityException: AddressType.addressTypeDesc size must be between 0 and 256
	at com.athena.server.pluggable.utils.helper.EntityValidatorHelper.validateEntity(EntityValidatorHelper.java:37)
	at com.app.shared.organization.locationmanagement.AddressType.isValid(AddressType.java:174)
	at com.app.server.service.organization.locationmanagement.AddressTypeTestCase.validateAddressType(AddressTypeTestCase.java:206)
	at com.app.server.service.organization.locationmanagement.AddressTypeTestCase.test5NegativeTesting(AddressTypeTestCase.java:251)
	at sun.reflect.NativeMethodAccessorImpl.invoke0(Native Method)
	at sun.reflect.NativeMethodAccessorImpl.invoke(NativeMethodAccessorImpl.java:57)
	at sun.reflect.DelegatingMethodAccessorImpl.invoke(DelegatingMethodAccessorImpl.java:43)
	at java.lang.reflect.Method.invoke(Method.java:606)
	at org.junit.runners.model.FrameworkMethod$1.runReflectiveCall(FrameworkMethod.java:47)
	at org.junit.internal.runners.model.ReflectiveCallable.run(ReflectiveCallable.java:12)
	at org.junit.runners.model.FrameworkMethod.invokeExplosively(FrameworkMethod.java:44)
	at org.junit.internal.runners.statements.InvokeMethod.evaluate(InvokeMethod.java:17)
	at org.junit.internal.runners.statements.RunBefores.evaluate(RunBefores.java:26)
	at org.springframework.test.context.junit4.statements.RunBeforeTestMethodCallbacks.evaluate(RunBeforeTestMethodCallbacks.java:74)
	at org.junit.internal.runners.statements.RunAfters.evaluate(RunAfters.java:27)
	at org.springframework.test.context.junit4.statements.RunAfterTestMethodCallbacks.evaluate(RunAfterTestMethodCallbacks.java:83)
	at org.springframework.test.context.junit4.statements.SpringRepeat.evaluate(SpringRepeat.java:72)
	at org.springframework.test.context.junit4.SpringJUnit4ClassRunner.runChild(SpringJUnit4ClassRunner.java:233)
	at org.springframework.test.context.junit4.SpringJUnit4ClassRunner.runChild(SpringJUnit4ClassRunner.java:87)
	at org.junit.runners.ParentRunner$3.run(ParentRunner.java:238)
	at org.junit.runners.ParentRunner$1.schedule(ParentRunner.java:63)
	at org.junit.runners.ParentRunner.runChildren(ParentRunner.java:236)
	at org.junit.runners.ParentRunner.access$000(ParentRunner.java:53)
	at org.junit.runners.ParentRunner$2.evaluate(ParentRunner.java:229)
	at org.junit.internal.runners.statements.RunBefores.evaluate(RunBefores.java:26)
	at org.springframework.test.context.junit4.statements.RunBeforeTestClassCallbacks.evaluate(RunBeforeTestClassCallbacks.java:61)
	at org.springframework.test.context.junit4.statements.RunAfterTestClassCallbacks.evaluate(RunAfterTestClassCallbacks.java:71)
	at org.junit.runners.ParentRunner.run(ParentRunner.java:309)
	at org.springframework.test.context.junit4.SpringJUnit4ClassRunner.run(SpringJUnit4ClassRunner.java:176)
	at org.gradle.api.internal.tasks.testing.junit.JUnitTestClassExecuter.runTestClass(JUnitTestClassExecuter.java:86)
	at org.gradle.api.internal.tasks.testing.junit.JUnitTestClassExecuter.execute(JUnitTestClassExecuter.java:49)
	at org.gradle.api.internal.tasks.testing.junit.JUnitTestClassProcessor.processTestClass(JUnitTestClassProcessor.java:64)
	at org.gradle.api.internal.tasks.testing.SuiteTestClassProcessor.processTestClass(SuiteTestClassProcessor.java:50)
	at sun.reflect.GeneratedMethodAccessor109.invoke(Unknown Source)
	at sun.reflect.DelegatingMethodAccessorImpl.invoke(DelegatingMethodAccessorImpl.java:43)
	at java.lang.reflect.Method.invoke(Method.java:606)
	at org.gradle.messaging.dispatch.ReflectionDispatch.dispatch(ReflectionDispatch.java:35)
	at org.gradle.messaging.dispatch.ReflectionDispatch.dispatch(ReflectionDispatch.java:24)
	at org.gradle.messaging.dispatch.ContextClassLoaderDispatch.dispatch(ContextClassLoaderDispatch.java:32)
	at org.gradle.messaging.dispatch.ProxyDispatchAdapter$DispatchingInvocationHandler.invoke(ProxyDispatchAdapter.java:93)
	at com.sun.proxy.$Proxy2.processTestClass(Unknown Source)
	at org.gradle.api.internal.tasks.testing.worker.TestWorker.processTestClass(TestWorker.java:106)
	at sun.reflect.GeneratedMethodAccessor108.invoke(Unknown Source)
	at sun.reflect.DelegatingMethodAccessorImpl.invoke(DelegatingMethodAccessorImpl.java:43)
	at java.lang.reflect.Method.invoke(Method.java:606)
	at org.gradle.messaging.dispatch.ReflectionDispatch.dispatch(ReflectionDispatch.java:35)
	at org.gradle.messaging.dispatch.ReflectionDispatch.dispatch(ReflectionDispatch.java:24)
	at org.gradle.messaging.remote.internal.hub.MessageHub$Handler.run(MessageHub.java:360)
	at org.gradle.internal.concurrent.DefaultExecutorFactory$StoppableExecutorImpl$1.run(DefaultExecutorFactory.java:64)
	at java.util.concurrent.ThreadPoolExecutor.runWorker(ThreadPoolExecutor.java:1145)
	at java.util.concurrent.ThreadPoolExecutor$Worker.run(ThreadPoolExecutor.java:615)
	at java.lang.Thread.run(Thread.java:745)
AddressType.addressTypeIcon size must be between 0 and 128
java.lang.SecurityException: AddressType.addressTypeIcon size must be between 0 and 128
	at com.athena.server.pluggable.utils.helper.EntityValidatorHelper.validateEntity(EntityValidatorHelper.java:37)
	at com.app.shared.organization.locationmanagement.AddressType.isValid(AddressType.java:174)
	at com.app.server.service.organization.locationmanagement.AddressTypeTestCase.validateAddressType(AddressTypeTestCase.java:206)
	at com.app.server.service.organization.locationmanagement.AddressTypeTestCase.test5NegativeTesting(AddressTypeTestCase.java:256)
	at sun.reflect.NativeMethodAccessorImpl.invoke0(Native Method)
	at sun.reflect.NativeMethodAccessorImpl.invoke(NativeMethodAccessorImpl.java:57)
	at sun.reflect.DelegatingMethodAccessorImpl.invoke(DelegatingMethodAccessorImpl.java:43)
	at java.lang.reflect.Method.invoke(Method.java:606)
	at org.junit.runners.model.FrameworkMethod$1.runReflectiveCall(FrameworkMethod.java:47)
	at org.junit.internal.runners.model.ReflectiveCallable.run(ReflectiveCallable.java:12)
	at org.junit.runners.model.FrameworkMethod.invokeExplosively(FrameworkMethod.java:44)
	at org.junit.internal.runners.statements.InvokeMethod.evaluate(InvokeMethod.java:17)
	at org.junit.internal.runners.statements.RunBefores.evaluate(RunBefores.java:26)
	at org.springframework.test.context.junit4.statements.RunBeforeTestMethodCallbacks.evaluate(RunBeforeTestMethodCallbacks.java:74)
	at org.junit.internal.runners.statements.RunAfters.evaluate(RunAfters.java:27)
	at org.springframework.test.context.junit4.statements.RunAfterTestMethodCallbacks.evaluate(RunAfterTestMethodCallbacks.java:83)
	at org.springframework.test.context.junit4.statements.SpringRepeat.evaluate(SpringRepeat.java:72)
	at org.springframework.test.context.junit4.SpringJUnit4ClassRunner.runChild(SpringJUnit4ClassRunner.java:233)
	at org.springframework.test.context.junit4.SpringJUnit4ClassRunner.runChild(SpringJUnit4ClassRunner.java:87)
	at org.junit.runners.ParentRunner$3.run(ParentRunner.java:238)
	at org.junit.runners.ParentRunner$1.schedule(ParentRunner.java:63)
	at org.junit.runners.ParentRunner.runChildren(ParentRunner.java:236)
	at org.junit.runners.ParentRunner.access$000(ParentRunner.java:53)
	at org.junit.runners.ParentRunner$2.evaluate(ParentRunner.java:229)
	at org.junit.internal.runners.statements.RunBefores.evaluate(RunBefores.java:26)
	at org.springframework.test.context.junit4.statements.RunBeforeTestClassCallbacks.evaluate(RunBeforeTestClassCallbacks.java:61)
	at org.springframework.test.context.junit4.statements.RunAfterTestClassCallbacks.evaluate(RunAfterTestClassCallbacks.java:71)
	at org.junit.runners.ParentRunner.run(ParentRunner.java:309)
	at org.springframework.test.context.junit4.SpringJUnit4ClassRunner.run(SpringJUnit4ClassRunner.java:176)
	at org.gradle.api.internal.tasks.testing.junit.JUnitTestClassExecuter.runTestClass(JUnitTestClassExecuter.java:86)
	at org.gradle.api.internal.tasks.testing.junit.JUnitTestClassExecuter.execute(JUnitTestClassExecuter.java:49)
	at org.gradle.api.internal.tasks.testing.junit.JUnitTestClassProcessor.processTestClass(JUnitTestClassProcessor.java:64)
	at org.gradle.api.internal.tasks.testing.SuiteTestClassProcessor.processTestClass(SuiteTestClassProcessor.java:50)
	at sun.reflect.GeneratedMethodAccessor109.invoke(Unknown Source)
	at sun.reflect.DelegatingMethodAccessorImpl.invoke(DelegatingMethodAccessorImpl.java:43)
	at java.lang.reflect.Method.invoke(Method.java:606)
	at org.gradle.messaging.dispatch.ReflectionDispatch.dispatch(ReflectionDispatch.java:35)
	at org.gradle.messaging.dispatch.ReflectionDispatch.dispatch(ReflectionDispatch.java:24)
	at org.gradle.messaging.dispatch.ContextClassLoaderDispatch.dispatch(ContextClassLoaderDispatch.java:32)
	at org.gradle.messaging.dispatch.ProxyDispatchAdapter$DispatchingInvocationHandler.invoke(ProxyDispatchAdapter.java:93)
	at com.sun.proxy.$Proxy2.processTestClass(Unknown Source)
	at org.gradle.api.internal.tasks.testing.worker.TestWorker.processTestClass(TestWorker.java:106)
	at sun.reflect.GeneratedMethodAccessor108.invoke(Unknown Source)
	at sun.reflect.DelegatingMethodAccessorImpl.invoke(DelegatingMethodAccessorImpl.java:43)
	at java.lang.reflect.Method.invoke(Method.java:606)
	at org.gradle.messaging.dispatch.ReflectionDispatch.dispatch(ReflectionDispatch.java:35)
	at org.gradle.messaging.dispatch.ReflectionDispatch.dispatch(ReflectionDispatch.java:24)
	at org.gradle.messaging.remote.internal.hub.MessageHub$Handler.run(MessageHub.java:360)
	at org.gradle.internal.concurrent.DefaultExecutorFactory$StoppableExecutorImpl$1.run(DefaultExecutorFactory.java:64)
	at java.util.concurrent.ThreadPoolExecutor.runWorker(ThreadPoolExecutor.java:1145)
	at java.util.concurrent.ThreadPoolExecutor$Worker.run(ThreadPoolExecutor.java:615)
	at java.lang.Thread.run(Thread.java:745)
]]></system-err>
</testsuite>
