<?xml version="1.0" encoding="UTF-8"?>
<testsuite name="com.app.server.service.organization.contactmanagement.GenderTestCase" tests="5" skipped="0" failures="0" errors="0" timestamp="2016-08-19T06:48:36" hostname="94a004f5148e" time="0.343">
  <properties/>
  <testcase name="test1Save" classname="com.app.server.service.organization.contactmanagement.GenderTestCase" time="0.109"/>
  <testcase name="test2Update" classname="com.app.server.service.organization.contactmanagement.GenderTestCase" time="0.067"/>
  <testcase name="test3FindById" classname="com.app.server.service.organization.contactmanagement.GenderTestCase" time="0.018"/>
  <testcase name="test5NegativeTesting" classname="com.app.server.service.organization.contactmanagement.GenderTestCase" time="0.008"/>
  <testcase name="test6Delete" classname="com.app.server.service.organization.contactmanagement.GenderTestCase" time="0.141"/>
  <system-out><![CDATA[Fri Aug 19 06:48:36 UTC 2016|Log Manager Factory|Initialization Process started.....
Fri Aug 19 06:48:36 UTC 2016|Log Manager|Initialized with Path = [/home/applifire/workspace/eproject/src/main/webapp/WEB-INF/conf]
Fri Aug 19 06:48:36 UTC 2016|Alarm Manager|Initialized with Path = [/home/applifire/workspace/eproject/src/main/webapp/WEB-INF/conf]
Fri Aug 19 06:48:36 UTC 2016|Alarm Manager|Loading Alarms ......
Fri Aug 19 06:48:36 UTC 2016|Alarm XML Parser|FWA|XML Parsing Complete........ 
Fri Aug 19 06:48:36 UTC 2016|Alarm File Manager|FWA|Alarm File Status.. [ApplicationFrameworkAlarms.xml]|Version=15|Status=Done 
Fri Aug 19 06:48:36 UTC 2016|Alarm File Manager|FWA|Alarm Stats = ( BC/AL=5/775 SYS=5/11 [775/0]  TPL=0/0 [0/0]  APP= A.Map=[860]  E.Map EC/RC=[391/79] )
Fri Aug 19 06:48:36 UTC 2016|Alarm XML Parser|APP|XML Parsing Complete........ 
Fri Aug 19 06:48:36 UTC 2016|Alarm File Manager|APP|Alarm File Status.. [ApplicationAlarms.xml]|Version=1|Status=Done 
Fri Aug 19 06:48:36 UTC 2016|Alarm File Manager|APP|Alarm Stats = ( BC/AL=5/775 SYS=5/11 [775/0]  TPL=0/0 [0/0]  APP=0/0 [0/0]  A.Map=[860]  E.Map EC/RC=[391/79] )
Fri Aug 19 06:48:36 UTC 2016|ApplicationAlarmContext| <><><><><> Create App Alarms ....  <><><><><> 
Fri Aug 19 06:48:36 UTC 2016|ApplicationAlarmContext|Alarms are generated ONLY in Development Mode.. 
Fri Aug 19 06:48:36 UTC 2016|Alarm Manager|APP|Alarm Stats = ( BC/AL=5/775 SYS=5/11 [775/0]  TPL=0/0 [0/0]  APP=0/0 [0/0]  A.Map=[860]  E.Map EC/RC=[391/79] )
Fri Aug 19 06:48:36 UTC 2016|Alarm Manager|Initialized Exception Lookup...
Fri Aug 19 06:48:36 UTC 2016|Log Manager|Initialize Log Config File ......
Fri Aug 19 06:48:36 UTC 2016|Pluggable Connectors|Adding Connectors : StandardOutputConnector isEnabled=true isDefault=false isFallBack=true
Fri Aug 19 06:48:36 UTC 2016|Pluggable Connectors|Adding Connectors : StandardFileConnector isEnabled=true isDefault=false isFallBack=false
Fri Aug 19 06:48:36 UTC 2016|Pluggable Connectors|Adding Connectors : Sprinkler isEnabled=true isDefault=true isFallBack=false
Fri Aug 19 06:48:36 UTC 2016|Pluggable Connectors|Default Connector Name : com.spartan.logger.core.LogMessenger
Fri Aug 19 06:48:36 UTC 2016|Log Config Parser|Connector Least Log Level =[4]  FallBack Log Level =[3]
Fri Aug 19 06:48:36 UTC 2016|Log Manager|Loading Default Connector for Logging ......
Fri Aug 19 06:48:36 UTC 2016|Log Manager|Loading class .. com.spartan.logger.core.LogMessenger
Fri Aug 19 06:48:36 UTC 2016|Plugggable Connector|Connector class com.spartan.logger.core.LogMessenger Initialized... @ Log Level = 3
Fri Aug 19 06:48:36 UTC 2016|Log Manager|Starting the Default Connector [com.spartan.logger.core.LogMessenger@4a03abd0] ....
Fri Aug 19 06:48:36 UTC 2016|Scheduler|Starting the Scheduler ......
Fri Aug 19 06:48:36 UTC 2016|Scheduler|Adding [LMID=[4be548d5-1d49-43c5-9d17-239ca5d6e51b]] Delay=5 Time Unit=MINUTES
Fri Aug 19 06:48:36 UTC 2016|Scheduler|Adding [App Alarm Manager File=[ApplicationAlarms.xml]] Delay=30 Time Unit=MINUTES
Fri Aug 19 06:48:36 UTC 2016|Scheduler|Adding [FW Alarm Manager File=[ApplicationFrameworkAlarms.xml]] Delay=3 Time Unit=MINUTES
Fri Aug 19 06:48:36 UTC 2016|Scheduler|Startup Completed..
Fri Aug 19 06:48:36 UTC 2016|Log Manager|Initialization Process Complete ......
Fri Aug 19 06:48:36 UTC 2016|Log Manager Factory|Log Manager READY! ID = 4be548d5-1d49-43c5-9d17-239ca5d6e51b
[EL Finer]: connection: 2016-08-19 06:48:36.608--ServerSession(1995875052)--Thread(Thread[Test worker,5,main])--client acquired: 12183007
[EL Finer]: transaction: 2016-08-19 06:48:36.608--ClientSession(12183007)--Thread(Thread[Test worker,5,main])--acquire unit of work: 748852184
[EL Finest]: connection: 2016-08-19 06:48:36.608--ServerSession(1995875052)--Connection(1704485068)--Thread(Thread[Test worker,5,main])--Connection acquired from connection pool [default].
[EL Finer]: transaction: 2016-08-19 06:48:36.608--ClientSession(12183007)--Connection(1704485068)--Thread(Thread[Test worker,5,main])--begin transaction
[EL Finest]: connection: 2016-08-19 06:48:36.609--ClientSession(12183007)--Thread(Thread[Test worker,5,main])--reconnecting to external connection pool
[EL Finest]: transaction: 2016-08-19 06:48:36.609--UnitOfWork(748852184)--Thread(Thread[Test worker,5,main])--persist() operation called on: DBnf5WY1I1FFhRr2Q3uxgaOEciE5dsfvZCNVaP49DdorWZSn8m.
[EL Finest]: sequencing: 2016-08-19 06:48:36.609--UnitOfWork(748852184)--Thread(Thread[Test worker,5,main])--assign sequence to the object (50F553C5-8680-4326-9C75-341D29882BB2 -> DBnf5WY1I1FFhRr2Q3uxgaOEciE5dsfvZCNVaP49DdorWZSn8m)
[EL Finer]: transaction: 2016-08-19 06:48:36.61--UnitOfWork(748852184)--Thread(Thread[Test worker,5,main])--begin unit of work commit
[EL Finest]: query: 2016-08-19 06:48:36.61--UnitOfWork(748852184)--Thread(Thread[Test worker,5,main])--Execute query InsertObjectQuery(DBnf5WY1I1FFhRr2Q3uxgaOEciE5dsfvZCNVaP49DdorWZSn8m)
[EL Fine]: sql: 2016-08-19 06:48:36.611--ClientSession(12183007)--Connection(1283464535)--Thread(Thread[Test worker,5,main])--INSERT INTO ast_Gender_M (genderId, gender, versionId, createdBy, createdDate, updatedBy, updatedDate, activeStatus, txnAccessCode) VALUES (?, ?, ?, ?, ?, ?, ?, ?, ?)
	bind => [50F553C5-8680-4326-9C75-341D29882BB2, DBnf5WY1I1FFhRr2Q3uxgaOEciE5dsfvZCNVaP49DdorWZSn8m, 1, AAAAA, 2016-08-19 06:48:36.596, AAAAA, 2016-08-19 06:48:36.596, 1, 51000]
[EL Finer]: transaction: 2016-08-19 06:48:36.613--ClientSession(12183007)--Connection(1283464535)--Thread(Thread[Test worker,5,main])--commit transaction
[EL Finest]: connection: 2016-08-19 06:48:36.686--ServerSession(1995875052)--Connection(1704485068)--Thread(Thread[Test worker,5,main])--Connection released to connection pool [default].
[EL Finer]: transaction: 2016-08-19 06:48:36.686--UnitOfWork(748852184)--Thread(Thread[Test worker,5,main])--end unit of work commit
[EL Finer]: transaction: 2016-08-19 06:48:36.687--UnitOfWork(748852184)--Thread(Thread[Test worker,5,main])--resume unit of work
[EL Finer]: transaction: 2016-08-19 06:48:36.687--UnitOfWork(748852184)--Thread(Thread[Test worker,5,main])--release unit of work
[EL Finer]: connection: 2016-08-19 06:48:36.687--ClientSession(12183007)--Thread(Thread[Test worker,5,main])--client released
[EL Finer]: connection: 2016-08-19 06:48:36.703--ServerSession(1995875052)--Thread(Thread[Test worker,5,main])--client acquired: 107591764
[EL Finer]: transaction: 2016-08-19 06:48:36.703--ClientSession(107591764)--Thread(Thread[Test worker,5,main])--acquire unit of work: 113546774
[EL Finest]: connection: 2016-08-19 06:48:36.703--ServerSession(1995875052)--Connection(1415152082)--Thread(Thread[Test worker,5,main])--Connection acquired from connection pool [default].
[EL Finer]: transaction: 2016-08-19 06:48:36.703--ClientSession(107591764)--Connection(1415152082)--Thread(Thread[Test worker,5,main])--begin transaction
[EL Finest]: connection: 2016-08-19 06:48:36.703--ClientSession(107591764)--Thread(Thread[Test worker,5,main])--reconnecting to external connection pool
[EL Finer]: transaction: 2016-08-19 06:48:36.704--UnitOfWork(113546774)--Thread(Thread[Test worker,5,main])--begin unit of work flush
[EL Finer]: transaction: 2016-08-19 06:48:36.704--UnitOfWork(113546774)--Thread(Thread[Test worker,5,main])--end unit of work flush
[EL Finest]: query: 2016-08-19 06:48:36.704--UnitOfWork(113546774)--Thread(Thread[Test worker,5,main])--Execute query ReadAllQuery(name="Gender.findById" referenceClass=Gender sql="SELECT genderId, gender, versionId, createdBy, createdDate, updatedBy, updatedDate, activeStatus, txnAccessCode FROM ast_Gender_M WHERE ((activeStatus = ?) AND (genderId = ?))")
[EL Fine]: sql: 2016-08-19 06:48:36.704--ClientSession(107591764)--Connection(766335010)--Thread(Thread[Test worker,5,main])--SELECT genderId, gender, versionId, createdBy, createdDate, updatedBy, updatedDate, activeStatus, txnAccessCode FROM ast_Gender_M WHERE ((activeStatus = ?) AND (genderId = ?))
	bind => [1, 50F553C5-8680-4326-9C75-341D29882BB2]
[EL Finer]: transaction: 2016-08-19 06:48:36.706--UnitOfWork(113546774)--Thread(Thread[Test worker,5,main])--begin unit of work commit
[EL Finer]: transaction: 2016-08-19 06:48:36.706--ClientSession(107591764)--Connection(766335010)--Thread(Thread[Test worker,5,main])--commit transaction
[EL Finest]: connection: 2016-08-19 06:48:36.706--ServerSession(1995875052)--Connection(1415152082)--Thread(Thread[Test worker,5,main])--Connection released to connection pool [default].
[EL Finer]: transaction: 2016-08-19 06:48:36.706--UnitOfWork(113546774)--Thread(Thread[Test worker,5,main])--end unit of work commit
[EL Finer]: transaction: 2016-08-19 06:48:36.706--UnitOfWork(113546774)--Thread(Thread[Test worker,5,main])--resume unit of work
[EL Finer]: transaction: 2016-08-19 06:48:36.707--UnitOfWork(113546774)--Thread(Thread[Test worker,5,main])--release unit of work
[EL Finer]: connection: 2016-08-19 06:48:36.707--ClientSession(107591764)--Thread(Thread[Test worker,5,main])--client released
[EL Finer]: connection: 2016-08-19 06:48:36.707--ServerSession(1995875052)--Thread(Thread[Test worker,5,main])--client acquired: 1627240907
[EL Finer]: transaction: 2016-08-19 06:48:36.707--ClientSession(1627240907)--Thread(Thread[Test worker,5,main])--acquire unit of work: 833679404
[EL Finest]: connection: 2016-08-19 06:48:36.707--ServerSession(1995875052)--Connection(1466430000)--Thread(Thread[Test worker,5,main])--Connection acquired from connection pool [default].
[EL Finer]: transaction: 2016-08-19 06:48:36.707--ClientSession(1627240907)--Connection(1466430000)--Thread(Thread[Test worker,5,main])--begin transaction
[EL Finest]: connection: 2016-08-19 06:48:36.707--ClientSession(1627240907)--Thread(Thread[Test worker,5,main])--reconnecting to external connection pool
[EL Finest]: transaction: 2016-08-19 06:48:36.709--UnitOfWork(833679404)--Thread(Thread[Test worker,5,main])--Merge clone with references c2T2ckBulfFwl8UnmbBrZbAnn8VIkHHNq4JZVFQruul99tibf3
[EL Finest]: query: 2016-08-19 06:48:36.709--UnitOfWork(833679404)--Thread(Thread[Test worker,5,main])--Execute query ReadObjectQuery(referenceClass=Gender )
[EL Fine]: sql: 2016-08-19 06:48:36.709--ClientSession(1627240907)--Connection(2057992227)--Thread(Thread[Test worker,5,main])--SELECT genderId, gender, versionId, createdBy, createdDate, updatedBy, updatedDate, activeStatus, txnAccessCode FROM ast_Gender_M WHERE (genderId = ?)
	bind => [50F553C5-8680-4326-9C75-341D29882BB2]
[EL Finer]: transaction: 2016-08-19 06:48:36.711--UnitOfWork(833679404)--Thread(Thread[Test worker,5,main])--begin unit of work commit
[EL Finest]: query: 2016-08-19 06:48:36.711--UnitOfWork(833679404)--Thread(Thread[Test worker,5,main])--Execute query UpdateObjectQuery(c2T2ckBulfFwl8UnmbBrZbAnn8VIkHHNq4JZVFQruul99tibf3)
[EL Fine]: sql: 2016-08-19 06:48:36.711--ClientSession(1627240907)--Connection(2057992227)--Thread(Thread[Test worker,5,main])--UPDATE ast_Gender_M SET gender = ?, versionId = ? WHERE ((genderId = ?) AND (versionId = ?))
	bind => [c2T2ckBulfFwl8UnmbBrZbAnn8VIkHHNq4JZVFQruul99tibf3, 2, 50F553C5-8680-4326-9C75-341D29882BB2, 1]
[EL Finer]: transaction: 2016-08-19 06:48:36.712--ClientSession(1627240907)--Connection(2057992227)--Thread(Thread[Test worker,5,main])--commit transaction
[EL Finest]: connection: 2016-08-19 06:48:36.753--ServerSession(1995875052)--Connection(1466430000)--Thread(Thread[Test worker,5,main])--Connection released to connection pool [default].
[EL Finer]: transaction: 2016-08-19 06:48:36.753--UnitOfWork(833679404)--Thread(Thread[Test worker,5,main])--end unit of work commit
[EL Finer]: transaction: 2016-08-19 06:48:36.753--UnitOfWork(833679404)--Thread(Thread[Test worker,5,main])--resume unit of work
[EL Finer]: transaction: 2016-08-19 06:48:36.753--UnitOfWork(833679404)--Thread(Thread[Test worker,5,main])--release unit of work
[EL Finer]: connection: 2016-08-19 06:48:36.754--ClientSession(1627240907)--Thread(Thread[Test worker,5,main])--client released
[EL Finer]: connection: 2016-08-19 06:48:36.768--ServerSession(1995875052)--Thread(Thread[Test worker,5,main])--client acquired: 825793354
[EL Finer]: transaction: 2016-08-19 06:48:36.768--ClientSession(825793354)--Thread(Thread[Test worker,5,main])--acquire unit of work: 2069573764
[EL Finest]: connection: 2016-08-19 06:48:36.768--ServerSession(1995875052)--Connection(533621089)--Thread(Thread[Test worker,5,main])--Connection acquired from connection pool [default].
[EL Finer]: transaction: 2016-08-19 06:48:36.768--ClientSession(825793354)--Connection(533621089)--Thread(Thread[Test worker,5,main])--begin transaction
[EL Finest]: connection: 2016-08-19 06:48:36.768--ClientSession(825793354)--Thread(Thread[Test worker,5,main])--reconnecting to external connection pool
[EL Finer]: transaction: 2016-08-19 06:48:36.769--UnitOfWork(2069573764)--Thread(Thread[Test worker,5,main])--begin unit of work flush
[EL Finer]: transaction: 2016-08-19 06:48:36.769--UnitOfWork(2069573764)--Thread(Thread[Test worker,5,main])--end unit of work flush
[EL Finest]: query: 2016-08-19 06:48:36.769--UnitOfWork(2069573764)--Thread(Thread[Test worker,5,main])--Execute query ReadAllQuery(name="Gender.findById" referenceClass=Gender sql="SELECT genderId, gender, versionId, createdBy, createdDate, updatedBy, updatedDate, activeStatus, txnAccessCode FROM ast_Gender_M WHERE ((activeStatus = ?) AND (genderId = ?))")
[EL Fine]: sql: 2016-08-19 06:48:36.769--ClientSession(825793354)--Connection(1618360122)--Thread(Thread[Test worker,5,main])--SELECT genderId, gender, versionId, createdBy, createdDate, updatedBy, updatedDate, activeStatus, txnAccessCode FROM ast_Gender_M WHERE ((activeStatus = ?) AND (genderId = ?))
	bind => [1, 50F553C5-8680-4326-9C75-341D29882BB2]
[EL Finer]: transaction: 2016-08-19 06:48:36.771--UnitOfWork(2069573764)--Thread(Thread[Test worker,5,main])--begin unit of work commit
[EL Finer]: transaction: 2016-08-19 06:48:36.771--ClientSession(825793354)--Connection(1618360122)--Thread(Thread[Test worker,5,main])--commit transaction
[EL Finest]: connection: 2016-08-19 06:48:36.771--ServerSession(1995875052)--Connection(533621089)--Thread(Thread[Test worker,5,main])--Connection released to connection pool [default].
[EL Finer]: transaction: 2016-08-19 06:48:36.771--UnitOfWork(2069573764)--Thread(Thread[Test worker,5,main])--end unit of work commit
[EL Finer]: transaction: 2016-08-19 06:48:36.771--UnitOfWork(2069573764)--Thread(Thread[Test worker,5,main])--resume unit of work
[EL Finer]: transaction: 2016-08-19 06:48:36.771--UnitOfWork(2069573764)--Thread(Thread[Test worker,5,main])--release unit of work
[EL Finer]: connection: 2016-08-19 06:48:36.772--ClientSession(825793354)--Thread(Thread[Test worker,5,main])--client released
[EL Finer]: connection: 2016-08-19 06:48:36.794--ServerSession(1995875052)--Thread(Thread[Test worker,5,main])--client acquired: 1774079861
[EL Finer]: transaction: 2016-08-19 06:48:36.794--ClientSession(1774079861)--Thread(Thread[Test worker,5,main])--acquire unit of work: 1297268879
[EL Finest]: connection: 2016-08-19 06:48:36.794--ServerSession(1995875052)--Connection(1944065009)--Thread(Thread[Test worker,5,main])--Connection acquired from connection pool [default].
[EL Finer]: transaction: 2016-08-19 06:48:36.794--ClientSession(1774079861)--Connection(1944065009)--Thread(Thread[Test worker,5,main])--begin transaction
[EL Finest]: connection: 2016-08-19 06:48:36.794--ClientSession(1774079861)--Thread(Thread[Test worker,5,main])--reconnecting to external connection pool
[EL Finest]: query: 2016-08-19 06:48:36.795--UnitOfWork(1297268879)--Thread(Thread[Test worker,5,main])--Execute query ReadObjectQuery(name="readGender" referenceClass=Gender sql="SELECT genderId, gender, versionId, createdBy, createdDate, updatedBy, updatedDate, activeStatus, txnAccessCode FROM ast_Gender_M WHERE (genderId = ?)")
[EL Fine]: sql: 2016-08-19 06:48:36.795--ClientSession(1774079861)--Connection(623596124)--Thread(Thread[Test worker,5,main])--SELECT genderId, gender, versionId, createdBy, createdDate, updatedBy, updatedDate, activeStatus, txnAccessCode FROM ast_Gender_M WHERE (genderId = ?)
	bind => [50F553C5-8680-4326-9C75-341D29882BB2]
[EL Finest]: transaction: 2016-08-19 06:48:36.796--UnitOfWork(1297268879)--Thread(Thread[Test worker,5,main])--remove() operation called on: c2T2ckBulfFwl8UnmbBrZbAnn8VIkHHNq4JZVFQruul99tibf3
[EL Finer]: transaction: 2016-08-19 06:48:36.797--UnitOfWork(1297268879)--Thread(Thread[Test worker,5,main])--begin unit of work commit
[EL Finest]: query: 2016-08-19 06:48:36.797--UnitOfWork(1297268879)--Thread(Thread[Test worker,5,main])--Execute query DoesExistQuery(referenceClass=Gender )
[EL Finest]: query: 2016-08-19 06:48:36.797--UnitOfWork(1297268879)--Thread(Thread[Test worker,5,main])--Execute query DeleteObjectQuery(c2T2ckBulfFwl8UnmbBrZbAnn8VIkHHNq4JZVFQruul99tibf3)
[EL Fine]: sql: 2016-08-19 06:48:36.797--ClientSession(1774079861)--Connection(623596124)--Thread(Thread[Test worker,5,main])--DELETE FROM ast_Gender_M WHERE ((genderId = ?) AND (versionId = ?))
	bind => [50F553C5-8680-4326-9C75-341D29882BB2, 2]
[EL Finer]: transaction: 2016-08-19 06:48:36.798--ClientSession(1774079861)--Connection(623596124)--Thread(Thread[Test worker,5,main])--commit transaction
[EL Finest]: connection: 2016-08-19 06:48:36.92--ServerSession(1995875052)--Connection(1944065009)--Thread(Thread[Test worker,5,main])--Connection released to connection pool [default].
[EL Finer]: transaction: 2016-08-19 06:48:36.92--UnitOfWork(1297268879)--Thread(Thread[Test worker,5,main])--end unit of work commit
[EL Finer]: transaction: 2016-08-19 06:48:36.921--UnitOfWork(1297268879)--Thread(Thread[Test worker,5,main])--resume unit of work
[EL Finer]: transaction: 2016-08-19 06:48:36.921--UnitOfWork(1297268879)--Thread(Thread[Test worker,5,main])--release unit of work
[EL Finer]: connection: 2016-08-19 06:48:36.921--ClientSession(1774079861)--Thread(Thread[Test worker,5,main])--client released
]]></system-out>
  <system-err><![CDATA[Gender.gender may not be null
java.lang.SecurityException: Gender.gender may not be null
	at com.athena.server.pluggable.utils.helper.EntityValidatorHelper.validateEntity(EntityValidatorHelper.java:37)
	at com.app.shared.organization.contactmanagement.Gender.isValid(Gender.java:148)
	at com.app.server.service.organization.contactmanagement.GenderTestCase.validateGender(GenderTestCase.java:204)
	at com.app.server.service.organization.contactmanagement.GenderTestCase.test5NegativeTesting(GenderTestCase.java:235)
	at sun.reflect.NativeMethodAccessorImpl.invoke0(Native Method)
	at sun.reflect.NativeMethodAccessorImpl.invoke(NativeMethodAccessorImpl.java:57)
	at sun.reflect.DelegatingMethodAccessorImpl.invoke(DelegatingMethodAccessorImpl.java:43)
	at java.lang.reflect.Method.invoke(Method.java:606)
	at org.junit.runners.model.FrameworkMethod$1.runReflectiveCall(FrameworkMethod.java:47)
	at org.junit.internal.runners.model.ReflectiveCallable.run(ReflectiveCallable.java:12)
	at org.junit.runners.model.FrameworkMethod.invokeExplosively(FrameworkMethod.java:44)
	at org.junit.internal.runners.statements.InvokeMethod.evaluate(InvokeMethod.java:17)
	at org.junit.internal.runners.statements.RunBefores.evaluate(RunBefores.java:26)
	at org.springframework.test.context.junit4.statements.RunBeforeTestMethodCallbacks.evaluate(RunBeforeTestMethodCallbacks.java:74)
	at org.junit.internal.runners.statements.RunAfters.evaluate(RunAfters.java:27)
	at org.springframework.test.context.junit4.statements.RunAfterTestMethodCallbacks.evaluate(RunAfterTestMethodCallbacks.java:83)
	at org.springframework.test.context.junit4.statements.SpringRepeat.evaluate(SpringRepeat.java:72)
	at org.springframework.test.context.junit4.SpringJUnit4ClassRunner.runChild(SpringJUnit4ClassRunner.java:233)
	at org.springframework.test.context.junit4.SpringJUnit4ClassRunner.runChild(SpringJUnit4ClassRunner.java:87)
	at org.junit.runners.ParentRunner$3.run(ParentRunner.java:238)
	at org.junit.runners.ParentRunner$1.schedule(ParentRunner.java:63)
	at org.junit.runners.ParentRunner.runChildren(ParentRunner.java:236)
	at org.junit.runners.ParentRunner.access$000(ParentRunner.java:53)
	at org.junit.runners.ParentRunner$2.evaluate(ParentRunner.java:229)
	at org.junit.internal.runners.statements.RunBefores.evaluate(RunBefores.java:26)
	at org.springframework.test.context.junit4.statements.RunBeforeTestClassCallbacks.evaluate(RunBeforeTestClassCallbacks.java:61)
	at org.springframework.test.context.junit4.statements.RunAfterTestClassCallbacks.evaluate(RunAfterTestClassCallbacks.java:71)
	at org.junit.runners.ParentRunner.run(ParentRunner.java:309)
	at org.springframework.test.context.junit4.SpringJUnit4ClassRunner.run(SpringJUnit4ClassRunner.java:176)
	at org.gradle.api.internal.tasks.testing.junit.JUnitTestClassExecuter.runTestClass(JUnitTestClassExecuter.java:86)
	at org.gradle.api.internal.tasks.testing.junit.JUnitTestClassExecuter.execute(JUnitTestClassExecuter.java:49)
	at org.gradle.api.internal.tasks.testing.junit.JUnitTestClassProcessor.processTestClass(JUnitTestClassProcessor.java:64)
	at org.gradle.api.internal.tasks.testing.SuiteTestClassProcessor.processTestClass(SuiteTestClassProcessor.java:50)
	at sun.reflect.NativeMethodAccessorImpl.invoke0(Native Method)
	at sun.reflect.NativeMethodAccessorImpl.invoke(NativeMethodAccessorImpl.java:57)
	at sun.reflect.DelegatingMethodAccessorImpl.invoke(DelegatingMethodAccessorImpl.java:43)
	at java.lang.reflect.Method.invoke(Method.java:606)
	at org.gradle.messaging.dispatch.ReflectionDispatch.dispatch(ReflectionDispatch.java:35)
	at org.gradle.messaging.dispatch.ReflectionDispatch.dispatch(ReflectionDispatch.java:24)
	at org.gradle.messaging.dispatch.ContextClassLoaderDispatch.dispatch(ContextClassLoaderDispatch.java:32)
	at org.gradle.messaging.dispatch.ProxyDispatchAdapter$DispatchingInvocationHandler.invoke(ProxyDispatchAdapter.java:93)
	at com.sun.proxy.$Proxy2.processTestClass(Unknown Source)
	at org.gradle.api.internal.tasks.testing.worker.TestWorker.processTestClass(TestWorker.java:106)
	at sun.reflect.NativeMethodAccessorImpl.invoke0(Native Method)
	at sun.reflect.NativeMethodAccessorImpl.invoke(NativeMethodAccessorImpl.java:57)
	at sun.reflect.DelegatingMethodAccessorImpl.invoke(DelegatingMethodAccessorImpl.java:43)
	at java.lang.reflect.Method.invoke(Method.java:606)
	at org.gradle.messaging.dispatch.ReflectionDispatch.dispatch(ReflectionDispatch.java:35)
	at org.gradle.messaging.dispatch.ReflectionDispatch.dispatch(ReflectionDispatch.java:24)
	at org.gradle.messaging.remote.internal.hub.MessageHub$Handler.run(MessageHub.java:360)
	at org.gradle.internal.concurrent.DefaultExecutorFactory$StoppableExecutorImpl$1.run(DefaultExecutorFactory.java:64)
	at java.util.concurrent.ThreadPoolExecutor.runWorker(ThreadPoolExecutor.java:1145)
	at java.util.concurrent.ThreadPoolExecutor$Worker.run(ThreadPoolExecutor.java:615)
	at java.lang.Thread.run(Thread.java:745)
Gender.gender size must be between 0 and 256
java.lang.SecurityException: Gender.gender size must be between 0 and 256
	at com.athena.server.pluggable.utils.helper.EntityValidatorHelper.validateEntity(EntityValidatorHelper.java:37)
	at com.app.shared.organization.contactmanagement.Gender.isValid(Gender.java:148)
	at com.app.server.service.organization.contactmanagement.GenderTestCase.validateGender(GenderTestCase.java:202)
	at com.app.server.service.organization.contactmanagement.GenderTestCase.test5NegativeTesting(GenderTestCase.java:240)
	at sun.reflect.NativeMethodAccessorImpl.invoke0(Native Method)
	at sun.reflect.NativeMethodAccessorImpl.invoke(NativeMethodAccessorImpl.java:57)
	at sun.reflect.DelegatingMethodAccessorImpl.invoke(DelegatingMethodAccessorImpl.java:43)
	at java.lang.reflect.Method.invoke(Method.java:606)
	at org.junit.runners.model.FrameworkMethod$1.runReflectiveCall(FrameworkMethod.java:47)
	at org.junit.internal.runners.model.ReflectiveCallable.run(ReflectiveCallable.java:12)
	at org.junit.runners.model.FrameworkMethod.invokeExplosively(FrameworkMethod.java:44)
	at org.junit.internal.runners.statements.InvokeMethod.evaluate(InvokeMethod.java:17)
	at org.junit.internal.runners.statements.RunBefores.evaluate(RunBefores.java:26)
	at org.springframework.test.context.junit4.statements.RunBeforeTestMethodCallbacks.evaluate(RunBeforeTestMethodCallbacks.java:74)
	at org.junit.internal.runners.statements.RunAfters.evaluate(RunAfters.java:27)
	at org.springframework.test.context.junit4.statements.RunAfterTestMethodCallbacks.evaluate(RunAfterTestMethodCallbacks.java:83)
	at org.springframework.test.context.junit4.statements.SpringRepeat.evaluate(SpringRepeat.java:72)
	at org.springframework.test.context.junit4.SpringJUnit4ClassRunner.runChild(SpringJUnit4ClassRunner.java:233)
	at org.springframework.test.context.junit4.SpringJUnit4ClassRunner.runChild(SpringJUnit4ClassRunner.java:87)
	at org.junit.runners.ParentRunner$3.run(ParentRunner.java:238)
	at org.junit.runners.ParentRunner$1.schedule(ParentRunner.java:63)
	at org.junit.runners.ParentRunner.runChildren(ParentRunner.java:236)
	at org.junit.runners.ParentRunner.access$000(ParentRunner.java:53)
	at org.junit.runners.ParentRunner$2.evaluate(ParentRunner.java:229)
	at org.junit.internal.runners.statements.RunBefores.evaluate(RunBefores.java:26)
	at org.springframework.test.context.junit4.statements.RunBeforeTestClassCallbacks.evaluate(RunBeforeTestClassCallbacks.java:61)
	at org.springframework.test.context.junit4.statements.RunAfterTestClassCallbacks.evaluate(RunAfterTestClassCallbacks.java:71)
	at org.junit.runners.ParentRunner.run(ParentRunner.java:309)
	at org.springframework.test.context.junit4.SpringJUnit4ClassRunner.run(SpringJUnit4ClassRunner.java:176)
	at org.gradle.api.internal.tasks.testing.junit.JUnitTestClassExecuter.runTestClass(JUnitTestClassExecuter.java:86)
	at org.gradle.api.internal.tasks.testing.junit.JUnitTestClassExecuter.execute(JUnitTestClassExecuter.java:49)
	at org.gradle.api.internal.tasks.testing.junit.JUnitTestClassProcessor.processTestClass(JUnitTestClassProcessor.java:64)
	at org.gradle.api.internal.tasks.testing.SuiteTestClassProcessor.processTestClass(SuiteTestClassProcessor.java:50)
	at sun.reflect.NativeMethodAccessorImpl.invoke0(Native Method)
	at sun.reflect.NativeMethodAccessorImpl.invoke(NativeMethodAccessorImpl.java:57)
	at sun.reflect.DelegatingMethodAccessorImpl.invoke(DelegatingMethodAccessorImpl.java:43)
	at java.lang.reflect.Method.invoke(Method.java:606)
	at org.gradle.messaging.dispatch.ReflectionDispatch.dispatch(ReflectionDispatch.java:35)
	at org.gradle.messaging.dispatch.ReflectionDispatch.dispatch(ReflectionDispatch.java:24)
	at org.gradle.messaging.dispatch.ContextClassLoaderDispatch.dispatch(ContextClassLoaderDispatch.java:32)
	at org.gradle.messaging.dispatch.ProxyDispatchAdapter$DispatchingInvocationHandler.invoke(ProxyDispatchAdapter.java:93)
	at com.sun.proxy.$Proxy2.processTestClass(Unknown Source)
	at org.gradle.api.internal.tasks.testing.worker.TestWorker.processTestClass(TestWorker.java:106)
	at sun.reflect.NativeMethodAccessorImpl.invoke0(Native Method)
	at sun.reflect.NativeMethodAccessorImpl.invoke(NativeMethodAccessorImpl.java:57)
	at sun.reflect.DelegatingMethodAccessorImpl.invoke(DelegatingMethodAccessorImpl.java:43)
	at java.lang.reflect.Method.invoke(Method.java:606)
	at org.gradle.messaging.dispatch.ReflectionDispatch.dispatch(ReflectionDispatch.java:35)
	at org.gradle.messaging.dispatch.ReflectionDispatch.dispatch(ReflectionDispatch.java:24)
	at org.gradle.messaging.remote.internal.hub.MessageHub$Handler.run(MessageHub.java:360)
	at org.gradle.internal.concurrent.DefaultExecutorFactory$StoppableExecutorImpl$1.run(DefaultExecutorFactory.java:64)
	at java.util.concurrent.ThreadPoolExecutor.runWorker(ThreadPoolExecutor.java:1145)
	at java.util.concurrent.ThreadPoolExecutor$Worker.run(ThreadPoolExecutor.java:615)
	at java.lang.Thread.run(Thread.java:745)
]]></system-err>
</testsuite>
