<?xml version="1.0" encoding="UTF-8"?>
<testsuite name="com.app.server.service.appbasicsetup.usermanagement.QuestionTestCase" tests="5" skipped="0" failures="0" errors="0" timestamp="2016-08-19T06:47:48" hostname="94a004f5148e" time="25.192">
  <properties/>
  <testcase name="test1Save" classname="com.app.server.service.appbasicsetup.usermanagement.QuestionTestCase" time="24.728"/>
  <testcase name="test2Update" classname="com.app.server.service.appbasicsetup.usermanagement.QuestionTestCase" time="0.21"/>
  <testcase name="test3FindById" classname="com.app.server.service.appbasicsetup.usermanagement.QuestionTestCase" time="0.021"/>
  <testcase name="test5NegativeTesting" classname="com.app.server.service.appbasicsetup.usermanagement.QuestionTestCase" time="0.035"/>
  <testcase name="test6Delete" classname="com.app.server.service.appbasicsetup.usermanagement.QuestionTestCase" time="0.197"/>
  <system-out><![CDATA[Fri Aug 19 06:47:48 UTC 2016|Log Manager Factory|Initialization Process started.....
Fri Aug 19 06:47:48 UTC 2016|Log Manager|Initialized with Path = [/home/applifire/workspace/eproject/src/main/webapp/WEB-INF/conf]
Fri Aug 19 06:47:48 UTC 2016|Alarm Manager|Initialized with Path = [/home/applifire/workspace/eproject/src/main/webapp/WEB-INF/conf]
Fri Aug 19 06:47:48 UTC 2016|Alarm Manager|Loading Alarms ......
Fri Aug 19 06:47:48 UTC 2016|Alarm XML Parser|FWA|XML Parsing Complete........ 
Fri Aug 19 06:47:48 UTC 2016|Alarm File Manager|FWA|Alarm File Status.. [ApplicationFrameworkAlarms.xml]|Version=15|Status=Done 
Fri Aug 19 06:47:48 UTC 2016|Alarm File Manager|FWA|Alarm Stats = ( BC/AL=5/775 SYS=5/11 [775/0]  TPL=0/0 [0/0]  APP= A.Map=[860]  E.Map EC/RC=[391/79] )
Fri Aug 19 06:47:48 UTC 2016|Alarm XML Parser|APP|XML Parsing Complete........ 
Fri Aug 19 06:47:48 UTC 2016|Alarm File Manager|APP|Alarm File Status.. [ApplicationAlarms.xml]|Version=1|Status=Done 
Fri Aug 19 06:47:48 UTC 2016|Alarm File Manager|APP|Alarm Stats = ( BC/AL=5/775 SYS=5/11 [775/0]  TPL=0/0 [0/0]  APP=0/0 [0/0]  A.Map=[860]  E.Map EC/RC=[391/79] )
Fri Aug 19 06:47:48 UTC 2016|ApplicationAlarmContext| <><><><><> Create App Alarms ....  <><><><><> 
Fri Aug 19 06:47:48 UTC 2016|ApplicationAlarmContext|Alarms are generated ONLY in Development Mode.. 
Fri Aug 19 06:47:48 UTC 2016|Alarm Manager|APP|Alarm Stats = ( BC/AL=5/775 SYS=5/11 [775/0]  TPL=0/0 [0/0]  APP=0/0 [0/0]  A.Map=[860]  E.Map EC/RC=[391/79] )
Fri Aug 19 06:47:48 UTC 2016|Alarm Manager|Initialized Exception Lookup...
Fri Aug 19 06:47:48 UTC 2016|Log Manager|Initialize Log Config File ......
Fri Aug 19 06:47:48 UTC 2016|Pluggable Connectors|Adding Connectors : StandardOutputConnector isEnabled=true isDefault=false isFallBack=true
Fri Aug 19 06:47:48 UTC 2016|Pluggable Connectors|Adding Connectors : StandardFileConnector isEnabled=true isDefault=false isFallBack=false
Fri Aug 19 06:47:48 UTC 2016|Pluggable Connectors|Adding Connectors : Sprinkler isEnabled=true isDefault=true isFallBack=false
Fri Aug 19 06:47:48 UTC 2016|Pluggable Connectors|Default Connector Name : com.spartan.logger.core.LogMessenger
Fri Aug 19 06:47:48 UTC 2016|Log Config Parser|Connector Least Log Level =[4]  FallBack Log Level =[3]
Fri Aug 19 06:47:48 UTC 2016|Log Manager|Loading Default Connector for Logging ......
Fri Aug 19 06:47:48 UTC 2016|Log Manager|Loading class .. com.spartan.logger.core.LogMessenger
Fri Aug 19 06:47:48 UTC 2016|Plugggable Connector|Connector class com.spartan.logger.core.LogMessenger Initialized... @ Log Level = 3
Fri Aug 19 06:47:48 UTC 2016|Log Manager|Starting the Default Connector [com.spartan.logger.core.LogMessenger@51f102bd] ....
Fri Aug 19 06:47:48 UTC 2016|Scheduler|Starting the Scheduler ......
Fri Aug 19 06:47:48 UTC 2016|Scheduler|Adding [LMID=[4be548d5-1d49-43c5-9d17-239ca5d6e51b]] Delay=5 Time Unit=MINUTES
Fri Aug 19 06:47:48 UTC 2016|Scheduler|Adding [App Alarm Manager File=[ApplicationAlarms.xml]] Delay=30 Time Unit=MINUTES
Fri Aug 19 06:47:48 UTC 2016|Scheduler|Adding [FW Alarm Manager File=[ApplicationFrameworkAlarms.xml]] Delay=3 Time Unit=MINUTES
Fri Aug 19 06:47:48 UTC 2016|Scheduler|Startup Completed..
Fri Aug 19 06:47:48 UTC 2016|Log Manager|Initialization Process Complete ......
Fri Aug 19 06:47:48 UTC 2016|Log Manager Factory|Log Manager READY! ID = 4be548d5-1d49-43c5-9d17-239ca5d6e51b
[EL Finest]: jpa: 2016-08-19 06:47:56.845--ServerSession(1995875052)--Thread(Thread[Test worker,5,main])--Begin predeploying Persistence Unit com; session file:/home/applifire/workspace/eproject/build/libs/app-shared-appbasicsetup-usermanagement-1.0.jar_com; state Initial; factoryCount 0
[EL Finest]: properties: 2016-08-19 06:47:56.882--ServerSession(1995875052)--Thread(Thread[Test worker,5,main])--property=eclipselink.orm.throw.exceptions; default value=true
[EL Finest]: properties: 2016-08-19 06:47:56.883--ServerSession(1995875052)--Thread(Thread[Test worker,5,main])--property=eclipselink.multitenant.tenants-share-emf; default value=true
[EL Finest]: properties: 2016-08-19 06:47:56.883--ServerSession(1995875052)--Thread(Thread[Test worker,5,main])--property=eclipselink.multitenant.tenants-share-cache; default value=false
[EL Finer]: metadata: 2016-08-19 06:47:56.902--ServerSession(1995875052)--Thread(Thread[Test worker,5,main])--Searching for default mapping file in file:/home/applifire/workspace/eproject/build/libs/app-shared-appbasicsetup-usermanagement-1.0.jar (There is no English translation for this message.)
[EL Finer]: metadata: 2016-08-19 06:47:56.907--ServerSession(1995875052)--Thread(Thread[Test worker,5,main])--Searching for default mapping file in file:/home/applifire/workspace/eproject/build/libs/app-shared-appbasicsetup-usermanagement-1.0.jar (There is no English translation for this message.)
[EL Config]: metadata: 2016-08-19 06:47:57.159--ServerSession(1995875052)--Thread(Thread[Test worker,5,main])--The access type for the persistent class [class com.app.shared.appbasicsetup.usermanagement.ArtPasswordPolicy] is set to [FIELD].
[EL Config]: metadata: 2016-08-19 06:47:57.191--ServerSession(1995875052)--Thread(Thread[Test worker,5,main])--The access type for the persistent class [class com.app.shared.appbasicsetup.usermanagement.PasswordAlgo] is set to [FIELD].
[EL Config]: metadata: 2016-08-19 06:47:57.193--ServerSession(1995875052)--Thread(Thread[Test worker,5,main])--The access type for the persistent class [class com.app.shared.organization.contactmanagement.ContactType] is set to [FIELD].
[EL Config]: metadata: 2016-08-19 06:47:57.195--ServerSession(1995875052)--Thread(Thread[Test worker,5,main])--The access type for the persistent class [class com.app.shared.organization.contactmanagement.CoreContacts] is set to [FIELD].
[EL Config]: metadata: 2016-08-19 06:47:57.206--ServerSession(1995875052)--Thread(Thread[Test worker,5,main])--The target entity (reference) class for the one to one mapping element [field timezone] is being defaulted to: class com.app.shared.organization.locationmanagement.Timezone.
[EL Config]: metadata: 2016-08-19 06:47:57.216--ServerSession(1995875052)--Thread(Thread[Test worker,5,main])--The target entity (reference) class for the one to many mapping element [field address] is being defaulted to: class com.app.shared.organization.locationmanagement.Address.
[EL Config]: metadata: 2016-08-19 06:47:57.218--ServerSession(1995875052)--Thread(Thread[Test worker,5,main])--The target entity (reference) class for the one to many mapping element [field communicationData] is being defaulted to: class com.app.shared.organization.contactmanagement.CommunicationData.
[EL Config]: metadata: 2016-08-19 06:47:57.22--ServerSession(1995875052)--Thread(Thread[Test worker,5,main])--The access type for the persistent class [class com.app.shared.organization.locationmanagement.City] is set to [FIELD].
[EL Config]: metadata: 2016-08-19 06:47:57.222--ServerSession(1995875052)--Thread(Thread[Test worker,5,main])--The access type for the persistent class [class com.app.shared.appbasicsetup.usermanagement.ArtPasswordAlgorithm] is set to [FIELD].
[EL Config]: metadata: 2016-08-19 06:47:57.223--ServerSession(1995875052)--Thread(Thread[Test worker,5,main])--The access type for the persistent class [class com.app.shared.appbasicsetup.usermanagement.SessionData] is set to [FIELD].
[EL Config]: metadata: 2016-08-19 06:47:57.226--ServerSession(1995875052)--Thread(Thread[Test worker,5,main])--The access type for the persistent class [class com.athena.shared.pluggable.entity.ArtEntity] is set to [FIELD].
[EL Config]: metadata: 2016-08-19 06:47:57.229--ServerSession(1995875052)--Thread(Thread[Test worker,5,main])--The access type for the persistent class [class com.athena.shared.pluggable.entity.AuditPropertiesEntity] is set to [FIELD].
[EL Config]: metadata: 2016-08-19 06:47:57.232--ServerSession(1995875052)--Thread(Thread[Test worker,5,main])--The access type for the persistent class [class com.app.shared.appbasicsetup.aaa.ArtUserLastStatus] is set to [FIELD].
[EL Config]: metadata: 2016-08-19 06:47:57.234--ServerSession(1995875052)--Thread(Thread[Test worker,5,main])--The access type for the persistent class [class com.spartan.healthmeter.entity.ArtHealthStatusConfiguration] is set to [FIELD].
[EL Config]: metadata: 2016-08-19 06:47:57.236--ServerSession(1995875052)--Thread(Thread[Test worker,5,main])--The access type for the persistent class [class com.app.shared.appinsight.alarms.ArtLogSeverity] is set to [FIELD].
[EL Config]: metadata: 2016-08-19 06:47:57.237--ServerSession(1995875052)--Thread(Thread[Test worker,5,main])--The access type for the persistent class [class com.app.shared.appinsight.alarms.ArtDomain] is set to [FIELD].
[EL Config]: metadata: 2016-08-19 06:47:57.238--ServerSession(1995875052)--Thread(Thread[Test worker,5,main])--The target entity (reference) class for the many to one mapping element [field artBoundedContext] is being defaulted to: class com.app.shared.appinsight.alarms.ArtBoundedContext.
[EL Config]: metadata: 2016-08-19 06:47:57.239--ServerSession(1995875052)--Thread(Thread[Test worker,5,main])--The access type for the persistent class [class com.app.shared.appbasicsetup.usermanagement.ArtAppNotificationTemplate] is set to [FIELD].
[EL Config]: metadata: 2016-08-19 06:47:57.241--ServerSession(1995875052)--Thread(Thread[Test worker,5,main])--The access type for the persistent class [class com.app.shared.appbasicsetup.userrolemanagement.Roles] is set to [FIELD].
[EL Config]: metadata: 2016-08-19 06:47:57.243--ServerSession(1995875052)--Thread(Thread[Test worker,5,main])--The target entity (reference) class for the one to many mapping element [field roleMenuBridge] is being defaulted to: class com.app.shared.appbasicsetup.userrolemanagement.RoleMenuBridge.
[EL Config]: metadata: 2016-08-19 06:47:57.244--ServerSession(1995875052)--Thread(Thread[Test worker,5,main])--The access type for the persistent class [class com.app.shared.organization.locationmanagement.Country] is set to [FIELD].
[EL Config]: metadata: 2016-08-19 06:47:57.246--ServerSession(1995875052)--Thread(Thread[Test worker,5,main])--The access type for the persistent class [class com.app.shared.appinsight.alarms.ArtLogEvents] is set to [FIELD].
[EL Config]: metadata: 2016-08-19 06:47:57.249--ServerSession(1995875052)--Thread(Thread[Test worker,5,main])--The access type for the persistent class [class com.app.shared.appbasicsetup.usermanagement.ArtDocumentTemplate] is set to [FIELD].
[EL Config]: metadata: 2016-08-19 06:47:57.251--ServerSession(1995875052)--Thread(Thread[Test worker,5,main])--The access type for the persistent class [class com.app.shared.appinsight.alarms.ArtLogAlarm] is set to [FIELD].
[EL Config]: metadata: 2016-08-19 06:47:57.253--ServerSession(1995875052)--Thread(Thread[Test worker,5,main])--The access type for the persistent class [class com.spartan.healthmeter.entity.ZenHealthGauge] is set to [FIELD].
[EL Config]: metadata: 2016-08-19 06:47:57.255--ServerSession(1995875052)--Thread(Thread[Test worker,5,main])--The access type for the persistent class [class com.app.shared.appinsight.alarms.ArtBoundedContext] is set to [FIELD].
[EL Config]: metadata: 2016-08-19 06:47:57.256--ServerSession(1995875052)--Thread(Thread[Test worker,5,main])--The target entity (reference) class for the one to many mapping element [field artDomain] is being defaulted to: class com.app.shared.appinsight.alarms.ArtDomain.
[EL Config]: metadata: 2016-08-19 06:47:57.257--ServerSession(1995875052)--Thread(Thread[Test worker,5,main])--The access type for the persistent class [class com.app.shared.organization.contactmanagement.Gender] is set to [FIELD].
[EL Config]: metadata: 2016-08-19 06:47:57.258--ServerSession(1995875052)--Thread(Thread[Test worker,5,main])--The access type for the persistent class [class com.app.shared.organization.contactmanagement.CommunicationType] is set to [FIELD].
[EL Config]: metadata: 2016-08-19 06:47:57.26--ServerSession(1995875052)--Thread(Thread[Test worker,5,main])--The access type for the persistent class [class com.app.shared.appbasicsetup.usermanagement.SMSNotification] is set to [FIELD].
[EL Config]: metadata: 2016-08-19 06:47:57.262--ServerSession(1995875052)--Thread(Thread[Test worker,5,main])--The access type for the persistent class [class com.app.shared.appbasicsetup.userrolemanagement.RoleMenuBridge] is set to [FIELD].
[EL Config]: metadata: 2016-08-19 06:47:57.263--ServerSession(1995875052)--Thread(Thread[Test worker,5,main])--The target entity (reference) class for the one to one mapping element [field roles] is being defaulted to: class com.app.shared.appbasicsetup.userrolemanagement.Roles.
[EL Config]: metadata: 2016-08-19 06:47:57.265--ServerSession(1995875052)--Thread(Thread[Test worker,5,main])--The access type for the persistent class [class com.app.shared.organization.locationmanagement.Timezone] is set to [FIELD].
[EL Config]: metadata: 2016-08-19 06:47:57.266--ServerSession(1995875052)--Thread(Thread[Test worker,5,main])--The access type for the persistent class [class com.app.shared.appbasicsetup.usermanagement.PasswordPolicy] is set to [FIELD].
[EL Config]: metadata: 2016-08-19 06:47:57.268--ServerSession(1995875052)--Thread(Thread[Test worker,5,main])--The access type for the persistent class [class com.spartan.healthmeter.entity.HealthSchedulerConfiguration] is set to [FIELD].
[EL Config]: metadata: 2016-08-19 06:47:57.27--ServerSession(1995875052)--Thread(Thread[Test worker,5,main])--The access type for the persistent class [class com.app.shared.appinsight.alarms.ArtLogStatus] is set to [FIELD].
[EL Config]: metadata: 2016-08-19 06:47:57.271--ServerSession(1995875052)--Thread(Thread[Test worker,5,main])--The access type for the persistent class [class com.spartan.healthmeter.entity.ZenSchedulerHealth] is set to [FIELD].
[EL Config]: metadata: 2016-08-19 06:47:57.275--ServerSession(1995875052)--Thread(Thread[Test worker,5,main])--The access type for the persistent class [class com.app.shared.organization.locationmanagement.Address] is set to [FIELD].
[EL Config]: metadata: 2016-08-19 06:47:57.277--ServerSession(1995875052)--Thread(Thread[Test worker,5,main])--The access type for the persistent class [class com.app.shared.organization.locationmanagement.Language] is set to [FIELD].
[EL Config]: metadata: 2016-08-19 06:47:57.279--ServerSession(1995875052)--Thread(Thread[Test worker,5,main])--The access type for the persistent class [class com.app.shared.appbasicsetup.usermanagement.PassRecovery] is set to [FIELD].
[EL Config]: metadata: 2016-08-19 06:47:57.28--ServerSession(1995875052)--Thread(Thread[Test worker,5,main])--The target entity (reference) class for the one to one mapping element [field user] is being defaulted to: class com.app.shared.appbasicsetup.usermanagement.User.
[EL Config]: metadata: 2016-08-19 06:47:57.281--ServerSession(1995875052)--Thread(Thread[Test worker,5,main])--The access type for the persistent class [class com.app.shared.appinsight.alarms.ArtLogConfig] is set to [FIELD].
[EL Config]: metadata: 2016-08-19 06:47:57.282--ServerSession(1995875052)--Thread(Thread[Test worker,5,main])--The access type for the persistent class [class com.app.shared.appinsight.alarms.ArtLogEventAction] is set to [FIELD].
[EL Config]: metadata: 2016-08-19 06:47:57.283--ServerSession(1995875052)--Thread(Thread[Test worker,5,main])--The access type for the persistent class [class com.app.shared.appbasicsetup.usermanagement.SMSConfig] is set to [FIELD].
[EL Config]: metadata: 2016-08-19 06:47:57.284--ServerSession(1995875052)--Thread(Thread[Test worker,5,main])--The access type for the persistent class [class com.app.shared.appbasicsetup.usermanagement.LoginSession] is set to [FIELD].
[EL Config]: metadata: 2016-08-19 06:47:57.286--ServerSession(1995875052)--Thread(Thread[Test worker,5,main])--The access type for the persistent class [class com.app.shared.organization.locationmanagement.State] is set to [FIELD].
[EL Config]: metadata: 2016-08-19 06:47:57.288--ServerSession(1995875052)--Thread(Thread[Test worker,5,main])--The access type for the persistent class [class com.app.shared.appbasicsetup.usermanagement.UserAccessDomain] is set to [FIELD].
[EL Config]: metadata: 2016-08-19 06:47:57.29--ServerSession(1995875052)--Thread(Thread[Test worker,5,main])--The access type for the persistent class [class com.app.shared.organization.contactmanagement.CommunicationGroup] is set to [FIELD].
[EL Config]: metadata: 2016-08-19 06:47:57.291--ServerSession(1995875052)--Thread(Thread[Test worker,5,main])--The access type for the persistent class [class com.app.shared.appbasicsetup.usermanagement.User] is set to [FIELD].
[EL Config]: metadata: 2016-08-19 06:47:57.292--ServerSession(1995875052)--Thread(Thread[Test worker,5,main])--The target entity (reference) class for the one to one mapping element [field userData] is being defaulted to: class com.app.shared.appbasicsetup.usermanagement.UserData.
[EL Config]: metadata: 2016-08-19 06:47:57.293--ServerSession(1995875052)--Thread(Thread[Test worker,5,main])--The target entity (reference) class for the one to many mapping element [field passRecovery] is being defaulted to: class com.app.shared.appbasicsetup.usermanagement.PassRecovery.
[EL Config]: metadata: 2016-08-19 06:47:57.294--ServerSession(1995875052)--Thread(Thread[Test worker,5,main])--The access type for the persistent class [class com.app.shared.appinsight.alarms.ArtLogConnector] is set to [FIELD].
[EL Config]: metadata: 2016-08-19 06:47:57.295--ServerSession(1995875052)--Thread(Thread[Test worker,5,main])--The target entity (reference) class for the one to many mapping element [field logConnectorAttributes] is being defaulted to: class com.app.shared.appinsight.alarms.ArtLogConnectorAttributes.
[EL Config]: metadata: 2016-08-19 06:47:57.296--ServerSession(1995875052)--Thread(Thread[Test worker,5,main])--The target entity (reference) class for the many to one mapping element [field artLogConfig] is being defaulted to: class com.app.shared.appinsight.alarms.ArtLogConfig.
[EL Config]: metadata: 2016-08-19 06:47:57.297--ServerSession(1995875052)--Thread(Thread[Test worker,5,main])--The access type for the persistent class [class com.app.shared.appinsight.alarms.ArtLoggingProperties] is set to [FIELD].
[EL Config]: metadata: 2016-08-19 06:47:57.297--ServerSession(1995875052)--Thread(Thread[Test worker,5,main])--The target entity (reference) class for the many to one mapping element [field artLogConfig] is being defaulted to: class com.app.shared.appinsight.alarms.ArtLogConfig.
[EL Config]: metadata: 2016-08-19 06:47:57.298--ServerSession(1995875052)--Thread(Thread[Test worker,5,main])--The access type for the persistent class [class com.app.shared.appbasicsetup.aaa.JwtConfig] is set to [FIELD].
[EL Config]: metadata: 2016-08-19 06:47:57.299--ServerSession(1995875052)--Thread(Thread[Test worker,5,main])--The access type for the persistent class [class com.app.shared.appinsight.alarms.ArtLogArchitectureLayer] is set to [FIELD].
[EL Config]: metadata: 2016-08-19 06:47:57.3--ServerSession(1995875052)--Thread(Thread[Test worker,5,main])--The access type for the persistent class [class com.spartan.healthmeter.entity.ZenHealthStatus] is set to [FIELD].
[EL Config]: metadata: 2016-08-19 06:47:57.301--ServerSession(1995875052)--Thread(Thread[Test worker,5,main])--The access type for the persistent class [class com.app.shared.organization.contactmanagement.CommunicationData] is set to [FIELD].
[EL Config]: metadata: 2016-08-19 06:47:57.302--ServerSession(1995875052)--Thread(Thread[Test worker,5,main])--The access type for the persistent class [class com.app.shared.appbasicsetup.userrolemanagement.UserRoleBridge] is set to [FIELD].
[EL Config]: metadata: 2016-08-19 06:47:57.303--ServerSession(1995875052)--Thread(Thread[Test worker,5,main])--The access type for the persistent class [class com.app.shared.appbasicsetup.usermanagement.Question] is set to [FIELD].
[EL Config]: metadata: 2016-08-19 06:47:57.304--ServerSession(1995875052)--Thread(Thread[Test worker,5,main])--The access type for the persistent class [class com.app.shared.appbasicsetup.aaa.PublicApi] is set to [FIELD].
[EL Config]: metadata: 2016-08-19 06:47:57.305--ServerSession(1995875052)--Thread(Thread[Test worker,5,main])--The access type for the persistent class [class com.app.shared.appinsight.alarms.ArtLogException] is set to [FIELD].
[EL Config]: metadata: 2016-08-19 06:47:57.306--ServerSession(1995875052)--Thread(Thread[Test worker,5,main])--The access type for the persistent class [class com.spartan.healthmeter.entity.ZenRequestDetails] is set to [FIELD].
[EL Config]: metadata: 2016-08-19 06:47:57.308--ServerSession(1995875052)--Thread(Thread[Test worker,5,main])--The access type for the persistent class [class com.spartan.healthmeter.entity.ArtHealthSchedulerConfiguration] is set to [FIELD].
[EL Config]: metadata: 2016-08-19 06:47:57.309--ServerSession(1995875052)--Thread(Thread[Test worker,5,main])--The access type for the persistent class [class com.athena.shared.dataengine.report.ArtReportUI] is set to [FIELD].
[EL Config]: metadata: 2016-08-19 06:47:57.311--ServerSession(1995875052)--Thread(Thread[Test worker,5,main])--The access type for the persistent class [class com.spartan.healthmeter.entity.ZenHealthCounter] is set to [FIELD].
[EL Config]: metadata: 2016-08-19 06:47:57.312--ServerSession(1995875052)--Thread(Thread[Test worker,5,main])--The access type for the persistent class [class com.app.shared.appbasicsetup.usermanagement.Login] is set to [FIELD].
[EL Config]: metadata: 2016-08-19 06:47:57.313--ServerSession(1995875052)--Thread(Thread[Test worker,5,main])--The target entity (reference) class for the one to one mapping element [field coreContacts] is being defaulted to: class com.app.shared.organization.contactmanagement.CoreContacts.
[EL Config]: metadata: 2016-08-19 06:47:57.314--ServerSession(1995875052)--Thread(Thread[Test worker,5,main])--The target entity (reference) class for the one to one mapping element [field user] is being defaulted to: class com.app.shared.appbasicsetup.usermanagement.User.
[EL Config]: metadata: 2016-08-19 06:47:57.315--ServerSession(1995875052)--Thread(Thread[Test worker,5,main])--The access type for the persistent class [class com.spartan.healthmeter.entity.ZenHealth] is set to [FIELD].
[EL Config]: metadata: 2016-08-19 06:47:57.317--ServerSession(1995875052)--Thread(Thread[Test worker,5,main])--The access type for the persistent class [class com.spartan.server.session.entity.AppSessionConfig] is set to [FIELD].
[EL Config]: metadata: 2016-08-19 06:47:57.319--ServerSession(1995875052)--Thread(Thread[Test worker,5,main])--The access type for the persistent class [class com.app.shared.appbasicsetup.userrolemanagement.AppMenus] is set to [FIELD].
[EL Config]: metadata: 2016-08-19 06:47:57.32--ServerSession(1995875052)--Thread(Thread[Test worker,5,main])--The access type for the persistent class [class com.app.shared.appinsight.alarms.ArtLogConnectorAttributes] is set to [FIELD].
[EL Config]: metadata: 2016-08-19 06:47:57.321--ServerSession(1995875052)--Thread(Thread[Test worker,5,main])--The target entity (reference) class for the many to one mapping element [field artLogConnector] is being defaulted to: class com.app.shared.appinsight.alarms.ArtLogConnector.
[EL Config]: metadata: 2016-08-19 06:47:57.321--ServerSession(1995875052)--Thread(Thread[Test worker,5,main])--The access type for the persistent class [class com.app.shared.appbasicsetup.usermanagement.UserData] is set to [FIELD].
[EL Config]: metadata: 2016-08-19 06:47:57.324--ServerSession(1995875052)--Thread(Thread[Test worker,5,main])--The target entity (reference) class for the one to one mapping element [field user] is being defaulted to: class com.app.shared.appbasicsetup.usermanagement.User.
[EL Config]: metadata: 2016-08-19 06:47:57.325--ServerSession(1995875052)--Thread(Thread[Test worker,5,main])--The access type for the persistent class [class com.app.shared.appbasicsetup.usermanagement.UserAccessLevel] is set to [FIELD].
[EL Config]: metadata: 2016-08-19 06:47:57.325--ServerSession(1995875052)--Thread(Thread[Test worker,5,main])--The access type for the persistent class [class com.app.shared.organization.locationmanagement.AddressType] is set to [FIELD].
[EL Config]: metadata: 2016-08-19 06:47:57.326--ServerSession(1995875052)--Thread(Thread[Test worker,5,main])--The access type for the persistent class [class com.app.shared.organization.contactmanagement.Title] is set to [FIELD].
[EL Config]: metadata: 2016-08-19 06:47:57.326--ServerSession(1995875052)--Thread(Thread[Test worker,5,main])--The access type for the persistent class [class com.athena.shared.dataengine.query.ArtQuery] is set to [FIELD].
[EL Config]: metadata: 2016-08-19 06:47:57.327--ServerSession(1995875052)--Thread(Thread[Test worker,5,main])--The access type for the persistent class [class com.spartan.healthmeter.shared.EntityAudit] is set to [FIELD].
[EL Config]: metadata: 2016-08-19 06:47:57.329--ServerSession(1995875052)--Thread(Thread[Test worker,5,main])--The access type for the persistent class [class com.app.shared.SystemInfo] is set to [FIELD].
[EL Config]: metadata: 2016-08-19 06:47:57.329--ServerSession(1995875052)--Thread(Thread[Test worker,5,main])--The access type for the persistent class [class com.spartan.healthmeter.shared.SystemInfo] is set to [FIELD].
[EL Config]: metadata: 2016-08-19 06:47:57.329--ServerSession(1995875052)--Thread(Thread[Test worker,5,main])--The access type for the persistent class [class com.app.shared.EntityAudit] is set to [FIELD].
[EL Config]: metadata: 2016-08-19 06:47:57.339--ServerSession(1995875052)--Thread(Thread[Test worker,5,main])--The alias name for the entity class [class com.app.shared.appbasicsetup.usermanagement.ArtPasswordPolicy] is being defaulted to: ArtPasswordPolicy.
[EL Config]: metadata: 2016-08-19 06:47:57.371--ServerSession(1995875052)--Thread(Thread[Test worker,5,main])--The alias name for the entity class [class com.app.shared.appbasicsetup.usermanagement.PasswordAlgo] is being defaulted to: PasswordAlgo.
[EL Config]: metadata: 2016-08-19 06:47:57.373--ServerSession(1995875052)--Thread(Thread[Test worker,5,main])--The alias name for the entity class [class com.app.shared.organization.contactmanagement.ContactType] is being defaulted to: ContactType.
[EL Config]: metadata: 2016-08-19 06:47:57.374--ServerSession(1995875052)--Thread(Thread[Test worker,5,main])--The alias name for the entity class [class com.app.shared.organization.contactmanagement.CoreContacts] is being defaulted to: CoreContacts.
[EL Config]: metadata: 2016-08-19 06:47:57.375--ServerSession(1995875052)--Thread(Thread[Test worker,5,main])--The alias name for the entity class [class com.app.shared.organization.locationmanagement.City] is being defaulted to: City.
[EL Config]: metadata: 2016-08-19 06:47:57.376--ServerSession(1995875052)--Thread(Thread[Test worker,5,main])--The alias name for the entity class [class com.app.shared.appbasicsetup.usermanagement.ArtPasswordAlgorithm] is being defaulted to: ArtPasswordAlgorithm.
[EL Config]: metadata: 2016-08-19 06:47:57.376--ServerSession(1995875052)--Thread(Thread[Test worker,5,main])--The alias name for the entity class [class com.app.shared.appbasicsetup.usermanagement.SessionData] is being defaulted to: SessionData.
[EL Config]: metadata: 2016-08-19 06:47:57.377--ServerSession(1995875052)--Thread(Thread[Test worker,5,main])--The alias name for the entity class [class com.app.shared.appbasicsetup.aaa.ArtUserLastStatus] is being defaulted to: ArtUserLastStatus.
[EL Config]: metadata: 2016-08-19 06:47:57.378--ServerSession(1995875052)--Thread(Thread[Test worker,5,main])--The alias name for the entity class [class com.spartan.healthmeter.entity.ArtHealthStatusConfiguration] is being defaulted to: ArtHealthStatusConfiguration.
[EL Config]: metadata: 2016-08-19 06:47:57.379--ServerSession(1995875052)--Thread(Thread[Test worker,5,main])--The alias name for the entity class [class com.app.shared.appinsight.alarms.ArtLogSeverity] is being defaulted to: ArtLogSeverity.
[EL Config]: metadata: 2016-08-19 06:47:57.379--ServerSession(1995875052)--Thread(Thread[Test worker,5,main])--The alias name for the entity class [class com.app.shared.appinsight.alarms.ArtDomain] is being defaulted to: ArtDomain.
[EL Warning]: metadata: 2016-08-19 06:47:57.38--ServerSession(1995875052)--Thread(Thread[Test worker,5,main])--You have specified multiple ids for the entity class [com.app.shared.appinsight.alarms.ArtDomain] without specifying an @IdClass. By doing this you may lose the ability to find by identity, distributed cache support etc. Note: You may however use entity manager find operations by passing a list of primary key fields. Else, you will have to use JPQL queries to read your entities. For other id options see @PrimaryKey.
[EL Config]: metadata: 2016-08-19 06:47:57.38--ServerSession(1995875052)--Thread(Thread[Test worker,5,main])--The alias name for the entity class [class com.app.shared.appbasicsetup.usermanagement.ArtAppNotificationTemplate] is being defaulted to: ArtAppNotificationTemplate.
[EL Config]: metadata: 2016-08-19 06:47:57.381--ServerSession(1995875052)--Thread(Thread[Test worker,5,main])--The alias name for the entity class [class com.app.shared.appbasicsetup.userrolemanagement.Roles] is being defaulted to: Roles.
[EL Config]: metadata: 2016-08-19 06:47:57.381--ServerSession(1995875052)--Thread(Thread[Test worker,5,main])--The alias name for the entity class [class com.app.shared.organization.locationmanagement.Country] is being defaulted to: Country.
[EL Config]: metadata: 2016-08-19 06:47:57.382--ServerSession(1995875052)--Thread(Thread[Test worker,5,main])--The alias name for the entity class [class com.app.shared.appinsight.alarms.ArtLogEvents] is being defaulted to: ArtLogEvents.
[EL Config]: metadata: 2016-08-19 06:47:57.383--ServerSession(1995875052)--Thread(Thread[Test worker,5,main])--The alias name for the entity class [class com.app.shared.appbasicsetup.usermanagement.ArtDocumentTemplate] is being defaulted to: ArtDocumentTemplate.
[EL Config]: metadata: 2016-08-19 06:47:57.384--ServerSession(1995875052)--Thread(Thread[Test worker,5,main])--The alias name for the entity class [class com.app.shared.appinsight.alarms.ArtLogAlarm] is being defaulted to: ArtLogAlarm.
[EL Config]: metadata: 2016-08-19 06:47:57.384--ServerSession(1995875052)--Thread(Thread[Test worker,5,main])--The alias name for the entity class [class com.spartan.healthmeter.entity.ZenHealthGauge] is being defaulted to: ZenHealthGauge.
[EL Config]: metadata: 2016-08-19 06:47:57.385--ServerSession(1995875052)--Thread(Thread[Test worker,5,main])--The alias name for the entity class [class com.app.shared.appinsight.alarms.ArtBoundedContext] is being defaulted to: ArtBoundedContext.
[EL Config]: metadata: 2016-08-19 06:47:57.385--ServerSession(1995875052)--Thread(Thread[Test worker,5,main])--The alias name for the entity class [class com.app.shared.organization.contactmanagement.Gender] is being defaulted to: Gender.
[EL Config]: metadata: 2016-08-19 06:47:57.386--ServerSession(1995875052)--Thread(Thread[Test worker,5,main])--The alias name for the entity class [class com.app.shared.organization.contactmanagement.CommunicationType] is being defaulted to: CommunicationType.
[EL Config]: metadata: 2016-08-19 06:47:57.386--ServerSession(1995875052)--Thread(Thread[Test worker,5,main])--The alias name for the entity class [class com.app.shared.appbasicsetup.usermanagement.SMSNotification] is being defaulted to: SMSNotification.
[EL Config]: metadata: 2016-08-19 06:47:57.387--ServerSession(1995875052)--Thread(Thread[Test worker,5,main])--The alias name for the entity class [class com.app.shared.appbasicsetup.userrolemanagement.RoleMenuBridge] is being defaulted to: RoleMenuBridge.
[EL Config]: metadata: 2016-08-19 06:47:57.387--ServerSession(1995875052)--Thread(Thread[Test worker,5,main])--The alias name for the entity class [class com.app.shared.organization.locationmanagement.Timezone] is being defaulted to: Timezone.
[EL Config]: metadata: 2016-08-19 06:47:57.388--ServerSession(1995875052)--Thread(Thread[Test worker,5,main])--The alias name for the entity class [class com.app.shared.appbasicsetup.usermanagement.PasswordPolicy] is being defaulted to: PasswordPolicy.
[EL Config]: metadata: 2016-08-19 06:47:57.389--ServerSession(1995875052)--Thread(Thread[Test worker,5,main])--The alias name for the entity class [class com.spartan.healthmeter.entity.HealthSchedulerConfiguration] is being defaulted to: HealthSchedulerConfiguration.
[EL Config]: metadata: 2016-08-19 06:47:57.39--ServerSession(1995875052)--Thread(Thread[Test worker,5,main])--The alias name for the entity class [class com.app.shared.appinsight.alarms.ArtLogStatus] is being defaulted to: ArtLogStatus.
[EL Config]: metadata: 2016-08-19 06:47:57.39--ServerSession(1995875052)--Thread(Thread[Test worker,5,main])--The alias name for the entity class [class com.spartan.healthmeter.entity.ZenSchedulerHealth] is being defaulted to: ZenSchedulerHealth.
[EL Config]: metadata: 2016-08-19 06:47:57.392--ServerSession(1995875052)--Thread(Thread[Test worker,5,main])--The alias name for the entity class [class com.app.shared.organization.locationmanagement.Address] is being defaulted to: Address.
[EL Config]: metadata: 2016-08-19 06:47:57.393--ServerSession(1995875052)--Thread(Thread[Test worker,5,main])--The alias name for the entity class [class com.app.shared.organization.locationmanagement.Language] is being defaulted to: Language.
[EL Config]: metadata: 2016-08-19 06:47:57.393--ServerSession(1995875052)--Thread(Thread[Test worker,5,main])--The alias name for the entity class [class com.app.shared.appbasicsetup.usermanagement.PassRecovery] is being defaulted to: PassRecovery.
[EL Config]: metadata: 2016-08-19 06:47:57.394--ServerSession(1995875052)--Thread(Thread[Test worker,5,main])--The alias name for the entity class [class com.app.shared.appinsight.alarms.ArtLogConfig] is being defaulted to: ArtLogConfig.
[EL Config]: metadata: 2016-08-19 06:47:57.394--ServerSession(1995875052)--Thread(Thread[Test worker,5,main])--The alias name for the entity class [class com.app.shared.appinsight.alarms.ArtLogEventAction] is being defaulted to: ArtLogEventAction.
[EL Config]: metadata: 2016-08-19 06:47:57.395--ServerSession(1995875052)--Thread(Thread[Test worker,5,main])--The alias name for the entity class [class com.app.shared.appbasicsetup.usermanagement.SMSConfig] is being defaulted to: SMSConfig.
[EL Config]: metadata: 2016-08-19 06:47:57.395--ServerSession(1995875052)--Thread(Thread[Test worker,5,main])--The alias name for the entity class [class com.app.shared.appbasicsetup.usermanagement.LoginSession] is being defaulted to: LoginSession.
[EL Config]: metadata: 2016-08-19 06:47:57.396--ServerSession(1995875052)--Thread(Thread[Test worker,5,main])--The alias name for the entity class [class com.app.shared.organization.locationmanagement.State] is being defaulted to: State.
[EL Config]: metadata: 2016-08-19 06:47:57.397--ServerSession(1995875052)--Thread(Thread[Test worker,5,main])--The alias name for the entity class [class com.app.shared.appbasicsetup.usermanagement.UserAccessDomain] is being defaulted to: UserAccessDomain.
[EL Config]: metadata: 2016-08-19 06:47:57.398--ServerSession(1995875052)--Thread(Thread[Test worker,5,main])--The alias name for the entity class [class com.app.shared.organization.contactmanagement.CommunicationGroup] is being defaulted to: CommunicationGroup.
[EL Config]: metadata: 2016-08-19 06:47:57.398--ServerSession(1995875052)--Thread(Thread[Test worker,5,main])--The alias name for the entity class [class com.app.shared.appbasicsetup.usermanagement.User] is being defaulted to: User.
[EL Config]: metadata: 2016-08-19 06:47:57.399--ServerSession(1995875052)--Thread(Thread[Test worker,5,main])--The alias name for the entity class [class com.app.shared.appinsight.alarms.ArtLogConnector] is being defaulted to: ArtLogConnector.
[EL Config]: metadata: 2016-08-19 06:47:57.4--ServerSession(1995875052)--Thread(Thread[Test worker,5,main])--The alias name for the entity class [class com.app.shared.appinsight.alarms.ArtLoggingProperties] is being defaulted to: ArtLoggingProperties.
[EL Config]: metadata: 2016-08-19 06:47:57.4--ServerSession(1995875052)--Thread(Thread[Test worker,5,main])--The alias name for the entity class [class com.app.shared.appbasicsetup.aaa.JwtConfig] is being defaulted to: JwtConfig.
[EL Config]: metadata: 2016-08-19 06:47:57.401--ServerSession(1995875052)--Thread(Thread[Test worker,5,main])--The alias name for the entity class [class com.app.shared.appinsight.alarms.ArtLogArchitectureLayer] is being defaulted to: ArtLogArchitectureLayer.
[EL Config]: metadata: 2016-08-19 06:47:57.401--ServerSession(1995875052)--Thread(Thread[Test worker,5,main])--The alias name for the entity class [class com.spartan.healthmeter.entity.ZenHealthStatus] is being defaulted to: ZenHealthStatus.
[EL Config]: metadata: 2016-08-19 06:47:57.402--ServerSession(1995875052)--Thread(Thread[Test worker,5,main])--The alias name for the entity class [class com.app.shared.organization.contactmanagement.CommunicationData] is being defaulted to: CommunicationData.
[EL Config]: metadata: 2016-08-19 06:47:57.403--ServerSession(1995875052)--Thread(Thread[Test worker,5,main])--The alias name for the entity class [class com.app.shared.appbasicsetup.userrolemanagement.UserRoleBridge] is being defaulted to: UserRoleBridge.
[EL Config]: metadata: 2016-08-19 06:47:57.403--ServerSession(1995875052)--Thread(Thread[Test worker,5,main])--The alias name for the entity class [class com.app.shared.appbasicsetup.usermanagement.Question] is being defaulted to: Question.
[EL Config]: metadata: 2016-08-19 06:47:57.404--ServerSession(1995875052)--Thread(Thread[Test worker,5,main])--The alias name for the entity class [class com.app.shared.appbasicsetup.aaa.PublicApi] is being defaulted to: PublicApi.
[EL Config]: metadata: 2016-08-19 06:47:57.405--ServerSession(1995875052)--Thread(Thread[Test worker,5,main])--The alias name for the entity class [class com.app.shared.appinsight.alarms.ArtLogException] is being defaulted to: ArtLogException.
[EL Config]: metadata: 2016-08-19 06:47:57.405--ServerSession(1995875052)--Thread(Thread[Test worker,5,main])--The alias name for the entity class [class com.spartan.healthmeter.entity.ZenRequestDetails] is being defaulted to: ZenRequestDetails.
[EL Config]: metadata: 2016-08-19 06:47:57.407--ServerSession(1995875052)--Thread(Thread[Test worker,5,main])--The alias name for the entity class [class com.spartan.healthmeter.entity.ArtHealthSchedulerConfiguration] is being defaulted to: ArtHealthSchedulerConfiguration.
[EL Config]: metadata: 2016-08-19 06:47:57.407--ServerSession(1995875052)--Thread(Thread[Test worker,5,main])--The alias name for the entity class [class com.athena.shared.dataengine.report.ArtReportUI] is being defaulted to: ArtReportUI.
[EL Config]: metadata: 2016-08-19 06:47:57.409--ServerSession(1995875052)--Thread(Thread[Test worker,5,main])--The alias name for the entity class [class com.spartan.healthmeter.entity.ZenHealthCounter] is being defaulted to: ZenHealthCounter.
[EL Config]: metadata: 2016-08-19 06:47:57.41--ServerSession(1995875052)--Thread(Thread[Test worker,5,main])--The alias name for the entity class [class com.app.shared.appbasicsetup.usermanagement.Login] is being defaulted to: Login.
[EL Config]: metadata: 2016-08-19 06:47:57.411--ServerSession(1995875052)--Thread(Thread[Test worker,5,main])--The alias name for the entity class [class com.spartan.healthmeter.entity.ZenHealth] is being defaulted to: ZenHealth.
[EL Config]: metadata: 2016-08-19 06:47:57.414--ServerSession(1995875052)--Thread(Thread[Test worker,5,main])--The alias name for the entity class [class com.spartan.server.session.entity.AppSessionConfig] is being defaulted to: AppSessionConfig.
[EL Config]: metadata: 2016-08-19 06:47:57.414--ServerSession(1995875052)--Thread(Thread[Test worker,5,main])--The alias name for the entity class [class com.app.shared.appbasicsetup.userrolemanagement.AppMenus] is being defaulted to: AppMenus.
[EL Config]: metadata: 2016-08-19 06:47:57.416--ServerSession(1995875052)--Thread(Thread[Test worker,5,main])--The alias name for the entity class [class com.app.shared.appinsight.alarms.ArtLogConnectorAttributes] is being defaulted to: ArtLogConnectorAttributes.
[EL Config]: metadata: 2016-08-19 06:47:57.416--ServerSession(1995875052)--Thread(Thread[Test worker,5,main])--The alias name for the entity class [class com.app.shared.appbasicsetup.usermanagement.UserData] is being defaulted to: UserData.
[EL Config]: metadata: 2016-08-19 06:47:57.417--ServerSession(1995875052)--Thread(Thread[Test worker,5,main])--The alias name for the entity class [class com.app.shared.appbasicsetup.usermanagement.UserAccessLevel] is being defaulted to: UserAccessLevel.
[EL Config]: metadata: 2016-08-19 06:47:57.418--ServerSession(1995875052)--Thread(Thread[Test worker,5,main])--The alias name for the entity class [class com.app.shared.organization.locationmanagement.AddressType] is being defaulted to: AddressType.
[EL Config]: metadata: 2016-08-19 06:47:57.419--ServerSession(1995875052)--Thread(Thread[Test worker,5,main])--The alias name for the entity class [class com.app.shared.organization.contactmanagement.Title] is being defaulted to: Title.
[EL Config]: metadata: 2016-08-19 06:47:57.419--ServerSession(1995875052)--Thread(Thread[Test worker,5,main])--The alias name for the entity class [class com.athena.shared.dataengine.query.ArtQuery] is being defaulted to: ArtQuery.
[EL Finest]: jpa: 2016-08-19 06:47:57.633--ServerSession(1995875052)--Thread(Thread[Test worker,5,main])--End predeploying Persistence Unit com; session file:/home/applifire/workspace/eproject/build/libs/app-shared-appbasicsetup-usermanagement-1.0.jar_com; state Predeployed; factoryCount 1
[EL Finest]: properties: 2016-08-19 06:47:57.639--ServerSession(1995875052)--Thread(Thread[Test worker,5,main])--property=eclipselink.deploy-on-startup; value=true
[EL Finest]: jpa: 2016-08-19 06:47:57.639--ServerSession(1995875052)--Thread(Thread[Test worker,5,main])--Begin deploying Persistence Unit com; session file:/home/applifire/workspace/eproject/build/libs/app-shared-appbasicsetup-usermanagement-1.0.jar_com; state Predeployed; factoryCount 1
[EL Finest]: properties: 2016-08-19 06:47:57.712--ServerSession(1995875052)--Thread(Thread[Test worker,5,main])--property=eclipselink.logging.level; value=FINEST; translated value=FINEST
[EL Finest]: properties: 2016-08-19 06:47:57.713--ServerSession(1995875052)--Thread(Thread[Test worker,5,main])--property=eclipselink.logging.level; value=FINEST; translated value=FINEST
[EL Finest]: properties: 2016-08-19 06:47:57.715--ServerSession(1995875052)--Thread(Thread[Test worker,5,main])--property=eclipselink.connection-pool.default.min; value=6
[EL Finest]: properties: 2016-08-19 06:47:57.716--ServerSession(1995875052)--Thread(Thread[Test worker,5,main])--property=eclipselink.connection-pool.default.initial; value=15
[EL Finest]: properties: 2016-08-19 06:47:57.716--ServerSession(1995875052)--Thread(Thread[Test worker,5,main])--property=eclipselink.connection-pool.default.max; value=10
[EL Finest]: properties: 2016-08-19 06:47:57.716--ServerSession(1995875052)--Thread(Thread[Test worker,5,main])--property=eclipselink.cache.shared.default; value=false; translated value=false
[EL Finest]: properties: 2016-08-19 06:47:57.717--ServerSession(1995875052)--Thread(Thread[Test worker,5,main])--property=eclipselink.jdbc.batch-writing; value=JDBC; translated value=JDBC
[EL Finest]: properties: 2016-08-19 06:47:57.717--ServerSession(1995875052)--Thread(Thread[Test worker,5,main])--property=eclipselink.jdbc.batch-writing.size; value=500
[EL Finest]: properties: 2016-08-19 06:47:57.717--ServerSession(1995875052)--Thread(Thread[Test worker,5,main])--property=eclipselink.jdbc.allow-native-sql-queries; value=true
[EL Finest]: properties: 2016-08-19 06:47:57.717--ServerSession(1995875052)--Thread(Thread[Test worker,5,main])--property=eclipselink.allow-zero-id; value=true
[EL Finest]: properties: 2016-08-19 06:47:57.717--ServerSession(1995875052)--Thread(Thread[Test worker,5,main])--property=eclipselink.session.customizer; value=com.app.config.UUIDGenerator
[EL Info]: 2016-08-19 06:47:57.719--ServerSession(1995875052)--Thread(Thread[Test worker,5,main])--EclipseLink, version: Eclipse Persistence Services - 2.5.1.v20130918-f2b9fc5
[EL Finest]: dbPlatformHelper_regExprDbPlatform: 2016-08-19 06:47:57.937--Thread(Thread[Test worker,5,main])--(?i)oracle.*12 (There is no English translation for this message.)
[EL Finest]: dbPlatformHelper_regExprDbPlatform: 2016-08-19 06:47:57.937--Thread(Thread[Test worker,5,main])--(?i)oracle.*11 (There is no English translation for this message.)
[EL Finest]: dbPlatformHelper_regExprDbPlatform: 2016-08-19 06:47:57.937--Thread(Thread[Test worker,5,main])--(?i)oracle.*10 (There is no English translation for this message.)
[EL Finest]: dbPlatformHelper_regExprDbPlatform: 2016-08-19 06:47:57.938--Thread(Thread[Test worker,5,main])--(?i)oracle.*9 (There is no English translation for this message.)
[EL Finest]: dbPlatformHelper_regExprDbPlatform: 2016-08-19 06:47:57.938--Thread(Thread[Test worker,5,main])--(?i)oracle.* (There is no English translation for this message.)
[EL Finest]: dbPlatformHelper_regExprDbPlatform: 2016-08-19 06:47:57.938--Thread(Thread[Test worker,5,main])--SQL\ Anywhere.* (There is no English translation for this message.)
[EL Finest]: dbPlatformHelper_regExprDbPlatform: 2016-08-19 06:47:57.938--Thread(Thread[Test worker,5,main])--(?i)(sybase.*)|(adaptive\ server\ enterprise.*)|(SQL\ Server.*) (There is no English translation for this message.)
[EL Finest]: dbPlatformHelper_regExprDbPlatform: 2016-08-19 06:47:57.938--Thread(Thread[Test worker,5,main])--(?i)microsoft.* (There is no English translation for this message.)
[EL Finest]: dbPlatformHelper_regExprDbPlatform: 2016-08-19 06:47:57.939--Thread(Thread[Test worker,5,main])--(?i).*derby.* (There is no English translation for this message.)
[EL Finest]: dbPlatformHelper_regExprDbPlatform: 2016-08-19 06:47:57.939--Thread(Thread[Test worker,5,main])--(?i).*db2.* (There is no English translation for this message.)
[EL Finest]: dbPlatformHelper_regExprDbPlatform: 2016-08-19 06:47:57.939--Thread(Thread[Test worker,5,main])--(?i)pointbase.* (There is no English translation for this message.)
[EL Finest]: dbPlatformHelper_regExprDbPlatform: 2016-08-19 06:47:57.939--Thread(Thread[Test worker,5,main])--(?i)mysql.* (There is no English translation for this message.)
[EL Fine]: connection: 2016-08-19 06:47:57.939--Thread(Thread[Test worker,5,main])--Detected database platform: org.eclipse.persistence.platform.database.MySQLPlatform
[EL Config]: connection: 2016-08-19 06:47:57.948--ServerSession(1995875052)--Connection(731534716)--Thread(Thread[Test worker,5,main])--connecting(DatabaseLogin(
	platform=>MySQLPlatform
	user name=> ""
	connector=>JNDIConnector datasource name=>null
))
[EL Config]: connection: 2016-08-19 06:47:57.949--ServerSession(1995875052)--Connection(1057805958)--Thread(Thread[Test worker,5,main])--Connected: jdbc:mysql://localhost-MYSQL:3306/ep?useUnicode=true&characterEncoding=UTF-8&zeroDateTimeBehavior=convertToNull
	User: ep@172.17.0.7
	Database: MySQL  Version: 5.7.7-rc
	Driver: MySQL Connector Java  Version: mysql-connector-java-5.1.31 ( Revision: alexander.soklakov@oracle.com-20140520065950-groqzzbvxprqdmnz )
[EL Finest]: connection: 2016-08-19 06:47:57.95--ServerSession(1995875052)--Connection(1675106240)--Thread(Thread[Test worker,5,main])--Connection acquired from connection pool [read].
[EL Finest]: connection: 2016-08-19 06:47:57.95--ServerSession(1995875052)--Connection(1675106240)--Thread(Thread[Test worker,5,main])--Connection released to connection pool [read].
[EL Config]: connection: 2016-08-19 06:47:57.95--ServerSession(1995875052)--Connection(2147447157)--Thread(Thread[Test worker,5,main])--connecting(DatabaseLogin(
	platform=>MySQLPlatform
	user name=> ""
	connector=>JNDIConnector datasource name=>null
))
[EL Config]: connection: 2016-08-19 06:47:57.951--ServerSession(1995875052)--Connection(399669590)--Thread(Thread[Test worker,5,main])--Connected: jdbc:mysql://localhost-MYSQL:3306/ep?useUnicode=true&characterEncoding=UTF-8&zeroDateTimeBehavior=convertToNull
	User: ep@172.17.0.7
	Database: MySQL  Version: 5.7.7-rc
	Driver: MySQL Connector Java  Version: mysql-connector-java-5.1.31 ( Revision: alexander.soklakov@oracle.com-20140520065950-groqzzbvxprqdmnz )
[EL Finest]: sequencing: 2016-08-19 06:47:57.963--ServerSession(1995875052)--Thread(Thread[Test worker,5,main])--sequencing connected, state is NoPreallocation_State
[EL Finest]: sequencing: 2016-08-19 06:47:57.963--ServerSession(1995875052)--Thread(Thread[Test worker,5,main])--sequence UUIDGenerator: preallocation size 50
[EL Finest]: sequencing: 2016-08-19 06:47:57.963--ServerSession(1995875052)--Thread(Thread[Test worker,5,main])--sequence SEQ_GEN_IDENTITY: preallocation size 1
[EL Warning]: metadata: 2016-08-19 06:47:57.968--ServerSession(1995875052)--Thread(Thread[Test worker,5,main])--Reverting the lazy setting on the OneToOne or ManyToOne attribute [coreContacts] for the entity class [class com.app.shared.appbasicsetup.usermanagement.Login] since weaving was not enabled or did not occur.
[EL Warning]: metadata: 2016-08-19 06:47:57.968--ServerSession(1995875052)--Thread(Thread[Test worker,5,main])--Reverting the lazy setting on the OneToOne or ManyToOne attribute [user] for the entity class [class com.app.shared.appbasicsetup.usermanagement.Login] since weaving was not enabled or did not occur.
[EL Warning]: metadata: 2016-08-19 06:47:57.969--ServerSession(1995875052)--Thread(Thread[Test worker,5,main])--Reverting the lazy setting on the OneToOne or ManyToOne attribute [user] for the entity class [class com.app.shared.appbasicsetup.usermanagement.PassRecovery] since weaving was not enabled or did not occur.
[EL Warning]: metadata: 2016-08-19 06:47:57.972--ServerSession(1995875052)--Thread(Thread[Test worker,5,main])--Reverting the lazy setting on the OneToOne or ManyToOne attribute [userData] for the entity class [class com.app.shared.appbasicsetup.usermanagement.User] since weaving was not enabled or did not occur.
[EL Warning]: metadata: 2016-08-19 06:47:57.973--ServerSession(1995875052)--Thread(Thread[Test worker,5,main])--Reverting the lazy setting on the OneToOne or ManyToOne attribute [timezone] for the entity class [class com.app.shared.organization.contactmanagement.CoreContacts] since weaving was not enabled or did not occur.
[EL Warning]: metadata: 2016-08-19 06:47:57.979--ServerSession(1995875052)--Thread(Thread[Test worker,5,main])--Reverting the lazy setting on the OneToOne or ManyToOne attribute [user] for the entity class [class com.app.shared.appbasicsetup.usermanagement.UserData] since weaving was not enabled or did not occur.
[EL Info]: connection: 2016-08-19 06:47:58.295--ServerSession(1995875052)--Thread(Thread[Test worker,5,main])--file:/home/applifire/workspace/eproject/build/libs/app-shared-appbasicsetup-usermanagement-1.0.jar_com login successful
[EL Finer]: metamodel: 2016-08-19 06:47:58.321--ServerSession(1995875052)--Thread(Thread[Test worker,5,main])--Canonical Metamodel class [com.app.shared.organization.contactmanagement.CommunicationType_] not found during initialization.
[EL Finer]: metamodel: 2016-08-19 06:47:58.322--ServerSession(1995875052)--Thread(Thread[Test worker,5,main])--Canonical Metamodel class [com.spartan.healthmeter.entity.HealthSchedulerConfiguration_] not found during initialization.
[EL Finer]: metamodel: 2016-08-19 06:47:58.322--ServerSession(1995875052)--Thread(Thread[Test worker,5,main])--Canonical Metamodel class [com.app.shared.appbasicsetup.usermanagement.ArtPasswordPolicy_] not found during initialization.
[EL Finer]: metamodel: 2016-08-19 06:47:58.323--ServerSession(1995875052)--Thread(Thread[Test worker,5,main])--Canonical Metamodel class [com.app.shared.appinsight.alarms.ArtLoggingProperties_] not found during initialization.
[EL Finer]: metamodel: 2016-08-19 06:47:58.323--ServerSession(1995875052)--Thread(Thread[Test worker,5,main])--Canonical Metamodel class [com.app.shared.SystemInfo_] not found during initialization.
[EL Finer]: metamodel: 2016-08-19 06:47:58.324--ServerSession(1995875052)--Thread(Thread[Test worker,5,main])--Canonical Metamodel class [com.app.shared.organization.locationmanagement.Country_] not found during initialization.
[EL Finer]: metamodel: 2016-08-19 06:47:58.324--ServerSession(1995875052)--Thread(Thread[Test worker,5,main])--Canonical Metamodel class [com.athena.shared.dataengine.query.ArtQuery_] not found during initialization.
[EL Finer]: metamodel: 2016-08-19 06:47:58.325--ServerSession(1995875052)--Thread(Thread[Test worker,5,main])--Canonical Metamodel class [com.app.shared.appbasicsetup.aaa.PublicApi_] not found during initialization.
[EL Finer]: metamodel: 2016-08-19 06:47:58.325--ServerSession(1995875052)--Thread(Thread[Test worker,5,main])--Canonical Metamodel class [com.spartan.healthmeter.entity.ArtHealthStatusConfiguration_] not found during initialization.
[EL Finer]: metamodel: 2016-08-19 06:47:58.326--ServerSession(1995875052)--Thread(Thread[Test worker,5,main])--Canonical Metamodel class [com.app.shared.appbasicsetup.usermanagement.PasswordPolicy_] not found during initialization.
[EL Finer]: metamodel: 2016-08-19 06:47:58.327--ServerSession(1995875052)--Thread(Thread[Test worker,5,main])--Canonical Metamodel class [com.app.shared.appbasicsetup.usermanagement.Question_] not found during initialization.
[EL Finer]: metamodel: 2016-08-19 06:47:58.327--ServerSession(1995875052)--Thread(Thread[Test worker,5,main])--Canonical Metamodel class [com.app.shared.organization.locationmanagement.Language_] not found during initialization.
[EL Finer]: metamodel: 2016-08-19 06:47:58.328--ServerSession(1995875052)--Thread(Thread[Test worker,5,main])--Canonical Metamodel class [com.app.shared.appbasicsetup.usermanagement.Login_] not found during initialization.
[EL Finer]: metamodel: 2016-08-19 06:47:58.328--ServerSession(1995875052)--Thread(Thread[Test worker,5,main])--Canonical Metamodel class [com.app.shared.appbasicsetup.usermanagement.PassRecovery_] not found during initialization.
[EL Finer]: metamodel: 2016-08-19 06:47:58.329--ServerSession(1995875052)--Thread(Thread[Test worker,5,main])--Canonical Metamodel class [com.app.shared.appinsight.alarms.ArtLogAlarm_] not found during initialization.
[EL Finer]: metamodel: 2016-08-19 06:47:58.329--ServerSession(1995875052)--Thread(Thread[Test worker,5,main])--Canonical Metamodel class [com.app.shared.organization.contactmanagement.ContactType_] not found during initialization.
[EL Finer]: metamodel: 2016-08-19 06:47:58.33--ServerSession(1995875052)--Thread(Thread[Test worker,5,main])--Canonical Metamodel class [com.app.shared.organization.contactmanagement.Title_] not found during initialization.
[EL Finer]: metamodel: 2016-08-19 06:47:58.33--ServerSession(1995875052)--Thread(Thread[Test worker,5,main])--Canonical Metamodel class [com.spartan.healthmeter.shared.EntityAudit_] not found during initialization.
[EL Finer]: metamodel: 2016-08-19 06:47:58.331--ServerSession(1995875052)--Thread(Thread[Test worker,5,main])--Canonical Metamodel class [com.spartan.healthmeter.entity.ArtHealthSchedulerConfiguration_] not found during initialization.
[EL Finer]: metamodel: 2016-08-19 06:47:58.331--ServerSession(1995875052)--Thread(Thread[Test worker,5,main])--Canonical Metamodel class [com.app.shared.appinsight.alarms.ArtLogArchitectureLayer_] not found during initialization.
[EL Finer]: metamodel: 2016-08-19 06:47:58.332--ServerSession(1995875052)--Thread(Thread[Test worker,5,main])--Canonical Metamodel class [com.app.shared.appbasicsetup.usermanagement.ArtPasswordAlgorithm_] not found during initialization.
[EL Finer]: metamodel: 2016-08-19 06:47:58.332--ServerSession(1995875052)--Thread(Thread[Test worker,5,main])--Canonical Metamodel class [com.app.shared.appinsight.alarms.ArtBoundedContext_] not found during initialization.
[EL Finer]: metamodel: 2016-08-19 06:47:58.333--ServerSession(1995875052)--Thread(Thread[Test worker,5,main])--Canonical Metamodel class [com.app.shared.organization.contactmanagement.Gender_] not found during initialization.
[EL Finer]: metamodel: 2016-08-19 06:47:58.333--ServerSession(1995875052)--Thread(Thread[Test worker,5,main])--Canonical Metamodel class [com.app.shared.organization.locationmanagement.Address_] not found during initialization.
[EL Finer]: metamodel: 2016-08-19 06:47:58.334--ServerSession(1995875052)--Thread(Thread[Test worker,5,main])--Canonical Metamodel class [com.app.shared.organization.locationmanagement.AddressType_] not found during initialization.
[EL Finer]: metamodel: 2016-08-19 06:47:58.335--ServerSession(1995875052)--Thread(Thread[Test worker,5,main])--Canonical Metamodel class [com.app.shared.appbasicsetup.usermanagement.SMSConfig_] not found during initialization.
[EL Finer]: metamodel: 2016-08-19 06:47:58.335--ServerSession(1995875052)--Thread(Thread[Test worker,5,main])--Canonical Metamodel class [com.app.shared.appbasicsetup.usermanagement.SessionData_] not found during initialization.
[EL Finer]: metamodel: 2016-08-19 06:47:58.336--ServerSession(1995875052)--Thread(Thread[Test worker,5,main])--Canonical Metamodel class [com.app.shared.appinsight.alarms.ArtLogConnectorAttributes_] not found during initialization.
[EL Finer]: metamodel: 2016-08-19 06:47:58.336--ServerSession(1995875052)--Thread(Thread[Test worker,5,main])--Canonical Metamodel class [com.app.shared.appbasicsetup.aaa.ArtUserLastStatus_] not found during initialization.
[EL Finer]: metamodel: 2016-08-19 06:47:58.337--ServerSession(1995875052)--Thread(Thread[Test worker,5,main])--Canonical Metamodel class [com.app.shared.organization.locationmanagement.Timezone_] not found during initialization.
[EL Finer]: metamodel: 2016-08-19 06:47:58.337--ServerSession(1995875052)--Thread(Thread[Test worker,5,main])--Canonical Metamodel class [com.app.shared.appbasicsetup.usermanagement.User_] not found during initialization.
[EL Finer]: metamodel: 2016-08-19 06:47:58.338--ServerSession(1995875052)--Thread(Thread[Test worker,5,main])--Canonical Metamodel class [com.spartan.healthmeter.shared.SystemInfo_] not found during initialization.
[EL Finer]: metamodel: 2016-08-19 06:47:58.338--ServerSession(1995875052)--Thread(Thread[Test worker,5,main])--Canonical Metamodel class [com.app.shared.organization.contactmanagement.CoreContacts_] not found during initialization.
[EL Finer]: metamodel: 2016-08-19 06:47:58.339--ServerSession(1995875052)--Thread(Thread[Test worker,5,main])--Canonical Metamodel class [com.app.shared.appinsight.alarms.ArtLogEvents_] not found during initialization.
[EL Finer]: metamodel: 2016-08-19 06:47:58.339--ServerSession(1995875052)--Thread(Thread[Test worker,5,main])--Canonical Metamodel class [com.spartan.healthmeter.entity.ZenHealthStatus_] not found during initialization.
[EL Finer]: metamodel: 2016-08-19 06:47:58.34--ServerSession(1995875052)--Thread(Thread[Test worker,5,main])--Canonical Metamodel class [com.app.shared.appinsight.alarms.ArtDomain_] not found during initialization.
[EL Finer]: metamodel: 2016-08-19 06:47:58.341--ServerSession(1995875052)--Thread(Thread[Test worker,5,main])--Canonical Metamodel class [com.app.shared.appinsight.alarms.ArtLogSeverity_] not found during initialization.
[EL Finer]: metamodel: 2016-08-19 06:47:58.341--ServerSession(1995875052)--Thread(Thread[Test worker,5,main])--Canonical Metamodel class [com.app.shared.appbasicsetup.userrolemanagement.AppMenus_] not found during initialization.
[EL Finer]: metamodel: 2016-08-19 06:47:58.342--ServerSession(1995875052)--Thread(Thread[Test worker,5,main])--Canonical Metamodel class [com.app.shared.appbasicsetup.usermanagement.ArtAppNotificationTemplate_] not found during initialization.
[EL Finer]: metamodel: 2016-08-19 06:47:58.342--ServerSession(1995875052)--Thread(Thread[Test worker,5,main])--Canonical Metamodel class [com.app.shared.appbasicsetup.usermanagement.SMSNotification_] not found during initialization.
[EL Finer]: metamodel: 2016-08-19 06:47:58.343--ServerSession(1995875052)--Thread(Thread[Test worker,5,main])--Canonical Metamodel class [com.app.shared.EntityAudit_] not found during initialization.
[EL Finer]: metamodel: 2016-08-19 06:47:58.344--ServerSession(1995875052)--Thread(Thread[Test worker,5,main])--Canonical Metamodel class [com.app.shared.appbasicsetup.userrolemanagement.RoleMenuBridge_] not found during initialization.
[EL Finer]: metamodel: 2016-08-19 06:47:58.344--ServerSession(1995875052)--Thread(Thread[Test worker,5,main])--Canonical Metamodel class [com.app.shared.appinsight.alarms.ArtLogException_] not found during initialization.
[EL Finer]: metamodel: 2016-08-19 06:47:58.345--ServerSession(1995875052)--Thread(Thread[Test worker,5,main])--Canonical Metamodel class [com.spartan.server.session.entity.AppSessionConfig_] not found during initialization.
[EL Finer]: metamodel: 2016-08-19 06:47:58.345--ServerSession(1995875052)--Thread(Thread[Test worker,5,main])--Canonical Metamodel class [com.spartan.healthmeter.entity.ZenHealthGauge_] not found during initialization.
[EL Finer]: metamodel: 2016-08-19 06:47:58.346--ServerSession(1995875052)--Thread(Thread[Test worker,5,main])--Canonical Metamodel class [com.app.shared.appinsight.alarms.ArtLogConfig_] not found during initialization.
[EL Finer]: metamodel: 2016-08-19 06:47:58.346--ServerSession(1995875052)--Thread(Thread[Test worker,5,main])--Canonical Metamodel class [com.app.shared.appinsight.alarms.ArtLogConnector_] not found during initialization.
[EL Finer]: metamodel: 2016-08-19 06:47:58.347--ServerSession(1995875052)--Thread(Thread[Test worker,5,main])--Canonical Metamodel class [com.app.shared.organization.contactmanagement.CommunicationGroup_] not found during initialization.
[EL Finer]: metamodel: 2016-08-19 06:47:58.347--ServerSession(1995875052)--Thread(Thread[Test worker,5,main])--Canonical Metamodel class [com.app.shared.appbasicsetup.usermanagement.PasswordAlgo_] not found during initialization.
[EL Finer]: metamodel: 2016-08-19 06:47:58.348--ServerSession(1995875052)--Thread(Thread[Test worker,5,main])--Canonical Metamodel class [com.app.shared.organization.contactmanagement.CommunicationData_] not found during initialization.
[EL Finer]: metamodel: 2016-08-19 06:47:58.348--ServerSession(1995875052)--Thread(Thread[Test worker,5,main])--Canonical Metamodel class [com.spartan.healthmeter.entity.ZenHealthCounter_] not found during initialization.
[EL Finer]: metamodel: 2016-08-19 06:47:58.349--ServerSession(1995875052)--Thread(Thread[Test worker,5,main])--Canonical Metamodel class [com.app.shared.appbasicsetup.usermanagement.UserAccessLevel_] not found during initialization.
[EL Finer]: metamodel: 2016-08-19 06:47:58.35--ServerSession(1995875052)--Thread(Thread[Test worker,5,main])--Canonical Metamodel class [com.app.shared.organization.locationmanagement.State_] not found during initialization.
[EL Finer]: metamodel: 2016-08-19 06:47:58.35--ServerSession(1995875052)--Thread(Thread[Test worker,5,main])--Canonical Metamodel class [com.app.shared.appbasicsetup.usermanagement.ArtDocumentTemplate_] not found during initialization.
[EL Finer]: metamodel: 2016-08-19 06:47:58.351--ServerSession(1995875052)--Thread(Thread[Test worker,5,main])--Canonical Metamodel class [com.athena.shared.dataengine.report.ArtReportUI_] not found during initialization.
[EL Finer]: metamodel: 2016-08-19 06:47:58.351--ServerSession(1995875052)--Thread(Thread[Test worker,5,main])--Canonical Metamodel class [com.spartan.healthmeter.entity.ZenSchedulerHealth_] not found during initialization.
[EL Finer]: metamodel: 2016-08-19 06:47:58.352--ServerSession(1995875052)--Thread(Thread[Test worker,5,main])--Canonical Metamodel class [com.app.shared.appbasicsetup.usermanagement.UserAccessDomain_] not found during initialization.
[EL Finer]: metamodel: 2016-08-19 06:47:58.352--ServerSession(1995875052)--Thread(Thread[Test worker,5,main])--Canonical Metamodel class [com.app.shared.appbasicsetup.userrolemanagement.Roles_] not found during initialization.
[EL Finer]: metamodel: 2016-08-19 06:47:58.353--ServerSession(1995875052)--Thread(Thread[Test worker,5,main])--Canonical Metamodel class [com.app.shared.appbasicsetup.userrolemanagement.UserRoleBridge_] not found during initialization.
[EL Finer]: metamodel: 2016-08-19 06:47:58.354--ServerSession(1995875052)--Thread(Thread[Test worker,5,main])--Canonical Metamodel class [com.spartan.healthmeter.entity.ZenHealth_] not found during initialization.
[EL Finer]: metamodel: 2016-08-19 06:47:58.354--ServerSession(1995875052)--Thread(Thread[Test worker,5,main])--Canonical Metamodel class [com.app.shared.appbasicsetup.usermanagement.LoginSession_] not found during initialization.
[EL Finer]: metamodel: 2016-08-19 06:47:58.355--ServerSession(1995875052)--Thread(Thread[Test worker,5,main])--Canonical Metamodel class [com.app.shared.appbasicsetup.usermanagement.UserData_] not found during initialization.
[EL Finer]: metamodel: 2016-08-19 06:47:58.356--ServerSession(1995875052)--Thread(Thread[Test worker,5,main])--Canonical Metamodel class [com.app.shared.appinsight.alarms.ArtLogEventAction_] not found during initialization.
[EL Finer]: metamodel: 2016-08-19 06:47:58.356--ServerSession(1995875052)--Thread(Thread[Test worker,5,main])--Canonical Metamodel class [com.app.shared.organization.locationmanagement.City_] not found during initialization.
[EL Finer]: metamodel: 2016-08-19 06:47:58.357--ServerSession(1995875052)--Thread(Thread[Test worker,5,main])--Canonical Metamodel class [com.spartan.healthmeter.entity.ZenRequestDetails_] not found during initialization.
[EL Finer]: metamodel: 2016-08-19 06:47:58.358--ServerSession(1995875052)--Thread(Thread[Test worker,5,main])--Canonical Metamodel class [com.app.shared.appinsight.alarms.ArtLogStatus_] not found during initialization.
[EL Finer]: metamodel: 2016-08-19 06:47:58.358--ServerSession(1995875052)--Thread(Thread[Test worker,5,main])--Canonical Metamodel class [com.app.shared.appbasicsetup.aaa.JwtConfig_] not found during initialization.
[EL Finer]: metamodel: 2016-08-19 06:47:58.359--ServerSession(1995875052)--Thread(Thread[Test worker,5,main])--Canonical Metamodel class [com.athena.shared.pluggable.entity.ArtEntity_] not found during initialization.
[EL Finer]: metamodel: 2016-08-19 06:47:58.359--ServerSession(1995875052)--Thread(Thread[Test worker,5,main])--Canonical Metamodel class [com.athena.shared.pluggable.entity.AuditPropertiesEntity_] not found during initialization.
[EL Finest]: jpa: 2016-08-19 06:47:58.36--ServerSession(1995875052)--Thread(Thread[Test worker,5,main])--End deploying Persistence Unit com; session file:/home/applifire/workspace/eproject/build/libs/app-shared-appbasicsetup-usermanagement-1.0.jar_com; state Deployed; factoryCount 1
[EL Finer]: connection: 2016-08-19 06:48:04.393--ServerSession(1995875052)--Thread(Thread[Test worker,5,main])--client acquired: 284480811
[EL Finer]: transaction: 2016-08-19 06:48:04.406--ClientSession(284480811)--Thread(Thread[Test worker,5,main])--acquire unit of work: 1137799307
[EL Finest]: connection: 2016-08-19 06:48:04.406--ServerSession(1995875052)--Connection(1798559861)--Thread(Thread[Test worker,5,main])--Connection acquired from connection pool [default].
[EL Finer]: transaction: 2016-08-19 06:48:04.406--ClientSession(284480811)--Connection(1798559861)--Thread(Thread[Test worker,5,main])--begin transaction
[EL Finest]: connection: 2016-08-19 06:48:04.407--ClientSession(284480811)--Thread(Thread[Test worker,5,main])--reconnecting to external connection pool
[EL Finer]: transaction: 2016-08-19 06:48:04.425--UnitOfWork(1137799307)--Thread(Thread[Test worker,5,main])--begin unit of work flush
[EL Finer]: transaction: 2016-08-19 06:48:04.426--UnitOfWork(1137799307)--Thread(Thread[Test worker,5,main])--end unit of work flush
[EL Finest]: query: 2016-08-19 06:48:04.426--UnitOfWork(1137799307)--Thread(Thread[Test worker,5,main])--Execute query ReadAllQuery(referenceClass=ArtQuery sql="SELECT query_id, active_status, app_creator_id, created_by, created_date, hidden_name, jpql_query, name, project_id, project_version_id, query_json, query_type, sql_query, updated_by, updated_date, user_access, version_id FROM art_query WHERE (active_status = ?)")
[EL Fine]: sql: 2016-08-19 06:48:04.429--ClientSession(284480811)--Connection(1163877725)--Thread(Thread[Test worker,5,main])--SELECT query_id, active_status, app_creator_id, created_by, created_date, hidden_name, jpql_query, name, project_id, project_version_id, query_json, query_type, sql_query, updated_by, updated_date, user_access, version_id FROM art_query WHERE (active_status = ?)
	bind => [true]
Repository handle
[EL Finer]: transaction: 2016-08-19 06:48:04.451--UnitOfWork(1137799307)--Thread(Thread[Test worker,5,main])--begin unit of work commit
[EL Finer]: transaction: 2016-08-19 06:48:04.455--ClientSession(284480811)--Connection(1163877725)--Thread(Thread[Test worker,5,main])--commit transaction
[EL Finest]: connection: 2016-08-19 06:48:04.456--ServerSession(1995875052)--Connection(1798559861)--Thread(Thread[Test worker,5,main])--Connection released to connection pool [default].
[EL Finer]: transaction: 2016-08-19 06:48:04.456--UnitOfWork(1137799307)--Thread(Thread[Test worker,5,main])--end unit of work commit
[EL Finer]: transaction: 2016-08-19 06:48:04.456--UnitOfWork(1137799307)--Thread(Thread[Test worker,5,main])--resume unit of work
[EL Finer]: transaction: 2016-08-19 06:48:04.457--UnitOfWork(1137799307)--Thread(Thread[Test worker,5,main])--release unit of work
[EL Finer]: connection: 2016-08-19 06:48:04.457--ClientSession(284480811)--Thread(Thread[Test worker,5,main])--client released
[EL Finer]: connection: 2016-08-19 06:48:04.458--ServerSession(1995875052)--Thread(Thread[Test worker,5,main])--client acquired: 1830165147
[EL Finer]: transaction: 2016-08-19 06:48:04.458--ClientSession(1830165147)--Thread(Thread[Test worker,5,main])--acquire unit of work: 1177349648
[EL Finest]: connection: 2016-08-19 06:48:04.458--ServerSession(1995875052)--Connection(801210478)--Thread(Thread[Test worker,5,main])--Connection acquired from connection pool [default].
[EL Finer]: transaction: 2016-08-19 06:48:04.459--ClientSession(1830165147)--Connection(801210478)--Thread(Thread[Test worker,5,main])--begin transaction
[EL Finest]: connection: 2016-08-19 06:48:04.459--ClientSession(1830165147)--Thread(Thread[Test worker,5,main])--reconnecting to external connection pool
[EL Finest]: transaction: 2016-08-19 06:48:04.466--UnitOfWork(1177349648)--Thread(Thread[Test worker,5,main])--Merge clone with references AwsQuery [queryId=175F7E65-9602-4B99-826E-E29EEF65645F, jpqlQuery=delete from SessionData e where e.systemInfo.activeStatus=1 and e.appSessionId=:appSessionId, queryType=1, name=deleteAllSessionData, hiddenName=DELETEALLSESSIONDATA]
[EL Finest]: query: 2016-08-19 06:48:04.467--UnitOfWork(1177349648)--Thread(Thread[Test worker,5,main])--Execute query ReadObjectQuery(referenceClass=ArtQuery )
[EL Fine]: sql: 2016-08-19 06:48:04.469--ClientSession(1830165147)--Connection(1455007859)--Thread(Thread[Test worker,5,main])--SELECT query_id, active_status, app_creator_id, created_by, created_date, hidden_name, jpql_query, name, project_id, project_version_id, query_json, query_type, sql_query, updated_by, updated_date, user_access, version_id FROM art_query WHERE (query_id = ?)
	bind => [175F7E65-9602-4B99-826E-E29EEF65645F]
[EL Finer]: transaction: 2016-08-19 06:48:04.472--UnitOfWork(1177349648)--Thread(Thread[Test worker,5,main])--begin unit of work commit
[EL Finest]: query: 2016-08-19 06:48:04.473--UnitOfWork(1177349648)--Thread(Thread[Test worker,5,main])--Execute query UpdateObjectQuery(AwsQuery [queryId=175F7E65-9602-4B99-826E-E29EEF65645F, jpqlQuery=delete from SessionData e where e.systemInfo.activeStatus=1 and e.appSessionId=:appSessionId, queryType=1, name=deleteAllSessionData, hiddenName=DELETEALLSESSIONDATA])
[EL Fine]: sql: 2016-08-19 06:48:04.475--ClientSession(1830165147)--Connection(1455007859)--Thread(Thread[Test worker,5,main])--UPDATE art_query SET sql_query = ? WHERE (query_id = ?)
	bind => [DELETE FROM ast_SessionData_T WHERE ((activeStatus = ?) AND (appSessionId = ?)), 175F7E65-9602-4B99-826E-E29EEF65645F]
[EL Finer]: transaction: 2016-08-19 06:48:04.477--ClientSession(1830165147)--Connection(1455007859)--Thread(Thread[Test worker,5,main])--commit transaction
[EL Finest]: connection: 2016-08-19 06:48:04.556--ServerSession(1995875052)--Connection(801210478)--Thread(Thread[Test worker,5,main])--Connection released to connection pool [default].
[EL Finer]: transaction: 2016-08-19 06:48:04.556--UnitOfWork(1177349648)--Thread(Thread[Test worker,5,main])--end unit of work commit
[EL Finer]: transaction: 2016-08-19 06:48:04.556--UnitOfWork(1177349648)--Thread(Thread[Test worker,5,main])--resume unit of work
[EL Finer]: transaction: 2016-08-19 06:48:04.557--UnitOfWork(1177349648)--Thread(Thread[Test worker,5,main])--release unit of work
[EL Finer]: connection: 2016-08-19 06:48:04.557--ClientSession(1830165147)--Thread(Thread[Test worker,5,main])--client released
[EL Finer]: connection: 2016-08-19 06:48:04.559--ServerSession(1995875052)--Thread(Thread[Test worker,5,main])--client acquired: 741683708
[EL Finer]: transaction: 2016-08-19 06:48:04.559--ClientSession(741683708)--Thread(Thread[Test worker,5,main])--acquire unit of work: 1482993168
[EL Finest]: connection: 2016-08-19 06:48:04.56--ServerSession(1995875052)--Connection(970967494)--Thread(Thread[Test worker,5,main])--Connection acquired from connection pool [default].
[EL Finer]: transaction: 2016-08-19 06:48:04.56--ClientSession(741683708)--Connection(970967494)--Thread(Thread[Test worker,5,main])--begin transaction
[EL Finest]: connection: 2016-08-19 06:48:04.56--ClientSession(741683708)--Thread(Thread[Test worker,5,main])--reconnecting to external connection pool
[EL Finest]: transaction: 2016-08-19 06:48:04.564--UnitOfWork(1482993168)--Thread(Thread[Test worker,5,main])--Merge clone with references AwsQuery [queryId=19B84F70-F337-4FFD-8EEE-6C8827BE2566, jpqlQuery=select e from SessionData e where e.systemInfo.activeStatus=1 and e.appSessionId=:appSessionId and e.sessionKey =:sessionKey, queryType=1, name=findBySessionKey, hiddenName=FINDBYSESSIONKEY]
[EL Finest]: query: 2016-08-19 06:48:04.564--UnitOfWork(1482993168)--Thread(Thread[Test worker,5,main])--Execute query ReadObjectQuery(referenceClass=ArtQuery )
[EL Fine]: sql: 2016-08-19 06:48:04.564--ClientSession(741683708)--Connection(1839856895)--Thread(Thread[Test worker,5,main])--SELECT query_id, active_status, app_creator_id, created_by, created_date, hidden_name, jpql_query, name, project_id, project_version_id, query_json, query_type, sql_query, updated_by, updated_date, user_access, version_id FROM art_query WHERE (query_id = ?)
	bind => [19B84F70-F337-4FFD-8EEE-6C8827BE2566]
[EL Finer]: transaction: 2016-08-19 06:48:04.567--UnitOfWork(1482993168)--Thread(Thread[Test worker,5,main])--begin unit of work commit
[EL Finest]: query: 2016-08-19 06:48:04.568--UnitOfWork(1482993168)--Thread(Thread[Test worker,5,main])--Execute query UpdateObjectQuery(AwsQuery [queryId=19B84F70-F337-4FFD-8EEE-6C8827BE2566, jpqlQuery=select e from SessionData e where e.systemInfo.activeStatus=1 and e.appSessionId=:appSessionId and e.sessionKey =:sessionKey, queryType=1, name=findBySessionKey, hiddenName=FINDBYSESSIONKEY])
[EL Fine]: sql: 2016-08-19 06:48:04.568--ClientSession(741683708)--Connection(1839856895)--Thread(Thread[Test worker,5,main])--UPDATE art_query SET sql_query = ? WHERE (query_id = ?)
	bind => [SELECT dataId, appSessionId, booleanValue, customerId, dataType, dateTimeValue, jsonValue, numberValue, sessionKey, stringValue, userId, versionId, createdBy, createdDate, updatedBy, updatedDate, activeStatus, txnAccessCode FROM ast_SessionData_T WHERE (((activeStatus = ?) AND (appSessionId = ?)) AND (sessionKey = ?)), 19B84F70-F337-4FFD-8EEE-6C8827BE2566]
[EL Finer]: transaction: 2016-08-19 06:48:04.57--ClientSession(741683708)--Connection(1839856895)--Thread(Thread[Test worker,5,main])--commit transaction
[EL Finest]: connection: 2016-08-19 06:48:04.671--ServerSession(1995875052)--Connection(970967494)--Thread(Thread[Test worker,5,main])--Connection released to connection pool [default].
[EL Finer]: transaction: 2016-08-19 06:48:04.671--UnitOfWork(1482993168)--Thread(Thread[Test worker,5,main])--end unit of work commit
[EL Finer]: transaction: 2016-08-19 06:48:04.672--UnitOfWork(1482993168)--Thread(Thread[Test worker,5,main])--resume unit of work
[EL Finer]: transaction: 2016-08-19 06:48:04.672--UnitOfWork(1482993168)--Thread(Thread[Test worker,5,main])--release unit of work
[EL Finer]: connection: 2016-08-19 06:48:04.672--ClientSession(741683708)--Thread(Thread[Test worker,5,main])--client released
[EL Finer]: connection: 2016-08-19 06:48:04.673--ServerSession(1995875052)--Thread(Thread[Test worker,5,main])--client acquired: 58431213
[EL Finer]: transaction: 2016-08-19 06:48:04.673--ClientSession(58431213)--Thread(Thread[Test worker,5,main])--acquire unit of work: 653370212
[EL Finest]: connection: 2016-08-19 06:48:04.673--ServerSession(1995875052)--Connection(1109265973)--Thread(Thread[Test worker,5,main])--Connection acquired from connection pool [default].
[EL Finer]: transaction: 2016-08-19 06:48:04.674--ClientSession(58431213)--Connection(1109265973)--Thread(Thread[Test worker,5,main])--begin transaction
[EL Finest]: connection: 2016-08-19 06:48:04.674--ClientSession(58431213)--Thread(Thread[Test worker,5,main])--reconnecting to external connection pool
[EL Finest]: transaction: 2016-08-19 06:48:04.688--UnitOfWork(653370212)--Thread(Thread[Test worker,5,main])--Merge clone with references AwsQuery [queryId=2640FCB9-2413-4833-A5C3-696A60675A6A, jpqlQuery=SELECT zenHealthStatus.healthId,zenHealthStatus.scheduledDateTime,zenHealthStatus.serverInstanceId,zenHealthStatus.serverIpAddress, FUNCTION('ROUND',100 - (zenHealthStatus.usedSpace/zenHealthStatus.totalSpace )* 100) AS freeSpace, FUNCTION('ROUND',(zenHealthStatus.usedSpace/zenHealthStatus.totalSpace )* 100 ) AS usedSpace, FUNCTION('ROUND',(zenHealthStatus.totalSpace/1024)/1024) AS totalSpace, zenHealthStatus.status FROM ZenHealthStatus AS zenHealthStatus ORDER BY zenHealthStatus.scheduledDateTime DESC, queryType=2, name=System Memory Usage, hiddenName=SYSTEM MEMORY USAGE]
[EL Finest]: query: 2016-08-19 06:48:04.688--UnitOfWork(653370212)--Thread(Thread[Test worker,5,main])--Execute query ReadObjectQuery(referenceClass=ArtQuery )
[EL Fine]: sql: 2016-08-19 06:48:04.689--ClientSession(58431213)--Connection(1039496623)--Thread(Thread[Test worker,5,main])--SELECT query_id, active_status, app_creator_id, created_by, created_date, hidden_name, jpql_query, name, project_id, project_version_id, query_json, query_type, sql_query, updated_by, updated_date, user_access, version_id FROM art_query WHERE (query_id = ?)
	bind => [2640FCB9-2413-4833-A5C3-696A60675A6A]
[EL Finer]: transaction: 2016-08-19 06:48:04.691--UnitOfWork(653370212)--Thread(Thread[Test worker,5,main])--begin unit of work commit
[EL Finest]: query: 2016-08-19 06:48:04.692--UnitOfWork(653370212)--Thread(Thread[Test worker,5,main])--Execute query UpdateObjectQuery(AwsQuery [queryId=2640FCB9-2413-4833-A5C3-696A60675A6A, jpqlQuery=SELECT zenHealthStatus.healthId,zenHealthStatus.scheduledDateTime,zenHealthStatus.serverInstanceId,zenHealthStatus.serverIpAddress, FUNCTION('ROUND',100 - (zenHealthStatus.usedSpace/zenHealthStatus.totalSpace )* 100) AS freeSpace, FUNCTION('ROUND',(zenHealthStatus.usedSpace/zenHealthStatus.totalSpace )* 100 ) AS usedSpace, FUNCTION('ROUND',(zenHealthStatus.totalSpace/1024)/1024) AS totalSpace, zenHealthStatus.status FROM ZenHealthStatus AS zenHealthStatus ORDER BY zenHealthStatus.scheduledDateTime DESC, queryType=2, name=System Memory Usage, hiddenName=SYSTEM MEMORY USAGE])
[EL Fine]: sql: 2016-08-19 06:48:04.692--ClientSession(58431213)--Connection(1039496623)--Thread(Thread[Test worker,5,main])--UPDATE art_query SET sql_query = ? WHERE (query_id = ?)
	bind => [SELECT healthId, scheduledDateTime, serverInstanceId, serverIpAddress, ROUND((? - ((usedSpace / totalSpace) * ?))), ROUND(((usedSpace / totalSpace) * ?)), ROUND(((totalSpace / ?) / ?)), status FROM zen_health_status ORDER BY scheduledDateTime DESC, 2640FCB9-2413-4833-A5C3-696A60675A6A]
[EL Finer]: transaction: 2016-08-19 06:48:04.695--ClientSession(58431213)--Connection(1039496623)--Thread(Thread[Test worker,5,main])--commit transaction
[EL Finest]: connection: 2016-08-19 06:48:04.827--ServerSession(1995875052)--Connection(1109265973)--Thread(Thread[Test worker,5,main])--Connection released to connection pool [default].
[EL Finer]: transaction: 2016-08-19 06:48:04.828--UnitOfWork(653370212)--Thread(Thread[Test worker,5,main])--end unit of work commit
[EL Finer]: transaction: 2016-08-19 06:48:04.828--UnitOfWork(653370212)--Thread(Thread[Test worker,5,main])--resume unit of work
[EL Finer]: transaction: 2016-08-19 06:48:04.829--UnitOfWork(653370212)--Thread(Thread[Test worker,5,main])--release unit of work
[EL Finer]: connection: 2016-08-19 06:48:04.829--ClientSession(58431213)--Thread(Thread[Test worker,5,main])--client released
[EL Finer]: connection: 2016-08-19 06:48:04.83--ServerSession(1995875052)--Thread(Thread[Test worker,5,main])--client acquired: 1896648636
[EL Finer]: transaction: 2016-08-19 06:48:04.83--ClientSession(1896648636)--Thread(Thread[Test worker,5,main])--acquire unit of work: 1873852831
[EL Finest]: connection: 2016-08-19 06:48:04.83--ServerSession(1995875052)--Connection(996847362)--Thread(Thread[Test worker,5,main])--Connection acquired from connection pool [default].
[EL Finer]: transaction: 2016-08-19 06:48:04.831--ClientSession(1896648636)--Connection(996847362)--Thread(Thread[Test worker,5,main])--begin transaction
[EL Finest]: connection: 2016-08-19 06:48:04.831--ClientSession(1896648636)--Thread(Thread[Test worker,5,main])--reconnecting to external connection pool
[EL Finest]: transaction: 2016-08-19 06:48:04.835--UnitOfWork(1873852831)--Thread(Thread[Test worker,5,main])--Merge clone with references AwsQuery [queryId=2B8194AD-1841-4797-A5A7-5B8FC32E0906, jpqlQuery=SELECT u FROM Login u WHERE u.systemInfo.activeStatus=1 AND u.user.userId NOT IN (SELECT ub.userId FROM UserRoleBridge ub), queryType=1, name=findUnMappedUser, hiddenName=FINDUNMAPPEDUSER]
[EL Finest]: query: 2016-08-19 06:48:04.836--UnitOfWork(1873852831)--Thread(Thread[Test worker,5,main])--Execute query ReadObjectQuery(referenceClass=ArtQuery )
[EL Fine]: sql: 2016-08-19 06:48:04.836--ClientSession(1896648636)--Connection(1851864711)--Thread(Thread[Test worker,5,main])--SELECT query_id, active_status, app_creator_id, created_by, created_date, hidden_name, jpql_query, name, project_id, project_version_id, query_json, query_type, sql_query, updated_by, updated_date, user_access, version_id FROM art_query WHERE (query_id = ?)
	bind => [2B8194AD-1841-4797-A5A7-5B8FC32E0906]
[EL Finer]: transaction: 2016-08-19 06:48:04.841--UnitOfWork(1873852831)--Thread(Thread[Test worker,5,main])--begin unit of work commit
[EL Finest]: query: 2016-08-19 06:48:04.844--UnitOfWork(1873852831)--Thread(Thread[Test worker,5,main])--Execute query UpdateObjectQuery(AwsQuery [queryId=2B8194AD-1841-4797-A5A7-5B8FC32E0906, jpqlQuery=SELECT u FROM Login u WHERE u.systemInfo.activeStatus=1 AND u.user.userId NOT IN (SELECT ub.userId FROM UserRoleBridge ub), queryType=1, name=findUnMappedUser, hiddenName=FINDUNMAPPEDUSER])
[EL Fine]: sql: 2016-08-19 06:48:04.845--ClientSession(1896648636)--Connection(1851864711)--Thread(Thread[Test worker,5,main])--UPDATE art_query SET sql_query = ? WHERE (query_id = ?)
	bind => [SELECT t0.loginPk, t0.failedLoginAttempts, t0.loginId, t0.serverAuthImage, t0.serverAuthText, t0.versionId, t0.createdBy, t0.createdDate, t0.updatedBy, t0.updatedDate, t0.activeStatus, t0.txnAccessCode, t0.contactId, t0.userId FROM ast_Login_T t0, ast_User_T t1 WHERE (((t0.activeStatus = ?) AND t1.userId NOT IN (SELECT t2.userId FROM ast_UserRoleBridge_T t2)) AND (t1.userId = t0.userId)), 2B8194AD-1841-4797-A5A7-5B8FC32E0906]
[EL Finer]: transaction: 2016-08-19 06:48:04.849--ClientSession(1896648636)--Connection(1851864711)--Thread(Thread[Test worker,5,main])--commit transaction
[EL Finest]: connection: 2016-08-19 06:48:04.894--ServerSession(1995875052)--Connection(996847362)--Thread(Thread[Test worker,5,main])--Connection released to connection pool [default].
[EL Finer]: transaction: 2016-08-19 06:48:04.894--UnitOfWork(1873852831)--Thread(Thread[Test worker,5,main])--end unit of work commit
[EL Finer]: transaction: 2016-08-19 06:48:04.894--UnitOfWork(1873852831)--Thread(Thread[Test worker,5,main])--resume unit of work
[EL Finer]: transaction: 2016-08-19 06:48:04.894--UnitOfWork(1873852831)--Thread(Thread[Test worker,5,main])--release unit of work
[EL Finer]: connection: 2016-08-19 06:48:04.894--ClientSession(1896648636)--Thread(Thread[Test worker,5,main])--client released
[EL Finer]: connection: 2016-08-19 06:48:04.895--ServerSession(1995875052)--Thread(Thread[Test worker,5,main])--client acquired: 1929853779
[EL Finer]: transaction: 2016-08-19 06:48:04.895--ClientSession(1929853779)--Thread(Thread[Test worker,5,main])--acquire unit of work: 1606943012
[EL Finest]: connection: 2016-08-19 06:48:04.895--ServerSession(1995875052)--Connection(1136858012)--Thread(Thread[Test worker,5,main])--Connection acquired from connection pool [default].
[EL Finer]: transaction: 2016-08-19 06:48:04.895--ClientSession(1929853779)--Connection(1136858012)--Thread(Thread[Test worker,5,main])--begin transaction
[EL Finest]: connection: 2016-08-19 06:48:04.895--ClientSession(1929853779)--Thread(Thread[Test worker,5,main])--reconnecting to external connection pool
[EL Finest]: transaction: 2016-08-19 06:48:04.903--UnitOfWork(1606943012)--Thread(Thread[Test worker,5,main])--Merge clone with references AwsQuery [queryId=6337D3E9-949F-44C0-9D6A-EA90ADD42902, jpqlQuery=SELECT zenHealth.monitorId,zenHealth.scheduledDateTime,zenHealth.serverInstanceId,zenHealth.serverIpAddress,zenHealth.totalClass,zenHealth.classLoaded, zenHealth.classUnloaded,zenHealth.gcCollectionTime,zenHealth.gcMemoryName, ((zenHealth.nonHeapCommitted/1024)/1024) AS nonHeapCommitted, (zenHealth.nonHeapUsed/1024)/1024 AS nonHeapUsed, (zenHealth.heapCommitted/1024)/1024 AS heapCommitted, (zenHealth.maxMemory/1024)/1024 AS maxMemory , 100 - ((zenHealth.usedMemory/zenHealth.totalMemory) * 100) AS freeMemory, (zenHealth.heapUsed/1024)/1024 AS heapUsed, (zenHealth.totalMemory/1024)/1024 AS totalMemory, zenHealth.startTime, zenHealth.upTime,zenHealth.cpuTime, (zenHealth.freePhysicalSize/1024)/1024 AS freePhysicalSize, (zenHealth.totalPhysicalMemorySize/1024)/1024 AS totalPhysicalMemorySize, zenHealth.cpuLoadTime, FUNCTION('ROUND',(zenHealth.freeSwapSize/1024)/1024) AS freeSwapSize, zenHealth.systemLoadAverage, FUNCTION('ROUND',(zenHealth.totalSwapSize/1024)/1024) AS totalSwapSize, zenHealth.availableProcessor,zenHealth.totalThread, zenHealth.threadPeakCount,zenHealth.threadStartedCount,zenHealth.threadDaemonCount,zenHealth.threadCpuTime, zenHealth.threadUserTime,zenHealth.cpuLoad, (zenHealth.usedMemory/zenHealth.totalMemory) * 100 AS usedMemory, (zenHealth.usedSwapSize/1024)/1024 AS usedSwapSize, (zenHealth.usedPhysicalMemory /1024)/1024 AS usedPhysicalMemory FROM ZenHealth AS zenHealth ORDER BY zenHealth.scheduledDateTime DESC, queryType=2, name=App Server Memory Usage, hiddenName=APP SERVER MEMORY USAGE]
[EL Finest]: query: 2016-08-19 06:48:04.904--UnitOfWork(1606943012)--Thread(Thread[Test worker,5,main])--Execute query ReadObjectQuery(referenceClass=ArtQuery )
[EL Fine]: sql: 2016-08-19 06:48:04.904--ClientSession(1929853779)--Connection(1090953507)--Thread(Thread[Test worker,5,main])--SELECT query_id, active_status, app_creator_id, created_by, created_date, hidden_name, jpql_query, name, project_id, project_version_id, query_json, query_type, sql_query, updated_by, updated_date, user_access, version_id FROM art_query WHERE (query_id = ?)
	bind => [6337D3E9-949F-44C0-9D6A-EA90ADD42902]
[EL Finer]: transaction: 2016-08-19 06:48:04.906--UnitOfWork(1606943012)--Thread(Thread[Test worker,5,main])--begin unit of work commit
[EL Finest]: query: 2016-08-19 06:48:04.906--UnitOfWork(1606943012)--Thread(Thread[Test worker,5,main])--Execute query UpdateObjectQuery(AwsQuery [queryId=6337D3E9-949F-44C0-9D6A-EA90ADD42902, jpqlQuery=SELECT zenHealth.monitorId,zenHealth.scheduledDateTime,zenHealth.serverInstanceId,zenHealth.serverIpAddress,zenHealth.totalClass,zenHealth.classLoaded, zenHealth.classUnloaded,zenHealth.gcCollectionTime,zenHealth.gcMemoryName, ((zenHealth.nonHeapCommitted/1024)/1024) AS nonHeapCommitted, (zenHealth.nonHeapUsed/1024)/1024 AS nonHeapUsed, (zenHealth.heapCommitted/1024)/1024 AS heapCommitted, (zenHealth.maxMemory/1024)/1024 AS maxMemory , 100 - ((zenHealth.usedMemory/zenHealth.totalMemory) * 100) AS freeMemory, (zenHealth.heapUsed/1024)/1024 AS heapUsed, (zenHealth.totalMemory/1024)/1024 AS totalMemory, zenHealth.startTime, zenHealth.upTime,zenHealth.cpuTime, (zenHealth.freePhysicalSize/1024)/1024 AS freePhysicalSize, (zenHealth.totalPhysicalMemorySize/1024)/1024 AS totalPhysicalMemorySize, zenHealth.cpuLoadTime, FUNCTION('ROUND',(zenHealth.freeSwapSize/1024)/1024) AS freeSwapSize, zenHealth.systemLoadAverage, FUNCTION('ROUND',(zenHealth.totalSwapSize/1024)/1024) AS totalSwapSize, zenHealth.availableProcessor,zenHealth.totalThread, zenHealth.threadPeakCount,zenHealth.threadStartedCount,zenHealth.threadDaemonCount,zenHealth.threadCpuTime, zenHealth.threadUserTime,zenHealth.cpuLoad, (zenHealth.usedMemory/zenHealth.totalMemory) * 100 AS usedMemory, (zenHealth.usedSwapSize/1024)/1024 AS usedSwapSize, (zenHealth.usedPhysicalMemory /1024)/1024 AS usedPhysicalMemory FROM ZenHealth AS zenHealth ORDER BY zenHealth.scheduledDateTime DESC, queryType=2, name=App Server Memory Usage, hiddenName=APP SERVER MEMORY USAGE])
[EL Fine]: sql: 2016-08-19 06:48:04.906--ClientSession(1929853779)--Connection(1090953507)--Thread(Thread[Test worker,5,main])--UPDATE art_query SET sql_query = ? WHERE (query_id = ?)
	bind => [SELECT monitorId, scheduledDateTime, serverInstanceId, serverIpAddress, totalClass, classLoaded, classUnloaded, gcCollectionTime, gcMemoryName, ((nonHeapCommitted / ?) / ?), ((nonHeapUsed / ?) / ?), ((heapCommitted / ?) / ?), ((maxMemory / ?) / ?), (? - ((usedMemory / totalMemory) * ?)), ((heapUsed / ?) / ?), ((totalMemory / ?) / ?), startTime, upTime, cpuTime, ((freePhysicalSize / ?) / ?), ((totalPhysicalMemorySize / ?) / ?), cpuLoadTime, ROUND(((freeSwapSize / ?) / ?)), systemLoadAverage, ROUND(((totalSwapSize / ?) / ?)), availableProcessor, totalThread, threadPeakCount, threadStartedCount, threadDaemonCount, threadCpuTime, threadUserTime, cpuLoad, ((usedMemory / totalMemory) * ?), ((usedSwapSize / ?) / ?), ((usedPhysicalMemory / ?) / ?) FROM zen_health ORDER BY scheduledDateTime DESC, 6337D3E9-949F-44C0-9D6A-EA90ADD42902]
[EL Finer]: transaction: 2016-08-19 06:48:04.908--ClientSession(1929853779)--Connection(1090953507)--Thread(Thread[Test worker,5,main])--commit transaction
[EL Finest]: connection: 2016-08-19 06:48:04.949--ServerSession(1995875052)--Connection(1136858012)--Thread(Thread[Test worker,5,main])--Connection released to connection pool [default].
[EL Finer]: transaction: 2016-08-19 06:48:04.949--UnitOfWork(1606943012)--Thread(Thread[Test worker,5,main])--end unit of work commit
[EL Finer]: transaction: 2016-08-19 06:48:04.949--UnitOfWork(1606943012)--Thread(Thread[Test worker,5,main])--resume unit of work
[EL Finer]: transaction: 2016-08-19 06:48:04.95--UnitOfWork(1606943012)--Thread(Thread[Test worker,5,main])--release unit of work
[EL Finer]: connection: 2016-08-19 06:48:04.95--ClientSession(1929853779)--Thread(Thread[Test worker,5,main])--client released
[EL Finer]: connection: 2016-08-19 06:48:04.95--ServerSession(1995875052)--Thread(Thread[Test worker,5,main])--client acquired: 515282949
[EL Finer]: transaction: 2016-08-19 06:48:04.95--ClientSession(515282949)--Thread(Thread[Test worker,5,main])--acquire unit of work: 1706459139
[EL Finest]: connection: 2016-08-19 06:48:04.95--ServerSession(1995875052)--Connection(814643488)--Thread(Thread[Test worker,5,main])--Connection acquired from connection pool [default].
[EL Finer]: transaction: 2016-08-19 06:48:04.95--ClientSession(515282949)--Connection(814643488)--Thread(Thread[Test worker,5,main])--begin transaction
[EL Finest]: connection: 2016-08-19 06:48:04.95--ClientSession(515282949)--Thread(Thread[Test worker,5,main])--reconnecting to external connection pool
[EL Finest]: transaction: 2016-08-19 06:48:04.952--UnitOfWork(1706459139)--Thread(Thread[Test worker,5,main])--Merge clone with references AwsQuery [queryId=6E4365D0-C11D-44FB-B1EF-A00B5D6928CB, jpqlQuery=select e from SessionData e where e.systemInfo.activeStatus=1 and e.appSessionId=:appSessionId, queryType=1, name=findByAppSessionId, hiddenName=FINDBYAPPSESSIONID]
[EL Finest]: query: 2016-08-19 06:48:04.952--UnitOfWork(1706459139)--Thread(Thread[Test worker,5,main])--Execute query ReadObjectQuery(referenceClass=ArtQuery )
[EL Fine]: sql: 2016-08-19 06:48:04.953--ClientSession(515282949)--Connection(1519586728)--Thread(Thread[Test worker,5,main])--SELECT query_id, active_status, app_creator_id, created_by, created_date, hidden_name, jpql_query, name, project_id, project_version_id, query_json, query_type, sql_query, updated_by, updated_date, user_access, version_id FROM art_query WHERE (query_id = ?)
	bind => [6E4365D0-C11D-44FB-B1EF-A00B5D6928CB]
[EL Finer]: transaction: 2016-08-19 06:48:04.954--UnitOfWork(1706459139)--Thread(Thread[Test worker,5,main])--begin unit of work commit
[EL Finest]: query: 2016-08-19 06:48:04.955--UnitOfWork(1706459139)--Thread(Thread[Test worker,5,main])--Execute query UpdateObjectQuery(AwsQuery [queryId=6E4365D0-C11D-44FB-B1EF-A00B5D6928CB, jpqlQuery=select e from SessionData e where e.systemInfo.activeStatus=1 and e.appSessionId=:appSessionId, queryType=1, name=findByAppSessionId, hiddenName=FINDBYAPPSESSIONID])
[EL Fine]: sql: 2016-08-19 06:48:04.955--ClientSession(515282949)--Connection(1519586728)--Thread(Thread[Test worker,5,main])--UPDATE art_query SET sql_query = ? WHERE (query_id = ?)
	bind => [SELECT dataId, appSessionId, booleanValue, customerId, dataType, dateTimeValue, jsonValue, numberValue, sessionKey, stringValue, userId, versionId, createdBy, createdDate, updatedBy, updatedDate, activeStatus, txnAccessCode FROM ast_SessionData_T WHERE ((activeStatus = ?) AND (appSessionId = ?)), 6E4365D0-C11D-44FB-B1EF-A00B5D6928CB]
[EL Finer]: transaction: 2016-08-19 06:48:04.956--ClientSession(515282949)--Connection(1519586728)--Thread(Thread[Test worker,5,main])--commit transaction
[EL Finest]: connection: 2016-08-19 06:48:05.005--ServerSession(1995875052)--Connection(814643488)--Thread(Thread[Test worker,5,main])--Connection released to connection pool [default].
[EL Finer]: transaction: 2016-08-19 06:48:05.005--UnitOfWork(1706459139)--Thread(Thread[Test worker,5,main])--end unit of work commit
[EL Finer]: transaction: 2016-08-19 06:48:05.005--UnitOfWork(1706459139)--Thread(Thread[Test worker,5,main])--resume unit of work
[EL Finer]: transaction: 2016-08-19 06:48:05.005--UnitOfWork(1706459139)--Thread(Thread[Test worker,5,main])--release unit of work
[EL Finer]: connection: 2016-08-19 06:48:05.005--ClientSession(515282949)--Thread(Thread[Test worker,5,main])--client released
[EL Finer]: connection: 2016-08-19 06:48:05.006--ServerSession(1995875052)--Thread(Thread[Test worker,5,main])--client acquired: 1476218050
[EL Finer]: transaction: 2016-08-19 06:48:05.006--ClientSession(1476218050)--Thread(Thread[Test worker,5,main])--acquire unit of work: 918192559
[EL Finest]: connection: 2016-08-19 06:48:05.006--ServerSession(1995875052)--Connection(244851771)--Thread(Thread[Test worker,5,main])--Connection acquired from connection pool [default].
[EL Finer]: transaction: 2016-08-19 06:48:05.006--ClientSession(1476218050)--Connection(244851771)--Thread(Thread[Test worker,5,main])--begin transaction
[EL Finest]: connection: 2016-08-19 06:48:05.006--ClientSession(1476218050)--Thread(Thread[Test worker,5,main])--reconnecting to external connection pool
[EL Finest]: transaction: 2016-08-19 06:48:05.015--UnitOfWork(918192559)--Thread(Thread[Test worker,5,main])--Merge clone with references AwsQuery [queryId=A9F08CED-1763-44AF-8246-C1B4C4593520, jpqlQuery=SELECT CONCAT(login.coreContacts.firstName, ' : ', abcRequestDetails.ipAddress,  ' : ' , abcRequestDetails.requestId, ' : ',abcRequestDetails.appSessionId ) AS login_corecontacts_firstname,abcRequestDetails.requestId,abcRequestDetails.className,abcRequestDetails.requestTime,abcRequestDetails.requestMethod,abcRequestDetails.httpStatus,abcRequestDetails.returnStatus,abcRequestDetails.executionTime,abcRequestDetails.methodName,abcRequestDetails.startTime,abcRequestDetails.endTime,abcRequestDetails.typeofClass,abcRequestDetails.callSeqId,abcRequestDetails.exceptionId,abcRequestDetails.userId,abcRequestDetails.appSessionId FROM ZenRequestDetails AS abcRequestDetails LEFT OUTER JOIN Login AS login  WHERE    login.user.userId = abcRequestDetails.userId   AND abcRequestDetails.requestTime >= :requestTime   AND abcRequestDetails.requestTime <= :updatedDate  ORDER BY  abcRequestDetails.requestTime DESC ,abcRequestDetails.requestId, abcRequestDetails.callSeqId ASC, queryType=2, name=Request Details, hiddenName=REQUEST DETAILS]
[EL Finest]: query: 2016-08-19 06:48:05.015--UnitOfWork(918192559)--Thread(Thread[Test worker,5,main])--Execute query ReadObjectQuery(referenceClass=ArtQuery )
[EL Fine]: sql: 2016-08-19 06:48:05.015--ClientSession(1476218050)--Connection(1397921632)--Thread(Thread[Test worker,5,main])--SELECT query_id, active_status, app_creator_id, created_by, created_date, hidden_name, jpql_query, name, project_id, project_version_id, query_json, query_type, sql_query, updated_by, updated_date, user_access, version_id FROM art_query WHERE (query_id = ?)
	bind => [A9F08CED-1763-44AF-8246-C1B4C4593520]
[EL Finer]: transaction: 2016-08-19 06:48:05.017--UnitOfWork(918192559)--Thread(Thread[Test worker,5,main])--begin unit of work commit
[EL Finest]: query: 2016-08-19 06:48:05.018--UnitOfWork(918192559)--Thread(Thread[Test worker,5,main])--Execute query UpdateObjectQuery(AwsQuery [queryId=A9F08CED-1763-44AF-8246-C1B4C4593520, jpqlQuery=SELECT CONCAT(login.coreContacts.firstName, ' : ', abcRequestDetails.ipAddress,  ' : ' , abcRequestDetails.requestId, ' : ',abcRequestDetails.appSessionId ) AS login_corecontacts_firstname,abcRequestDetails.requestId,abcRequestDetails.className,abcRequestDetails.requestTime,abcRequestDetails.requestMethod,abcRequestDetails.httpStatus,abcRequestDetails.returnStatus,abcRequestDetails.executionTime,abcRequestDetails.methodName,abcRequestDetails.startTime,abcRequestDetails.endTime,abcRequestDetails.typeofClass,abcRequestDetails.callSeqId,abcRequestDetails.exceptionId,abcRequestDetails.userId,abcRequestDetails.appSessionId FROM ZenRequestDetails AS abcRequestDetails LEFT OUTER JOIN Login AS login  WHERE    login.user.userId = abcRequestDetails.userId   AND abcRequestDetails.requestTime >= :requestTime   AND abcRequestDetails.requestTime <= :updatedDate  ORDER BY  abcRequestDetails.requestTime DESC ,abcRequestDetails.requestId, abcRequestDetails.callSeqId ASC, queryType=2, name=Request Details, hiddenName=REQUEST DETAILS])
[EL Fine]: sql: 2016-08-19 06:48:05.018--ClientSession(1476218050)--Connection(1397921632)--Thread(Thread[Test worker,5,main])--UPDATE art_query SET sql_query = ? WHERE (query_id = ?)
	bind => [SELECT CONCAT(CONCAT(CONCAT(CONCAT(CONCAT(CONCAT(t0.firstName, ?), t2.ipAddress), ?), t2.requestId), ?), t2.appSessionId), t2.requestId, t2.className, t2.requestTime, t2.requestMethod, t2.httpStatus, t2.returnStatus, t2.executionTime, t2.methodName, t2.startTime, t2.endTime, t2.typeofClass, t2.callSeqId, t2.exceptionId, t2.userId, t2.appSessionId FROM ast_User_T t3, zen_request_details t2, ast_Login_T t1, ast_CoreContacts_T t0 WHERE ((((t3.userId = t2.userId) AND (t2.requestTime >= ?)) AND (t2.requestTime <= ?)) AND ((t3.userId = t1.userId) AND (t0.contactId = t1.contactId))) ORDER BY t2.requestTime DESC, t2.requestId, t2.callSeqId ASC, A9F08CED-1763-44AF-8246-C1B4C4593520]
[EL Finer]: transaction: 2016-08-19 06:48:05.019--ClientSession(1476218050)--Connection(1397921632)--Thread(Thread[Test worker,5,main])--commit transaction
[EL Finest]: connection: 2016-08-19 06:48:05.099--ServerSession(1995875052)--Connection(244851771)--Thread(Thread[Test worker,5,main])--Connection released to connection pool [default].
[EL Finer]: transaction: 2016-08-19 06:48:05.099--UnitOfWork(918192559)--Thread(Thread[Test worker,5,main])--end unit of work commit
[EL Finer]: transaction: 2016-08-19 06:48:05.099--UnitOfWork(918192559)--Thread(Thread[Test worker,5,main])--resume unit of work
[EL Finer]: transaction: 2016-08-19 06:48:05.099--UnitOfWork(918192559)--Thread(Thread[Test worker,5,main])--release unit of work
[EL Finer]: connection: 2016-08-19 06:48:05.099--ClientSession(1476218050)--Thread(Thread[Test worker,5,main])--client released
[EL Finer]: connection: 2016-08-19 06:48:05.1--ServerSession(1995875052)--Thread(Thread[Test worker,5,main])--client acquired: 555878756
[EL Finer]: transaction: 2016-08-19 06:48:05.1--ClientSession(555878756)--Thread(Thread[Test worker,5,main])--acquire unit of work: 1100387642
[EL Finest]: connection: 2016-08-19 06:48:05.1--ServerSession(1995875052)--Connection(85931130)--Thread(Thread[Test worker,5,main])--Connection acquired from connection pool [default].
[EL Finer]: transaction: 2016-08-19 06:48:05.1--ClientSession(555878756)--Connection(85931130)--Thread(Thread[Test worker,5,main])--begin transaction
[EL Finest]: connection: 2016-08-19 06:48:05.1--ClientSession(555878756)--Thread(Thread[Test worker,5,main])--reconnecting to external connection pool
[EL Finest]: transaction: 2016-08-19 06:48:05.102--UnitOfWork(1100387642)--Thread(Thread[Test worker,5,main])--Merge clone with references AwsQuery [queryId=F1397A36-7489-4A81-AA37-C05B1C0240B0, jpqlQuery=SELECT u FROM Login u WHERE u.systemInfo.activeStatus=1 AND u.user.userId IN (SELECT ub.userId FROM UserRoleBridge ub), queryType=1, name=findMappedUser, hiddenName=FINDMAPPEDUSER]
[EL Finest]: query: 2016-08-19 06:48:05.102--UnitOfWork(1100387642)--Thread(Thread[Test worker,5,main])--Execute query ReadObjectQuery(referenceClass=ArtQuery )
[EL Fine]: sql: 2016-08-19 06:48:05.103--ClientSession(555878756)--Connection(1526911664)--Thread(Thread[Test worker,5,main])--SELECT query_id, active_status, app_creator_id, created_by, created_date, hidden_name, jpql_query, name, project_id, project_version_id, query_json, query_type, sql_query, updated_by, updated_date, user_access, version_id FROM art_query WHERE (query_id = ?)
	bind => [F1397A36-7489-4A81-AA37-C05B1C0240B0]
[EL Finer]: transaction: 2016-08-19 06:48:05.104--UnitOfWork(1100387642)--Thread(Thread[Test worker,5,main])--begin unit of work commit
[EL Finest]: query: 2016-08-19 06:48:05.104--UnitOfWork(1100387642)--Thread(Thread[Test worker,5,main])--Execute query UpdateObjectQuery(AwsQuery [queryId=F1397A36-7489-4A81-AA37-C05B1C0240B0, jpqlQuery=SELECT u FROM Login u WHERE u.systemInfo.activeStatus=1 AND u.user.userId IN (SELECT ub.userId FROM UserRoleBridge ub), queryType=1, name=findMappedUser, hiddenName=FINDMAPPEDUSER])
[EL Fine]: sql: 2016-08-19 06:48:05.105--ClientSession(555878756)--Connection(1526911664)--Thread(Thread[Test worker,5,main])--UPDATE art_query SET sql_query = ? WHERE (query_id = ?)
	bind => [SELECT t0.loginPk, t0.failedLoginAttempts, t0.loginId, t0.serverAuthImage, t0.serverAuthText, t0.versionId, t0.createdBy, t0.createdDate, t0.updatedBy, t0.updatedDate, t0.activeStatus, t0.txnAccessCode, t0.contactId, t0.userId FROM ast_Login_T t0, ast_User_T t1 WHERE (((t0.activeStatus = ?) AND t1.userId IN (SELECT t2.userId FROM ast_UserRoleBridge_T t2)) AND (t1.userId = t0.userId)), F1397A36-7489-4A81-AA37-C05B1C0240B0]
[EL Finer]: transaction: 2016-08-19 06:48:05.106--ClientSession(555878756)--Connection(1526911664)--Thread(Thread[Test worker,5,main])--commit transaction
[EL Finest]: connection: 2016-08-19 06:48:05.184--ServerSession(1995875052)--Connection(85931130)--Thread(Thread[Test worker,5,main])--Connection released to connection pool [default].
[EL Finer]: transaction: 2016-08-19 06:48:05.184--UnitOfWork(1100387642)--Thread(Thread[Test worker,5,main])--end unit of work commit
[EL Finer]: transaction: 2016-08-19 06:48:05.184--UnitOfWork(1100387642)--Thread(Thread[Test worker,5,main])--resume unit of work
[EL Finer]: transaction: 2016-08-19 06:48:05.184--UnitOfWork(1100387642)--Thread(Thread[Test worker,5,main])--release unit of work
[EL Finer]: connection: 2016-08-19 06:48:05.184--ClientSession(555878756)--Thread(Thread[Test worker,5,main])--client released
[EL Finer]: connection: 2016-08-19 06:48:13.373--ServerSession(1995875052)--Thread(Thread[Test worker,5,main])--client acquired: 709214019
[EL Finer]: transaction: 2016-08-19 06:48:13.374--ClientSession(709214019)--Thread(Thread[Test worker,5,main])--acquire unit of work: 1225776483
[EL Finest]: connection: 2016-08-19 06:48:13.374--ServerSession(1995875052)--Connection(814724110)--Thread(Thread[Test worker,5,main])--Connection acquired from connection pool [default].
[EL Finer]: transaction: 2016-08-19 06:48:13.374--ClientSession(709214019)--Connection(814724110)--Thread(Thread[Test worker,5,main])--begin transaction
[EL Finest]: connection: 2016-08-19 06:48:13.374--ClientSession(709214019)--Thread(Thread[Test worker,5,main])--reconnecting to external connection pool
[EL Finest]: transaction: 2016-08-19 06:48:13.386--UnitOfWork(1225776483)--Thread(Thread[Test worker,5,main])--persist() operation called on: 7,97RTsnb58Wx82X6pUp03v8SUGhXXQELZZZrMHKfdLEoCG5XV7h.
[EL Finest]: sequencing: 2016-08-19 06:48:13.387--UnitOfWork(1225776483)--Thread(Thread[Test worker,5,main])--assign sequence to the object (4059840E-BACF-413E-8A9E-F765773EF51B -> 7,97RTsnb58Wx82X6pUp03v8SUGhXXQELZZZrMHKfdLEoCG5XV7h)
[EL Finer]: transaction: 2016-08-19 06:48:13.388--UnitOfWork(1225776483)--Thread(Thread[Test worker,5,main])--begin unit of work commit
[EL Finest]: query: 2016-08-19 06:48:13.39--UnitOfWork(1225776483)--Thread(Thread[Test worker,5,main])--Execute query InsertObjectQuery(7,97RTsnb58Wx82X6pUp03v8SUGhXXQELZZZrMHKfdLEoCG5XV7h)
[EL Fine]: sql: 2016-08-19 06:48:13.391--ClientSession(709214019)--Connection(1115545000)--Thread(Thread[Test worker,5,main])--INSERT INTO ast_Question_M (questionId, levelid, question, questionDetails, questionIcon, versionId, createdBy, createdDate, updatedBy, updatedDate, activeStatus, txnAccessCode) VALUES (?, ?, ?, ?, ?, ?, ?, ?, ?, ?, ?, ?)
	bind => [4059840E-BACF-413E-8A9E-F765773EF51B, 7, 97RTsnb58Wx82X6pUp03v8SUGhXXQELZZZrMHKfdLEoCG5XV7h, sqSbweYGod, 5IBpcV3ms1lKVErXSzIURsuoVQuGhob06NSc1NTKZXFwBxxVPo, 1, AAAAA, 2016-08-19 06:48:13.287, AAAAA, 2016-08-19 06:48:13.287, 1, 51000]
[EL Finer]: transaction: 2016-08-19 06:48:13.394--ClientSession(709214019)--Connection(1115545000)--Thread(Thread[Test worker,5,main])--commit transaction
[EL Finest]: connection: 2016-08-19 06:48:13.523--ServerSession(1995875052)--Connection(814724110)--Thread(Thread[Test worker,5,main])--Connection released to connection pool [default].
[EL Finer]: transaction: 2016-08-19 06:48:13.524--UnitOfWork(1225776483)--Thread(Thread[Test worker,5,main])--end unit of work commit
[EL Finer]: transaction: 2016-08-19 06:48:13.524--UnitOfWork(1225776483)--Thread(Thread[Test worker,5,main])--resume unit of work
[EL Finer]: transaction: 2016-08-19 06:48:13.525--UnitOfWork(1225776483)--Thread(Thread[Test worker,5,main])--release unit of work
[EL Finer]: connection: 2016-08-19 06:48:13.525--ClientSession(709214019)--Thread(Thread[Test worker,5,main])--client released
[EL Finer]: connection: 2016-08-19 06:48:13.543--ServerSession(1995875052)--Thread(Thread[Test worker,5,main])--client acquired: 1182572055
[EL Finer]: transaction: 2016-08-19 06:48:13.544--ClientSession(1182572055)--Thread(Thread[Test worker,5,main])--acquire unit of work: 527375400
[EL Finest]: connection: 2016-08-19 06:48:13.544--ServerSession(1995875052)--Connection(933336631)--Thread(Thread[Test worker,5,main])--Connection acquired from connection pool [default].
[EL Finer]: transaction: 2016-08-19 06:48:13.544--ClientSession(1182572055)--Connection(933336631)--Thread(Thread[Test worker,5,main])--begin transaction
[EL Finest]: connection: 2016-08-19 06:48:13.544--ClientSession(1182572055)--Thread(Thread[Test worker,5,main])--reconnecting to external connection pool
[EL Finer]: transaction: 2016-08-19 06:48:13.546--UnitOfWork(527375400)--Thread(Thread[Test worker,5,main])--begin unit of work flush
[EL Finer]: transaction: 2016-08-19 06:48:13.546--UnitOfWork(527375400)--Thread(Thread[Test worker,5,main])--end unit of work flush
[EL Finest]: query: 2016-08-19 06:48:13.546--UnitOfWork(527375400)--Thread(Thread[Test worker,5,main])--Execute query ReadAllQuery(name="Question.findById" referenceClass=Question sql="SELECT questionId, levelid, question, questionDetails, questionIcon, versionId, createdBy, createdDate, updatedBy, updatedDate, activeStatus, txnAccessCode FROM ast_Question_M WHERE ((activeStatus = ?) AND (questionId = ?))")
[EL Fine]: sql: 2016-08-19 06:48:13.546--ClientSession(1182572055)--Connection(1701123193)--Thread(Thread[Test worker,5,main])--SELECT questionId, levelid, question, questionDetails, questionIcon, versionId, createdBy, createdDate, updatedBy, updatedDate, activeStatus, txnAccessCode FROM ast_Question_M WHERE ((activeStatus = ?) AND (questionId = ?))
	bind => [1, 4059840E-BACF-413E-8A9E-F765773EF51B]
[EL Finer]: transaction: 2016-08-19 06:48:13.548--UnitOfWork(527375400)--Thread(Thread[Test worker,5,main])--begin unit of work commit
[EL Finer]: transaction: 2016-08-19 06:48:13.549--ClientSession(1182572055)--Connection(1701123193)--Thread(Thread[Test worker,5,main])--commit transaction
[EL Finest]: connection: 2016-08-19 06:48:13.55--ServerSession(1995875052)--Connection(933336631)--Thread(Thread[Test worker,5,main])--Connection released to connection pool [default].
[EL Finer]: transaction: 2016-08-19 06:48:13.55--UnitOfWork(527375400)--Thread(Thread[Test worker,5,main])--end unit of work commit
[EL Finer]: transaction: 2016-08-19 06:48:13.55--UnitOfWork(527375400)--Thread(Thread[Test worker,5,main])--resume unit of work
[EL Finer]: transaction: 2016-08-19 06:48:13.55--UnitOfWork(527375400)--Thread(Thread[Test worker,5,main])--release unit of work
[EL Finer]: connection: 2016-08-19 06:48:13.55--ClientSession(1182572055)--Thread(Thread[Test worker,5,main])--client released
[EL Finer]: connection: 2016-08-19 06:48:13.551--ServerSession(1995875052)--Thread(Thread[Test worker,5,main])--client acquired: 231532436
[EL Finer]: transaction: 2016-08-19 06:48:13.551--ClientSession(231532436)--Thread(Thread[Test worker,5,main])--acquire unit of work: 125283488
[EL Finest]: connection: 2016-08-19 06:48:13.551--ServerSession(1995875052)--Connection(1105608756)--Thread(Thread[Test worker,5,main])--Connection acquired from connection pool [default].
[EL Finer]: transaction: 2016-08-19 06:48:13.552--ClientSession(231532436)--Connection(1105608756)--Thread(Thread[Test worker,5,main])--begin transaction
[EL Finest]: connection: 2016-08-19 06:48:13.552--ClientSession(231532436)--Thread(Thread[Test worker,5,main])--reconnecting to external connection pool
[EL Finest]: transaction: 2016-08-19 06:48:13.557--UnitOfWork(125283488)--Thread(Thread[Test worker,5,main])--Merge clone with references 3,ombFOPn9astBS9bGbO0fXLooUTYsar2pzmUCa6yqElsnkx1Uly
[EL Finest]: query: 2016-08-19 06:48:13.557--UnitOfWork(125283488)--Thread(Thread[Test worker,5,main])--Execute query ReadObjectQuery(referenceClass=Question )
[EL Fine]: sql: 2016-08-19 06:48:13.558--ClientSession(231532436)--Connection(394216979)--Thread(Thread[Test worker,5,main])--SELECT questionId, levelid, question, questionDetails, questionIcon, versionId, createdBy, createdDate, updatedBy, updatedDate, activeStatus, txnAccessCode FROM ast_Question_M WHERE (questionId = ?)
	bind => [4059840E-BACF-413E-8A9E-F765773EF51B]
[EL Finer]: transaction: 2016-08-19 06:48:13.559--UnitOfWork(125283488)--Thread(Thread[Test worker,5,main])--begin unit of work commit
[EL Finest]: query: 2016-08-19 06:48:13.56--UnitOfWork(125283488)--Thread(Thread[Test worker,5,main])--Execute query UpdateObjectQuery(3,ombFOPn9astBS9bGbO0fXLooUTYsar2pzmUCa6yqElsnkx1Uly)
[EL Fine]: sql: 2016-08-19 06:48:13.561--ClientSession(231532436)--Connection(394216979)--Thread(Thread[Test worker,5,main])--UPDATE ast_Question_M SET levelid = ?, question = ?, questionDetails = ?, questionIcon = ?, versionId = ? WHERE ((questionId = ?) AND (versionId = ?))
	bind => [3, ombFOPn9astBS9bGbO0fXLooUTYsar2pzmUCa6yqElsnkx1Uly, Qo8ABXvMQr, gijr2jCFRBu3ejyTcrItVBLSYiempWxFEilbBUQAek5KF3Cmkd, 2, 4059840E-BACF-413E-8A9E-F765773EF51B, 1]
[EL Finer]: transaction: 2016-08-19 06:48:13.562--ClientSession(231532436)--Connection(394216979)--Thread(Thread[Test worker,5,main])--commit transaction
[EL Finest]: connection: 2016-08-19 06:48:13.735--ServerSession(1995875052)--Connection(1105608756)--Thread(Thread[Test worker,5,main])--Connection released to connection pool [default].
[EL Finer]: transaction: 2016-08-19 06:48:13.735--UnitOfWork(125283488)--Thread(Thread[Test worker,5,main])--end unit of work commit
[EL Finer]: transaction: 2016-08-19 06:48:13.735--UnitOfWork(125283488)--Thread(Thread[Test worker,5,main])--resume unit of work
[EL Finer]: transaction: 2016-08-19 06:48:13.735--UnitOfWork(125283488)--Thread(Thread[Test worker,5,main])--release unit of work
[EL Finer]: connection: 2016-08-19 06:48:13.735--ClientSession(231532436)--Thread(Thread[Test worker,5,main])--client released
[EL Finer]: connection: 2016-08-19 06:48:13.751--ServerSession(1995875052)--Thread(Thread[Test worker,5,main])--client acquired: 1343525464
[EL Finer]: transaction: 2016-08-19 06:48:13.752--ClientSession(1343525464)--Thread(Thread[Test worker,5,main])--acquire unit of work: 1989408890
[EL Finest]: connection: 2016-08-19 06:48:13.752--ServerSession(1995875052)--Connection(1822314087)--Thread(Thread[Test worker,5,main])--Connection acquired from connection pool [default].
[EL Finer]: transaction: 2016-08-19 06:48:13.752--ClientSession(1343525464)--Connection(1822314087)--Thread(Thread[Test worker,5,main])--begin transaction
[EL Finest]: connection: 2016-08-19 06:48:13.752--ClientSession(1343525464)--Thread(Thread[Test worker,5,main])--reconnecting to external connection pool
[EL Finer]: transaction: 2016-08-19 06:48:13.753--UnitOfWork(1989408890)--Thread(Thread[Test worker,5,main])--begin unit of work flush
[EL Finer]: transaction: 2016-08-19 06:48:13.753--UnitOfWork(1989408890)--Thread(Thread[Test worker,5,main])--end unit of work flush
[EL Finest]: query: 2016-08-19 06:48:13.753--UnitOfWork(1989408890)--Thread(Thread[Test worker,5,main])--Execute query ReadAllQuery(name="Question.findById" referenceClass=Question sql="SELECT questionId, levelid, question, questionDetails, questionIcon, versionId, createdBy, createdDate, updatedBy, updatedDate, activeStatus, txnAccessCode FROM ast_Question_M WHERE ((activeStatus = ?) AND (questionId = ?))")
[EL Fine]: sql: 2016-08-19 06:48:13.753--ClientSession(1343525464)--Connection(657373555)--Thread(Thread[Test worker,5,main])--SELECT questionId, levelid, question, questionDetails, questionIcon, versionId, createdBy, createdDate, updatedBy, updatedDate, activeStatus, txnAccessCode FROM ast_Question_M WHERE ((activeStatus = ?) AND (questionId = ?))
	bind => [1, 4059840E-BACF-413E-8A9E-F765773EF51B]
[EL Finer]: transaction: 2016-08-19 06:48:13.755--UnitOfWork(1989408890)--Thread(Thread[Test worker,5,main])--begin unit of work commit
[EL Finer]: transaction: 2016-08-19 06:48:13.756--ClientSession(1343525464)--Connection(657373555)--Thread(Thread[Test worker,5,main])--commit transaction
[EL Finest]: connection: 2016-08-19 06:48:13.756--ServerSession(1995875052)--Connection(1822314087)--Thread(Thread[Test worker,5,main])--Connection released to connection pool [default].
[EL Finer]: transaction: 2016-08-19 06:48:13.756--UnitOfWork(1989408890)--Thread(Thread[Test worker,5,main])--end unit of work commit
[EL Finer]: transaction: 2016-08-19 06:48:13.756--UnitOfWork(1989408890)--Thread(Thread[Test worker,5,main])--resume unit of work
[EL Finer]: transaction: 2016-08-19 06:48:13.757--UnitOfWork(1989408890)--Thread(Thread[Test worker,5,main])--release unit of work
[EL Finer]: connection: 2016-08-19 06:48:13.757--ClientSession(1343525464)--Thread(Thread[Test worker,5,main])--client released
[EL Finer]: connection: 2016-08-19 06:48:13.811--ServerSession(1995875052)--Thread(Thread[Test worker,5,main])--client acquired: 490406854
[EL Finer]: transaction: 2016-08-19 06:48:13.812--ClientSession(490406854)--Thread(Thread[Test worker,5,main])--acquire unit of work: 225757992
[EL Finest]: connection: 2016-08-19 06:48:13.812--ServerSession(1995875052)--Connection(1858450942)--Thread(Thread[Test worker,5,main])--Connection acquired from connection pool [default].
[EL Finer]: transaction: 2016-08-19 06:48:13.812--ClientSession(490406854)--Connection(1858450942)--Thread(Thread[Test worker,5,main])--begin transaction
[EL Finest]: connection: 2016-08-19 06:48:13.812--ClientSession(490406854)--Thread(Thread[Test worker,5,main])--reconnecting to external connection pool
[EL Finest]: query: 2016-08-19 06:48:13.814--UnitOfWork(225757992)--Thread(Thread[Test worker,5,main])--Execute query ReadObjectQuery(name="readQuestion" referenceClass=Question sql="SELECT questionId, levelid, question, questionDetails, questionIcon, versionId, createdBy, createdDate, updatedBy, updatedDate, activeStatus, txnAccessCode FROM ast_Question_M WHERE (questionId = ?)")
[EL Fine]: sql: 2016-08-19 06:48:13.814--ClientSession(490406854)--Connection(1190759592)--Thread(Thread[Test worker,5,main])--SELECT questionId, levelid, question, questionDetails, questionIcon, versionId, createdBy, createdDate, updatedBy, updatedDate, activeStatus, txnAccessCode FROM ast_Question_M WHERE (questionId = ?)
	bind => [4059840E-BACF-413E-8A9E-F765773EF51B]
[EL Finest]: transaction: 2016-08-19 06:48:13.816--UnitOfWork(225757992)--Thread(Thread[Test worker,5,main])--remove() operation called on: 3,ombFOPn9astBS9bGbO0fXLooUTYsar2pzmUCa6yqElsnkx1Uly
[EL Finer]: transaction: 2016-08-19 06:48:13.817--UnitOfWork(225757992)--Thread(Thread[Test worker,5,main])--begin unit of work commit
[EL Finest]: query: 2016-08-19 06:48:13.817--UnitOfWork(225757992)--Thread(Thread[Test worker,5,main])--Execute query DoesExistQuery(referenceClass=Question )
[EL Finest]: query: 2016-08-19 06:48:13.818--UnitOfWork(225757992)--Thread(Thread[Test worker,5,main])--Execute query DeleteObjectQuery(3,ombFOPn9astBS9bGbO0fXLooUTYsar2pzmUCa6yqElsnkx1Uly)
[EL Fine]: sql: 2016-08-19 06:48:13.818--ClientSession(490406854)--Connection(1190759592)--Thread(Thread[Test worker,5,main])--DELETE FROM ast_Question_M WHERE ((questionId = ?) AND (versionId = ?))
	bind => [4059840E-BACF-413E-8A9E-F765773EF51B, 2]
[EL Finer]: transaction: 2016-08-19 06:48:13.82--ClientSession(490406854)--Connection(1190759592)--Thread(Thread[Test worker,5,main])--commit transaction
[EL Finest]: connection: 2016-08-19 06:48:13.99--ServerSession(1995875052)--Connection(1858450942)--Thread(Thread[Test worker,5,main])--Connection released to connection pool [default].
[EL Finer]: transaction: 2016-08-19 06:48:13.99--UnitOfWork(225757992)--Thread(Thread[Test worker,5,main])--end unit of work commit
[EL Finer]: transaction: 2016-08-19 06:48:13.99--UnitOfWork(225757992)--Thread(Thread[Test worker,5,main])--resume unit of work
[EL Finer]: transaction: 2016-08-19 06:48:13.99--UnitOfWork(225757992)--Thread(Thread[Test worker,5,main])--release unit of work
[EL Finer]: connection: 2016-08-19 06:48:13.99--ClientSession(490406854)--Thread(Thread[Test worker,5,main])--client released
]]></system-out>
  <system-err><![CDATA[log4j:WARN No appenders could be found for logger (org.springframework.test.context.junit4.SpringJUnit4ClassRunner).
log4j:WARN Please initialize the log4j system properly.
log4j:WARN See http://logging.apache.org/log4j/1.2/faq.html#noconfig for more info.
Question.levelid may not be null
java.lang.SecurityException: Question.levelid may not be null
	at com.athena.server.pluggable.utils.helper.EntityValidatorHelper.validateEntity(EntityValidatorHelper.java:37)
	at com.app.shared.appbasicsetup.usermanagement.Question.isValid(Question.java:193)
	at com.app.server.service.appbasicsetup.usermanagement.QuestionTestCase.validateQuestion(QuestionTestCase.java:210)
	at com.app.server.service.appbasicsetup.usermanagement.QuestionTestCase.test5NegativeTesting(QuestionTestCase.java:245)
	at sun.reflect.NativeMethodAccessorImpl.invoke0(Native Method)
	at sun.reflect.NativeMethodAccessorImpl.invoke(NativeMethodAccessorImpl.java:57)
	at sun.reflect.DelegatingMethodAccessorImpl.invoke(DelegatingMethodAccessorImpl.java:43)
	at java.lang.reflect.Method.invoke(Method.java:606)
	at org.junit.runners.model.FrameworkMethod$1.runReflectiveCall(FrameworkMethod.java:47)
	at org.junit.internal.runners.model.ReflectiveCallable.run(ReflectiveCallable.java:12)
	at org.junit.runners.model.FrameworkMethod.invokeExplosively(FrameworkMethod.java:44)
	at org.junit.internal.runners.statements.InvokeMethod.evaluate(InvokeMethod.java:17)
	at org.junit.internal.runners.statements.RunBefores.evaluate(RunBefores.java:26)
	at org.springframework.test.context.junit4.statements.RunBeforeTestMethodCallbacks.evaluate(RunBeforeTestMethodCallbacks.java:74)
	at org.junit.internal.runners.statements.RunAfters.evaluate(RunAfters.java:27)
	at org.springframework.test.context.junit4.statements.RunAfterTestMethodCallbacks.evaluate(RunAfterTestMethodCallbacks.java:83)
	at org.springframework.test.context.junit4.statements.SpringRepeat.evaluate(SpringRepeat.java:72)
	at org.springframework.test.context.junit4.SpringJUnit4ClassRunner.runChild(SpringJUnit4ClassRunner.java:233)
	at org.springframework.test.context.junit4.SpringJUnit4ClassRunner.runChild(SpringJUnit4ClassRunner.java:87)
	at org.junit.runners.ParentRunner$3.run(ParentRunner.java:238)
	at org.junit.runners.ParentRunner$1.schedule(ParentRunner.java:63)
	at org.junit.runners.ParentRunner.runChildren(ParentRunner.java:236)
	at org.junit.runners.ParentRunner.access$000(ParentRunner.java:53)
	at org.junit.runners.ParentRunner$2.evaluate(ParentRunner.java:229)
	at org.junit.internal.runners.statements.RunBefores.evaluate(RunBefores.java:26)
	at org.springframework.test.context.junit4.statements.RunBeforeTestClassCallbacks.evaluate(RunBeforeTestClassCallbacks.java:61)
	at org.springframework.test.context.junit4.statements.RunAfterTestClassCallbacks.evaluate(RunAfterTestClassCallbacks.java:71)
	at org.junit.runners.ParentRunner.run(ParentRunner.java:309)
	at org.springframework.test.context.junit4.SpringJUnit4ClassRunner.run(SpringJUnit4ClassRunner.java:176)
	at org.gradle.api.internal.tasks.testing.junit.JUnitTestClassExecuter.runTestClass(JUnitTestClassExecuter.java:86)
	at org.gradle.api.internal.tasks.testing.junit.JUnitTestClassExecuter.execute(JUnitTestClassExecuter.java:49)
	at org.gradle.api.internal.tasks.testing.junit.JUnitTestClassProcessor.processTestClass(JUnitTestClassProcessor.java:64)
	at org.gradle.api.internal.tasks.testing.SuiteTestClassProcessor.processTestClass(SuiteTestClassProcessor.java:50)
	at sun.reflect.NativeMethodAccessorImpl.invoke0(Native Method)
	at sun.reflect.NativeMethodAccessorImpl.invoke(NativeMethodAccessorImpl.java:57)
	at sun.reflect.DelegatingMethodAccessorImpl.invoke(DelegatingMethodAccessorImpl.java:43)
	at java.lang.reflect.Method.invoke(Method.java:606)
	at org.gradle.messaging.dispatch.ReflectionDispatch.dispatch(ReflectionDispatch.java:35)
	at org.gradle.messaging.dispatch.ReflectionDispatch.dispatch(ReflectionDispatch.java:24)
	at org.gradle.messaging.dispatch.ContextClassLoaderDispatch.dispatch(ContextClassLoaderDispatch.java:32)
	at org.gradle.messaging.dispatch.ProxyDispatchAdapter$DispatchingInvocationHandler.invoke(ProxyDispatchAdapter.java:93)
	at com.sun.proxy.$Proxy2.processTestClass(Unknown Source)
	at org.gradle.api.internal.tasks.testing.worker.TestWorker.processTestClass(TestWorker.java:106)
	at sun.reflect.NativeMethodAccessorImpl.invoke0(Native Method)
	at sun.reflect.NativeMethodAccessorImpl.invoke(NativeMethodAccessorImpl.java:57)
	at sun.reflect.DelegatingMethodAccessorImpl.invoke(DelegatingMethodAccessorImpl.java:43)
	at java.lang.reflect.Method.invoke(Method.java:606)
	at org.gradle.messaging.dispatch.ReflectionDispatch.dispatch(ReflectionDispatch.java:35)
	at org.gradle.messaging.dispatch.ReflectionDispatch.dispatch(ReflectionDispatch.java:24)
	at org.gradle.messaging.remote.internal.hub.MessageHub$Handler.run(MessageHub.java:360)
	at org.gradle.internal.concurrent.DefaultExecutorFactory$StoppableExecutorImpl$1.run(DefaultExecutorFactory.java:64)
	at java.util.concurrent.ThreadPoolExecutor.runWorker(ThreadPoolExecutor.java:1145)
	at java.util.concurrent.ThreadPoolExecutor$Worker.run(ThreadPoolExecutor.java:615)
	at java.lang.Thread.run(Thread.java:745)
Question.levelid must be less than or equal to 11
java.lang.SecurityException: Question.levelid must be less than or equal to 11
	at com.athena.server.pluggable.utils.helper.EntityValidatorHelper.validateEntity(EntityValidatorHelper.java:37)
	at com.app.shared.appbasicsetup.usermanagement.Question.isValid(Question.java:193)
	at com.app.server.service.appbasicsetup.usermanagement.QuestionTestCase.validateQuestion(QuestionTestCase.java:208)
	at com.app.server.service.appbasicsetup.usermanagement.QuestionTestCase.test5NegativeTesting(QuestionTestCase.java:250)
	at sun.reflect.NativeMethodAccessorImpl.invoke0(Native Method)
	at sun.reflect.NativeMethodAccessorImpl.invoke(NativeMethodAccessorImpl.java:57)
	at sun.reflect.DelegatingMethodAccessorImpl.invoke(DelegatingMethodAccessorImpl.java:43)
	at java.lang.reflect.Method.invoke(Method.java:606)
	at org.junit.runners.model.FrameworkMethod$1.runReflectiveCall(FrameworkMethod.java:47)
	at org.junit.internal.runners.model.ReflectiveCallable.run(ReflectiveCallable.java:12)
	at org.junit.runners.model.FrameworkMethod.invokeExplosively(FrameworkMethod.java:44)
	at org.junit.internal.runners.statements.InvokeMethod.evaluate(InvokeMethod.java:17)
	at org.junit.internal.runners.statements.RunBefores.evaluate(RunBefores.java:26)
	at org.springframework.test.context.junit4.statements.RunBeforeTestMethodCallbacks.evaluate(RunBeforeTestMethodCallbacks.java:74)
	at org.junit.internal.runners.statements.RunAfters.evaluate(RunAfters.java:27)
	at org.springframework.test.context.junit4.statements.RunAfterTestMethodCallbacks.evaluate(RunAfterTestMethodCallbacks.java:83)
	at org.springframework.test.context.junit4.statements.SpringRepeat.evaluate(SpringRepeat.java:72)
	at org.springframework.test.context.junit4.SpringJUnit4ClassRunner.runChild(SpringJUnit4ClassRunner.java:233)
	at org.springframework.test.context.junit4.SpringJUnit4ClassRunner.runChild(SpringJUnit4ClassRunner.java:87)
	at org.junit.runners.ParentRunner$3.run(ParentRunner.java:238)
	at org.junit.runners.ParentRunner$1.schedule(ParentRunner.java:63)
	at org.junit.runners.ParentRunner.runChildren(ParentRunner.java:236)
	at org.junit.runners.ParentRunner.access$000(ParentRunner.java:53)
	at org.junit.runners.ParentRunner$2.evaluate(ParentRunner.java:229)
	at org.junit.internal.runners.statements.RunBefores.evaluate(RunBefores.java:26)
	at org.springframework.test.context.junit4.statements.RunBeforeTestClassCallbacks.evaluate(RunBeforeTestClassCallbacks.java:61)
	at org.springframework.test.context.junit4.statements.RunAfterTestClassCallbacks.evaluate(RunAfterTestClassCallbacks.java:71)
	at org.junit.runners.ParentRunner.run(ParentRunner.java:309)
	at org.springframework.test.context.junit4.SpringJUnit4ClassRunner.run(SpringJUnit4ClassRunner.java:176)
	at org.gradle.api.internal.tasks.testing.junit.JUnitTestClassExecuter.runTestClass(JUnitTestClassExecuter.java:86)
	at org.gradle.api.internal.tasks.testing.junit.JUnitTestClassExecuter.execute(JUnitTestClassExecuter.java:49)
	at org.gradle.api.internal.tasks.testing.junit.JUnitTestClassProcessor.processTestClass(JUnitTestClassProcessor.java:64)
	at org.gradle.api.internal.tasks.testing.SuiteTestClassProcessor.processTestClass(SuiteTestClassProcessor.java:50)
	at sun.reflect.NativeMethodAccessorImpl.invoke0(Native Method)
	at sun.reflect.NativeMethodAccessorImpl.invoke(NativeMethodAccessorImpl.java:57)
	at sun.reflect.DelegatingMethodAccessorImpl.invoke(DelegatingMethodAccessorImpl.java:43)
	at java.lang.reflect.Method.invoke(Method.java:606)
	at org.gradle.messaging.dispatch.ReflectionDispatch.dispatch(ReflectionDispatch.java:35)
	at org.gradle.messaging.dispatch.ReflectionDispatch.dispatch(ReflectionDispatch.java:24)
	at org.gradle.messaging.dispatch.ContextClassLoaderDispatch.dispatch(ContextClassLoaderDispatch.java:32)
	at org.gradle.messaging.dispatch.ProxyDispatchAdapter$DispatchingInvocationHandler.invoke(ProxyDispatchAdapter.java:93)
	at com.sun.proxy.$Proxy2.processTestClass(Unknown Source)
	at org.gradle.api.internal.tasks.testing.worker.TestWorker.processTestClass(TestWorker.java:106)
	at sun.reflect.NativeMethodAccessorImpl.invoke0(Native Method)
	at sun.reflect.NativeMethodAccessorImpl.invoke(NativeMethodAccessorImpl.java:57)
	at sun.reflect.DelegatingMethodAccessorImpl.invoke(DelegatingMethodAccessorImpl.java:43)
	at java.lang.reflect.Method.invoke(Method.java:606)
	at org.gradle.messaging.dispatch.ReflectionDispatch.dispatch(ReflectionDispatch.java:35)
	at org.gradle.messaging.dispatch.ReflectionDispatch.dispatch(ReflectionDispatch.java:24)
	at org.gradle.messaging.remote.internal.hub.MessageHub$Handler.run(MessageHub.java:360)
	at org.gradle.internal.concurrent.DefaultExecutorFactory$StoppableExecutorImpl$1.run(DefaultExecutorFactory.java:64)
	at java.util.concurrent.ThreadPoolExecutor.runWorker(ThreadPoolExecutor.java:1145)
	at java.util.concurrent.ThreadPoolExecutor$Worker.run(ThreadPoolExecutor.java:615)
	at java.lang.Thread.run(Thread.java:745)
Question.question may not be null
java.lang.SecurityException: Question.question may not be null
	at com.athena.server.pluggable.utils.helper.EntityValidatorHelper.validateEntity(EntityValidatorHelper.java:37)
	at com.app.shared.appbasicsetup.usermanagement.Question.isValid(Question.java:193)
	at com.app.server.service.appbasicsetup.usermanagement.QuestionTestCase.validateQuestion(QuestionTestCase.java:210)
	at com.app.server.service.appbasicsetup.usermanagement.QuestionTestCase.test5NegativeTesting(QuestionTestCase.java:256)
	at sun.reflect.NativeMethodAccessorImpl.invoke0(Native Method)
	at sun.reflect.NativeMethodAccessorImpl.invoke(NativeMethodAccessorImpl.java:57)
	at sun.reflect.DelegatingMethodAccessorImpl.invoke(DelegatingMethodAccessorImpl.java:43)
	at java.lang.reflect.Method.invoke(Method.java:606)
	at org.junit.runners.model.FrameworkMethod$1.runReflectiveCall(FrameworkMethod.java:47)
	at org.junit.internal.runners.model.ReflectiveCallable.run(ReflectiveCallable.java:12)
	at org.junit.runners.model.FrameworkMethod.invokeExplosively(FrameworkMethod.java:44)
	at org.junit.internal.runners.statements.InvokeMethod.evaluate(InvokeMethod.java:17)
	at org.junit.internal.runners.statements.RunBefores.evaluate(RunBefores.java:26)
	at org.springframework.test.context.junit4.statements.RunBeforeTestMethodCallbacks.evaluate(RunBeforeTestMethodCallbacks.java:74)
	at org.junit.internal.runners.statements.RunAfters.evaluate(RunAfters.java:27)
	at org.springframework.test.context.junit4.statements.RunAfterTestMethodCallbacks.evaluate(RunAfterTestMethodCallbacks.java:83)
	at org.springframework.test.context.junit4.statements.SpringRepeat.evaluate(SpringRepeat.java:72)
	at org.springframework.test.context.junit4.SpringJUnit4ClassRunner.runChild(SpringJUnit4ClassRunner.java:233)
	at org.springframework.test.context.junit4.SpringJUnit4ClassRunner.runChild(SpringJUnit4ClassRunner.java:87)
	at org.junit.runners.ParentRunner$3.run(ParentRunner.java:238)
	at org.junit.runners.ParentRunner$1.schedule(ParentRunner.java:63)
	at org.junit.runners.ParentRunner.runChildren(ParentRunner.java:236)
	at org.junit.runners.ParentRunner.access$000(ParentRunner.java:53)
	at org.junit.runners.ParentRunner$2.evaluate(ParentRunner.java:229)
	at org.junit.internal.runners.statements.RunBefores.evaluate(RunBefores.java:26)
	at org.springframework.test.context.junit4.statements.RunBeforeTestClassCallbacks.evaluate(RunBeforeTestClassCallbacks.java:61)
	at org.springframework.test.context.junit4.statements.RunAfterTestClassCallbacks.evaluate(RunAfterTestClassCallbacks.java:71)
	at org.junit.runners.ParentRunner.run(ParentRunner.java:309)
	at org.springframework.test.context.junit4.SpringJUnit4ClassRunner.run(SpringJUnit4ClassRunner.java:176)
	at org.gradle.api.internal.tasks.testing.junit.JUnitTestClassExecuter.runTestClass(JUnitTestClassExecuter.java:86)
	at org.gradle.api.internal.tasks.testing.junit.JUnitTestClassExecuter.execute(JUnitTestClassExecuter.java:49)
	at org.gradle.api.internal.tasks.testing.junit.JUnitTestClassProcessor.processTestClass(JUnitTestClassProcessor.java:64)
	at org.gradle.api.internal.tasks.testing.SuiteTestClassProcessor.processTestClass(SuiteTestClassProcessor.java:50)
	at sun.reflect.NativeMethodAccessorImpl.invoke0(Native Method)
	at sun.reflect.NativeMethodAccessorImpl.invoke(NativeMethodAccessorImpl.java:57)
	at sun.reflect.DelegatingMethodAccessorImpl.invoke(DelegatingMethodAccessorImpl.java:43)
	at java.lang.reflect.Method.invoke(Method.java:606)
	at org.gradle.messaging.dispatch.ReflectionDispatch.dispatch(ReflectionDispatch.java:35)
	at org.gradle.messaging.dispatch.ReflectionDispatch.dispatch(ReflectionDispatch.java:24)
	at org.gradle.messaging.dispatch.ContextClassLoaderDispatch.dispatch(ContextClassLoaderDispatch.java:32)
	at org.gradle.messaging.dispatch.ProxyDispatchAdapter$DispatchingInvocationHandler.invoke(ProxyDispatchAdapter.java:93)
	at com.sun.proxy.$Proxy2.processTestClass(Unknown Source)
	at org.gradle.api.internal.tasks.testing.worker.TestWorker.processTestClass(TestWorker.java:106)
	at sun.reflect.NativeMethodAccessorImpl.invoke0(Native Method)
	at sun.reflect.NativeMethodAccessorImpl.invoke(NativeMethodAccessorImpl.java:57)
	at sun.reflect.DelegatingMethodAccessorImpl.invoke(DelegatingMethodAccessorImpl.java:43)
	at java.lang.reflect.Method.invoke(Method.java:606)
	at org.gradle.messaging.dispatch.ReflectionDispatch.dispatch(ReflectionDispatch.java:35)
	at org.gradle.messaging.dispatch.ReflectionDispatch.dispatch(ReflectionDispatch.java:24)
	at org.gradle.messaging.remote.internal.hub.MessageHub$Handler.run(MessageHub.java:360)
	at org.gradle.internal.concurrent.DefaultExecutorFactory$StoppableExecutorImpl$1.run(DefaultExecutorFactory.java:64)
	at java.util.concurrent.ThreadPoolExecutor.runWorker(ThreadPoolExecutor.java:1145)
	at java.util.concurrent.ThreadPoolExecutor$Worker.run(ThreadPoolExecutor.java:615)
	at java.lang.Thread.run(Thread.java:745)
Question.question size must be between 0 and 256
java.lang.SecurityException: Question.question size must be between 0 and 256
	at com.athena.server.pluggable.utils.helper.EntityValidatorHelper.validateEntity(EntityValidatorHelper.java:37)
	at com.app.shared.appbasicsetup.usermanagement.Question.isValid(Question.java:193)
	at com.app.server.service.appbasicsetup.usermanagement.QuestionTestCase.validateQuestion(QuestionTestCase.java:208)
	at com.app.server.service.appbasicsetup.usermanagement.QuestionTestCase.test5NegativeTesting(QuestionTestCase.java:261)
	at sun.reflect.NativeMethodAccessorImpl.invoke0(Native Method)
	at sun.reflect.NativeMethodAccessorImpl.invoke(NativeMethodAccessorImpl.java:57)
	at sun.reflect.DelegatingMethodAccessorImpl.invoke(DelegatingMethodAccessorImpl.java:43)
	at java.lang.reflect.Method.invoke(Method.java:606)
	at org.junit.runners.model.FrameworkMethod$1.runReflectiveCall(FrameworkMethod.java:47)
	at org.junit.internal.runners.model.ReflectiveCallable.run(ReflectiveCallable.java:12)
	at org.junit.runners.model.FrameworkMethod.invokeExplosively(FrameworkMethod.java:44)
	at org.junit.internal.runners.statements.InvokeMethod.evaluate(InvokeMethod.java:17)
	at org.junit.internal.runners.statements.RunBefores.evaluate(RunBefores.java:26)
	at org.springframework.test.context.junit4.statements.RunBeforeTestMethodCallbacks.evaluate(RunBeforeTestMethodCallbacks.java:74)
	at org.junit.internal.runners.statements.RunAfters.evaluate(RunAfters.java:27)
	at org.springframework.test.context.junit4.statements.RunAfterTestMethodCallbacks.evaluate(RunAfterTestMethodCallbacks.java:83)
	at org.springframework.test.context.junit4.statements.SpringRepeat.evaluate(SpringRepeat.java:72)
	at org.springframework.test.context.junit4.SpringJUnit4ClassRunner.runChild(SpringJUnit4ClassRunner.java:233)
	at org.springframework.test.context.junit4.SpringJUnit4ClassRunner.runChild(SpringJUnit4ClassRunner.java:87)
	at org.junit.runners.ParentRunner$3.run(ParentRunner.java:238)
	at org.junit.runners.ParentRunner$1.schedule(ParentRunner.java:63)
	at org.junit.runners.ParentRunner.runChildren(ParentRunner.java:236)
	at org.junit.runners.ParentRunner.access$000(ParentRunner.java:53)
	at org.junit.runners.ParentRunner$2.evaluate(ParentRunner.java:229)
	at org.junit.internal.runners.statements.RunBefores.evaluate(RunBefores.java:26)
	at org.springframework.test.context.junit4.statements.RunBeforeTestClassCallbacks.evaluate(RunBeforeTestClassCallbacks.java:61)
	at org.springframework.test.context.junit4.statements.RunAfterTestClassCallbacks.evaluate(RunAfterTestClassCallbacks.java:71)
	at org.junit.runners.ParentRunner.run(ParentRunner.java:309)
	at org.springframework.test.context.junit4.SpringJUnit4ClassRunner.run(SpringJUnit4ClassRunner.java:176)
	at org.gradle.api.internal.tasks.testing.junit.JUnitTestClassExecuter.runTestClass(JUnitTestClassExecuter.java:86)
	at org.gradle.api.internal.tasks.testing.junit.JUnitTestClassExecuter.execute(JUnitTestClassExecuter.java:49)
	at org.gradle.api.internal.tasks.testing.junit.JUnitTestClassProcessor.processTestClass(JUnitTestClassProcessor.java:64)
	at org.gradle.api.internal.tasks.testing.SuiteTestClassProcessor.processTestClass(SuiteTestClassProcessor.java:50)
	at sun.reflect.NativeMethodAccessorImpl.invoke0(Native Method)
	at sun.reflect.NativeMethodAccessorImpl.invoke(NativeMethodAccessorImpl.java:57)
	at sun.reflect.DelegatingMethodAccessorImpl.invoke(DelegatingMethodAccessorImpl.java:43)
	at java.lang.reflect.Method.invoke(Method.java:606)
	at org.gradle.messaging.dispatch.ReflectionDispatch.dispatch(ReflectionDispatch.java:35)
	at org.gradle.messaging.dispatch.ReflectionDispatch.dispatch(ReflectionDispatch.java:24)
	at org.gradle.messaging.dispatch.ContextClassLoaderDispatch.dispatch(ContextClassLoaderDispatch.java:32)
	at org.gradle.messaging.dispatch.ProxyDispatchAdapter$DispatchingInvocationHandler.invoke(ProxyDispatchAdapter.java:93)
	at com.sun.proxy.$Proxy2.processTestClass(Unknown Source)
	at org.gradle.api.internal.tasks.testing.worker.TestWorker.processTestClass(TestWorker.java:106)
	at sun.reflect.NativeMethodAccessorImpl.invoke0(Native Method)
	at sun.reflect.NativeMethodAccessorImpl.invoke(NativeMethodAccessorImpl.java:57)
	at sun.reflect.DelegatingMethodAccessorImpl.invoke(DelegatingMethodAccessorImpl.java:43)
	at java.lang.reflect.Method.invoke(Method.java:606)
	at org.gradle.messaging.dispatch.ReflectionDispatch.dispatch(ReflectionDispatch.java:35)
	at org.gradle.messaging.dispatch.ReflectionDispatch.dispatch(ReflectionDispatch.java:24)
	at org.gradle.messaging.remote.internal.hub.MessageHub$Handler.run(MessageHub.java:360)
	at org.gradle.internal.concurrent.DefaultExecutorFactory$StoppableExecutorImpl$1.run(DefaultExecutorFactory.java:64)
	at java.util.concurrent.ThreadPoolExecutor.runWorker(ThreadPoolExecutor.java:1145)
	at java.util.concurrent.ThreadPoolExecutor$Worker.run(ThreadPoolExecutor.java:615)
	at java.lang.Thread.run(Thread.java:745)
Question.questionDetails size must be between 10 and 2147483647
java.lang.SecurityException: Question.questionDetails size must be between 10 and 2147483647
	at com.athena.server.pluggable.utils.helper.EntityValidatorHelper.validateEntity(EntityValidatorHelper.java:37)
	at com.app.shared.appbasicsetup.usermanagement.Question.isValid(Question.java:193)
	at com.app.server.service.appbasicsetup.usermanagement.QuestionTestCase.validateQuestion(QuestionTestCase.java:208)
	at com.app.server.service.appbasicsetup.usermanagement.QuestionTestCase.test5NegativeTesting(QuestionTestCase.java:266)
	at sun.reflect.NativeMethodAccessorImpl.invoke0(Native Method)
	at sun.reflect.NativeMethodAccessorImpl.invoke(NativeMethodAccessorImpl.java:57)
	at sun.reflect.DelegatingMethodAccessorImpl.invoke(DelegatingMethodAccessorImpl.java:43)
	at java.lang.reflect.Method.invoke(Method.java:606)
	at org.junit.runners.model.FrameworkMethod$1.runReflectiveCall(FrameworkMethod.java:47)
	at org.junit.internal.runners.model.ReflectiveCallable.run(ReflectiveCallable.java:12)
	at org.junit.runners.model.FrameworkMethod.invokeExplosively(FrameworkMethod.java:44)
	at org.junit.internal.runners.statements.InvokeMethod.evaluate(InvokeMethod.java:17)
	at org.junit.internal.runners.statements.RunBefores.evaluate(RunBefores.java:26)
	at org.springframework.test.context.junit4.statements.RunBeforeTestMethodCallbacks.evaluate(RunBeforeTestMethodCallbacks.java:74)
	at org.junit.internal.runners.statements.RunAfters.evaluate(RunAfters.java:27)
	at org.springframework.test.context.junit4.statements.RunAfterTestMethodCallbacks.evaluate(RunAfterTestMethodCallbacks.java:83)
	at org.springframework.test.context.junit4.statements.SpringRepeat.evaluate(SpringRepeat.java:72)
	at org.springframework.test.context.junit4.SpringJUnit4ClassRunner.runChild(SpringJUnit4ClassRunner.java:233)
	at org.springframework.test.context.junit4.SpringJUnit4ClassRunner.runChild(SpringJUnit4ClassRunner.java:87)
	at org.junit.runners.ParentRunner$3.run(ParentRunner.java:238)
	at org.junit.runners.ParentRunner$1.schedule(ParentRunner.java:63)
	at org.junit.runners.ParentRunner.runChildren(ParentRunner.java:236)
	at org.junit.runners.ParentRunner.access$000(ParentRunner.java:53)
	at org.junit.runners.ParentRunner$2.evaluate(ParentRunner.java:229)
	at org.junit.internal.runners.statements.RunBefores.evaluate(RunBefores.java:26)
	at org.springframework.test.context.junit4.statements.RunBeforeTestClassCallbacks.evaluate(RunBeforeTestClassCallbacks.java:61)
	at org.springframework.test.context.junit4.statements.RunAfterTestClassCallbacks.evaluate(RunAfterTestClassCallbacks.java:71)
	at org.junit.runners.ParentRunner.run(ParentRunner.java:309)
	at org.springframework.test.context.junit4.SpringJUnit4ClassRunner.run(SpringJUnit4ClassRunner.java:176)
	at org.gradle.api.internal.tasks.testing.junit.JUnitTestClassExecuter.runTestClass(JUnitTestClassExecuter.java:86)
	at org.gradle.api.internal.tasks.testing.junit.JUnitTestClassExecuter.execute(JUnitTestClassExecuter.java:49)
	at org.gradle.api.internal.tasks.testing.junit.JUnitTestClassProcessor.processTestClass(JUnitTestClassProcessor.java:64)
	at org.gradle.api.internal.tasks.testing.SuiteTestClassProcessor.processTestClass(SuiteTestClassProcessor.java:50)
	at sun.reflect.NativeMethodAccessorImpl.invoke0(Native Method)
	at sun.reflect.NativeMethodAccessorImpl.invoke(NativeMethodAccessorImpl.java:57)
	at sun.reflect.DelegatingMethodAccessorImpl.invoke(DelegatingMethodAccessorImpl.java:43)
	at java.lang.reflect.Method.invoke(Method.java:606)
	at org.gradle.messaging.dispatch.ReflectionDispatch.dispatch(ReflectionDispatch.java:35)
	at org.gradle.messaging.dispatch.ReflectionDispatch.dispatch(ReflectionDispatch.java:24)
	at org.gradle.messaging.dispatch.ContextClassLoaderDispatch.dispatch(ContextClassLoaderDispatch.java:32)
	at org.gradle.messaging.dispatch.ProxyDispatchAdapter$DispatchingInvocationHandler.invoke(ProxyDispatchAdapter.java:93)
	at com.sun.proxy.$Proxy2.processTestClass(Unknown Source)
	at org.gradle.api.internal.tasks.testing.worker.TestWorker.processTestClass(TestWorker.java:106)
	at sun.reflect.NativeMethodAccessorImpl.invoke0(Native Method)
	at sun.reflect.NativeMethodAccessorImpl.invoke(NativeMethodAccessorImpl.java:57)
	at sun.reflect.DelegatingMethodAccessorImpl.invoke(DelegatingMethodAccessorImpl.java:43)
	at java.lang.reflect.Method.invoke(Method.java:606)
	at org.gradle.messaging.dispatch.ReflectionDispatch.dispatch(ReflectionDispatch.java:35)
	at org.gradle.messaging.dispatch.ReflectionDispatch.dispatch(ReflectionDispatch.java:24)
	at org.gradle.messaging.remote.internal.hub.MessageHub$Handler.run(MessageHub.java:360)
	at org.gradle.internal.concurrent.DefaultExecutorFactory$StoppableExecutorImpl$1.run(DefaultExecutorFactory.java:64)
	at java.util.concurrent.ThreadPoolExecutor.runWorker(ThreadPoolExecutor.java:1145)
	at java.util.concurrent.ThreadPoolExecutor$Worker.run(ThreadPoolExecutor.java:615)
	at java.lang.Thread.run(Thread.java:745)
Question.questionIcon size must be between 0 and 64
java.lang.SecurityException: Question.questionIcon size must be between 0 and 64
	at com.athena.server.pluggable.utils.helper.EntityValidatorHelper.validateEntity(EntityValidatorHelper.java:37)
	at com.app.shared.appbasicsetup.usermanagement.Question.isValid(Question.java:193)
	at com.app.server.service.appbasicsetup.usermanagement.QuestionTestCase.validateQuestion(QuestionTestCase.java:208)
	at com.app.server.service.appbasicsetup.usermanagement.QuestionTestCase.test5NegativeTesting(QuestionTestCase.java:271)
	at sun.reflect.NativeMethodAccessorImpl.invoke0(Native Method)
	at sun.reflect.NativeMethodAccessorImpl.invoke(NativeMethodAccessorImpl.java:57)
	at sun.reflect.DelegatingMethodAccessorImpl.invoke(DelegatingMethodAccessorImpl.java:43)
	at java.lang.reflect.Method.invoke(Method.java:606)
	at org.junit.runners.model.FrameworkMethod$1.runReflectiveCall(FrameworkMethod.java:47)
	at org.junit.internal.runners.model.ReflectiveCallable.run(ReflectiveCallable.java:12)
	at org.junit.runners.model.FrameworkMethod.invokeExplosively(FrameworkMethod.java:44)
	at org.junit.internal.runners.statements.InvokeMethod.evaluate(InvokeMethod.java:17)
	at org.junit.internal.runners.statements.RunBefores.evaluate(RunBefores.java:26)
	at org.springframework.test.context.junit4.statements.RunBeforeTestMethodCallbacks.evaluate(RunBeforeTestMethodCallbacks.java:74)
	at org.junit.internal.runners.statements.RunAfters.evaluate(RunAfters.java:27)
	at org.springframework.test.context.junit4.statements.RunAfterTestMethodCallbacks.evaluate(RunAfterTestMethodCallbacks.java:83)
	at org.springframework.test.context.junit4.statements.SpringRepeat.evaluate(SpringRepeat.java:72)
	at org.springframework.test.context.junit4.SpringJUnit4ClassRunner.runChild(SpringJUnit4ClassRunner.java:233)
	at org.springframework.test.context.junit4.SpringJUnit4ClassRunner.runChild(SpringJUnit4ClassRunner.java:87)
	at org.junit.runners.ParentRunner$3.run(ParentRunner.java:238)
	at org.junit.runners.ParentRunner$1.schedule(ParentRunner.java:63)
	at org.junit.runners.ParentRunner.runChildren(ParentRunner.java:236)
	at org.junit.runners.ParentRunner.access$000(ParentRunner.java:53)
	at org.junit.runners.ParentRunner$2.evaluate(ParentRunner.java:229)
	at org.junit.internal.runners.statements.RunBefores.evaluate(RunBefores.java:26)
	at org.springframework.test.context.junit4.statements.RunBeforeTestClassCallbacks.evaluate(RunBeforeTestClassCallbacks.java:61)
	at org.springframework.test.context.junit4.statements.RunAfterTestClassCallbacks.evaluate(RunAfterTestClassCallbacks.java:71)
	at org.junit.runners.ParentRunner.run(ParentRunner.java:309)
	at org.springframework.test.context.junit4.SpringJUnit4ClassRunner.run(SpringJUnit4ClassRunner.java:176)
	at org.gradle.api.internal.tasks.testing.junit.JUnitTestClassExecuter.runTestClass(JUnitTestClassExecuter.java:86)
	at org.gradle.api.internal.tasks.testing.junit.JUnitTestClassExecuter.execute(JUnitTestClassExecuter.java:49)
	at org.gradle.api.internal.tasks.testing.junit.JUnitTestClassProcessor.processTestClass(JUnitTestClassProcessor.java:64)
	at org.gradle.api.internal.tasks.testing.SuiteTestClassProcessor.processTestClass(SuiteTestClassProcessor.java:50)
	at sun.reflect.NativeMethodAccessorImpl.invoke0(Native Method)
	at sun.reflect.NativeMethodAccessorImpl.invoke(NativeMethodAccessorImpl.java:57)
	at sun.reflect.DelegatingMethodAccessorImpl.invoke(DelegatingMethodAccessorImpl.java:43)
	at java.lang.reflect.Method.invoke(Method.java:606)
	at org.gradle.messaging.dispatch.ReflectionDispatch.dispatch(ReflectionDispatch.java:35)
	at org.gradle.messaging.dispatch.ReflectionDispatch.dispatch(ReflectionDispatch.java:24)
	at org.gradle.messaging.dispatch.ContextClassLoaderDispatch.dispatch(ContextClassLoaderDispatch.java:32)
	at org.gradle.messaging.dispatch.ProxyDispatchAdapter$DispatchingInvocationHandler.invoke(ProxyDispatchAdapter.java:93)
	at com.sun.proxy.$Proxy2.processTestClass(Unknown Source)
	at org.gradle.api.internal.tasks.testing.worker.TestWorker.processTestClass(TestWorker.java:106)
	at sun.reflect.NativeMethodAccessorImpl.invoke0(Native Method)
	at sun.reflect.NativeMethodAccessorImpl.invoke(NativeMethodAccessorImpl.java:57)
	at sun.reflect.DelegatingMethodAccessorImpl.invoke(DelegatingMethodAccessorImpl.java:43)
	at java.lang.reflect.Method.invoke(Method.java:606)
	at org.gradle.messaging.dispatch.ReflectionDispatch.dispatch(ReflectionDispatch.java:35)
	at org.gradle.messaging.dispatch.ReflectionDispatch.dispatch(ReflectionDispatch.java:24)
	at org.gradle.messaging.remote.internal.hub.MessageHub$Handler.run(MessageHub.java:360)
	at org.gradle.internal.concurrent.DefaultExecutorFactory$StoppableExecutorImpl$1.run(DefaultExecutorFactory.java:64)
	at java.util.concurrent.ThreadPoolExecutor.runWorker(ThreadPoolExecutor.java:1145)
	at java.util.concurrent.ThreadPoolExecutor$Worker.run(ThreadPoolExecutor.java:615)
	at java.lang.Thread.run(Thread.java:745)
]]></system-err>
</testsuite>
